<?xml version="1.0" encoding="UTF-8"?>
<robot generator="Robot 4.0.1 (Python 3.9.4 on win32)" generated="20210427 00:07:08.361" rpa="false" schemaversion="2">
<suite id="s1" name="invalid ClassCreated" source="C:\Users\111\Desktop\WebDemo-main\createClass_tests\invalid_ClassCreated.robot">
<kw name="Open Browser To Create Class Page" library="resource" type="SETUP">
<kw name="Open Browser" library="SeleniumLibrary">
<arg>${CREATE_CLASS URL}</arg>
<arg>${BROWSER}</arg>
<doc>Opens a new browser instance to the optional ``url``.</doc>
<msg timestamp="20210427 00:07:08.508" level="INFO">Opening browser 'Chrome' to base url 'http://localhost:7272/createClass.html'.</msg>
<status status="PASS" starttime="20210427 00:07:08.508" endtime="20210427 00:07:09.880"/>
</kw>
<kw name="Maximize Browser Window" library="SeleniumLibrary">
<doc>Maximizes current browser window.</doc>
<status status="PASS" starttime="20210427 00:07:09.880" endtime="20210427 00:07:09.996"/>
</kw>
<kw name="Set Selenium Speed" library="SeleniumLibrary">
<arg>${DELAY}</arg>
<doc>Sets the delay that is waited after each Selenium command.</doc>
<status status="PASS" starttime="20210427 00:07:09.996" endtime="20210427 00:07:09.996"/>
</kw>
<kw name="Create Class Page Should Be Open" library="resource">
<kw name="Title Should Be" library="SeleniumLibrary">
<arg>Create class</arg>
<doc>Verifies that the current page title equals ``title``.</doc>
<msg timestamp="20210427 00:07:09.999" level="INFO">Page title is 'Create class'.</msg>
<status status="PASS" starttime="20210427 00:07:09.996" endtime="20210427 00:07:09.999"/>
</kw>
<status status="PASS" starttime="20210427 00:07:09.996" endtime="20210427 00:07:09.999"/>
</kw>
<status status="PASS" starttime="20210427 00:07:08.508" endtime="20210427 00:07:09.999"/>
</kw>
<test id="s1-t1" name="Invalid diffVal">
<kw name="Go To Create Class Page" library="resource" type="SETUP">
<kw name="Go To" library="SeleniumLibrary">
<arg>${CREATE_CLASS URL}</arg>
<doc>Navigates the current browser window to the provided ``url``.</doc>
<msg timestamp="20210427 00:07:10.000" level="INFO">Opening url 'http://localhost:7272/createClass.html'</msg>
<status status="PASS" starttime="20210427 00:07:10.000" endtime="20210427 00:07:10.115"/>
</kw>
<kw name="Create Class Page Should Be Open" library="resource">
<kw name="Title Should Be" library="SeleniumLibrary">
<arg>Create class</arg>
<doc>Verifies that the current page title equals ``title``.</doc>
<msg timestamp="20210427 00:07:10.117" level="INFO">Page title is 'Create class'.</msg>
<status status="PASS" starttime="20210427 00:07:10.115" endtime="20210427 00:07:10.117"/>
</kw>
<status status="PASS" starttime="20210427 00:07:10.115" endtime="20210427 00:07:10.118"/>
</kw>
<status status="PASS" starttime="20210427 00:07:09.999" endtime="20210427 00:07:10.118"/>
</kw>
<kw name="Create Class With Invalid ClassInfo Should Fail">
<arg>${VALID ClassTitle}</arg>
<arg>${VALID DESC}</arg>
<arg>0</arg>
<arg>2</arg>
<kw name="Input Class Title" library="resource">
<arg>${classTitle}</arg>
<kw name="Input Text" library="SeleniumLibrary">
<arg>title_field</arg>
<arg>${classTitle}</arg>
<doc>Types the given ``text`` into the text field identified by ``locator``.</doc>
<msg timestamp="20210427 00:07:10.119" level="INFO">Typing text 'Yoga' into text field 'title_field'.</msg>
<status status="PASS" starttime="20210427 00:07:10.119" endtime="20210427 00:07:10.166"/>
</kw>
<status status="PASS" starttime="20210427 00:07:10.118" endtime="20210427 00:07:10.167"/>
</kw>
<kw name="Input Class DESC" library="resource">
<arg>${DESC}</arg>
<kw name="Input Text" library="SeleniumLibrary">
<arg>description_field</arg>
<arg>${DESC}</arg>
<doc>Types the given ``text`` into the text field identified by ``locator``.</doc>
<msg timestamp="20210427 00:07:10.167" level="INFO">Typing text 'Here is Yoga description' into text field 'description_field'.</msg>
<status status="PASS" starttime="20210427 00:07:10.167" endtime="20210427 00:07:10.234"/>
</kw>
<status status="PASS" starttime="20210427 00:07:10.167" endtime="20210427 00:07:10.234"/>
</kw>
<kw name="Choose Class Diffculty" library="resource">
<arg>${diffVal}</arg>
<kw name="Select From List By Value" library="SeleniumLibrary">
<arg>xpath://*[@id="difficulty_field"]</arg>
<arg>${value}</arg>
<doc>Selects options from selection list ``locator`` by ``values``.</doc>
<msg timestamp="20210427 00:07:10.235" level="INFO">Selecting options from selection list 'xpath://*[@id="difficulty_field"]' by value 0.</msg>
<status status="PASS" starttime="20210427 00:07:10.235" endtime="20210427 00:07:10.257"/>
</kw>
<status status="PASS" starttime="20210427 00:07:10.234" endtime="20210427 00:07:10.257"/>
</kw>
<kw name="Choose language" library="resource">
<arg>${langVal}</arg>
<kw name="Select From List By Value" library="SeleniumLibrary">
<arg>xpath://*[@id="language_field"]</arg>
<arg>${value}</arg>
<doc>Selects options from selection list ``locator`` by ``values``.</doc>
<msg timestamp="20210427 00:07:10.257" level="INFO">Selecting options from selection list 'xpath://*[@id="language_field"]' by value 2.</msg>
<status status="PASS" starttime="20210427 00:07:10.257" endtime="20210427 00:07:10.291"/>
</kw>
<status status="PASS" starttime="20210427 00:07:10.257" endtime="20210427 00:07:10.291"/>
</kw>
<kw name="Submit ClassInfo" library="resource">
<kw name="Click Button" library="SeleniumLibrary">
<arg>submit_button</arg>
<doc>Clicks the button identified by ``locator``.</doc>
<msg timestamp="20210427 00:07:10.291" level="INFO">Clicking button 'submit_button'.</msg>
<status status="PASS" starttime="20210427 00:07:10.291" endtime="20210427 00:07:10.442"/>
</kw>
<status status="PASS" starttime="20210427 00:07:10.291" endtime="20210427 00:07:10.442"/>
</kw>
<kw name="Class Creation Should Have Failed">
<kw name="Location Should Be" library="SeleniumLibrary">
<arg>${CREATE_CLASS_ERR URL}</arg>
<doc>Verifies that the current URL is exactly ``url``.</doc>
<msg timestamp="20210427 00:07:10.446" level="INFO">Current location is 'http://localhost:7272/classCreationError.html'.</msg>
<status status="PASS" starttime="20210427 00:07:10.442" endtime="20210427 00:07:10.446"/>
</kw>
<kw name="Title Should Be" library="SeleniumLibrary">
<arg>Error Page</arg>
<doc>Verifies that the current page title equals ``title``.</doc>
<msg timestamp="20210427 00:07:10.448" level="INFO">Page title is 'Error Page'.</msg>
<status status="PASS" starttime="20210427 00:07:10.446" endtime="20210427 00:07:10.448"/>
</kw>
<status status="PASS" starttime="20210427 00:07:10.442" endtime="20210427 00:07:10.448"/>
</kw>
<status status="PASS" starttime="20210427 00:07:10.118" endtime="20210427 00:07:10.448"/>
</kw>
<status status="PASS" starttime="20210427 00:07:09.999" endtime="20210427 00:07:10.448"/>
</test>
<test id="s1-t2" name="Invalid langVal">
<kw name="Go To Create Class Page" library="resource" type="SETUP">
<kw name="Go To" library="SeleniumLibrary">
<arg>${CREATE_CLASS URL}</arg>
<doc>Navigates the current browser window to the provided ``url``.</doc>
<msg timestamp="20210427 00:07:10.451" level="INFO">Opening url 'http://localhost:7272/createClass.html'</msg>
<status status="PASS" starttime="20210427 00:07:10.451" endtime="20210427 00:07:10.467"/>
</kw>
<kw name="Create Class Page Should Be Open" library="resource">
<kw name="Title Should Be" library="SeleniumLibrary">
<arg>Create class</arg>
<doc>Verifies that the current page title equals ``title``.</doc>
<msg timestamp="20210427 00:07:10.470" level="INFO">Page title is 'Create class'.</msg>
<status status="PASS" starttime="20210427 00:07:10.467" endtime="20210427 00:07:10.470"/>
</kw>
<status status="PASS" starttime="20210427 00:07:10.467" endtime="20210427 00:07:10.470"/>
</kw>
<status status="PASS" starttime="20210427 00:07:10.451" endtime="20210427 00:07:10.470"/>
</kw>
<kw name="Create Class With Invalid ClassInfo Should Fail">
<arg>${VALID ClassTitle}</arg>
<arg>${VALID DESC}</arg>
<arg>1</arg>
<arg>0</arg>
<kw name="Input Class Title" library="resource">
<arg>${classTitle}</arg>
<kw name="Input Text" library="SeleniumLibrary">
<arg>title_field</arg>
<arg>${classTitle}</arg>
<doc>Types the given ``text`` into the text field identified by ``locator``.</doc>
<msg timestamp="20210427 00:07:10.471" level="INFO">Typing text 'Yoga' into text field 'title_field'.</msg>
<status status="PASS" starttime="20210427 00:07:10.471" endtime="20210427 00:07:10.514"/>
</kw>
<status status="PASS" starttime="20210427 00:07:10.470" endtime="20210427 00:07:10.515"/>
</kw>
<kw name="Input Class DESC" library="resource">
<arg>${DESC}</arg>
<kw name="Input Text" library="SeleniumLibrary">
<arg>description_field</arg>
<arg>${DESC}</arg>
<doc>Types the given ``text`` into the text field identified by ``locator``.</doc>
<msg timestamp="20210427 00:07:10.515" level="INFO">Typing text 'Here is Yoga description' into text field 'description_field'.</msg>
<status status="PASS" starttime="20210427 00:07:10.515" endtime="20210427 00:07:10.578"/>
</kw>
<status status="PASS" starttime="20210427 00:07:10.515" endtime="20210427 00:07:10.578"/>
</kw>
<kw name="Choose Class Diffculty" library="resource">
<arg>${diffVal}</arg>
<kw name="Select From List By Value" library="SeleniumLibrary">
<arg>xpath://*[@id="difficulty_field"]</arg>
<arg>${value}</arg>
<doc>Selects options from selection list ``locator`` by ``values``.</doc>
<msg timestamp="20210427 00:07:10.579" level="INFO">Selecting options from selection list 'xpath://*[@id="difficulty_field"]' by value 1.</msg>
<status status="PASS" starttime="20210427 00:07:10.578" endtime="20210427 00:07:10.608"/>
</kw>
<status status="PASS" starttime="20210427 00:07:10.578" endtime="20210427 00:07:10.608"/>
</kw>
<kw name="Choose language" library="resource">
<arg>${langVal}</arg>
<kw name="Select From List By Value" library="SeleniumLibrary">
<arg>xpath://*[@id="language_field"]</arg>
<arg>${value}</arg>
<doc>Selects options from selection list ``locator`` by ``values``.</doc>
<msg timestamp="20210427 00:07:10.609" level="INFO">Selecting options from selection list 'xpath://*[@id="language_field"]' by value 0.</msg>
<status status="PASS" starttime="20210427 00:07:10.608" endtime="20210427 00:07:10.627"/>
</kw>
<status status="PASS" starttime="20210427 00:07:10.608" endtime="20210427 00:07:10.627"/>
</kw>
<kw name="Submit ClassInfo" library="resource">
<kw name="Click Button" library="SeleniumLibrary">
<arg>submit_button</arg>
<doc>Clicks the button identified by ``locator``.</doc>
<msg timestamp="20210427 00:07:10.627" level="INFO">Clicking button 'submit_button'.</msg>
<status status="PASS" starttime="20210427 00:07:10.627" endtime="20210427 00:07:10.658"/>
</kw>
<status status="PASS" starttime="20210427 00:07:10.627" endtime="20210427 00:07:10.658"/>
</kw>
<kw name="Class Creation Should Have Failed">
<kw name="Location Should Be" library="SeleniumLibrary">
<arg>${CREATE_CLASS_ERR URL}</arg>
<doc>Verifies that the current URL is exactly ``url``.</doc>
<msg timestamp="20210427 00:07:10.660" level="INFO">Current location is 'http://localhost:7272/classCreationError.html'.</msg>
<status status="PASS" starttime="20210427 00:07:10.659" endtime="20210427 00:07:10.661"/>
</kw>
<kw name="Title Should Be" library="SeleniumLibrary">
<arg>Error Page</arg>
<doc>Verifies that the current page title equals ``title``.</doc>
<msg timestamp="20210427 00:07:10.663" level="INFO">Page title is 'Error Page'.</msg>
<status status="PASS" starttime="20210427 00:07:10.661" endtime="20210427 00:07:10.663"/>
</kw>
<status status="PASS" starttime="20210427 00:07:10.659" endtime="20210427 00:07:10.663"/>
</kw>
<status status="PASS" starttime="20210427 00:07:10.470" endtime="20210427 00:07:10.663"/>
</kw>
<status status="PASS" starttime="20210427 00:07:10.450" endtime="20210427 00:07:10.663"/>
</test>
<test id="s1-t3" name="Invalid diffVal And langVal">
<kw name="Go To Create Class Page" library="resource" type="SETUP">
<kw name="Go To" library="SeleniumLibrary">
<arg>${CREATE_CLASS URL}</arg>
<doc>Navigates the current browser window to the provided ``url``.</doc>
<msg timestamp="20210427 00:07:10.665" level="INFO">Opening url 'http://localhost:7272/createClass.html'</msg>
<status status="PASS" starttime="20210427 00:07:10.665" endtime="20210427 00:07:10.675"/>
</kw>
<kw name="Create Class Page Should Be Open" library="resource">
<kw name="Title Should Be" library="SeleniumLibrary">
<arg>Create class</arg>
<doc>Verifies that the current page title equals ``title``.</doc>
<msg timestamp="20210427 00:07:10.677" level="INFO">Page title is 'Create class'.</msg>
<status status="PASS" starttime="20210427 00:07:10.675" endtime="20210427 00:07:10.677"/>
</kw>
<status status="PASS" starttime="20210427 00:07:10.675" endtime="20210427 00:07:10.677"/>
</kw>
<status status="PASS" starttime="20210427 00:07:10.664" endtime="20210427 00:07:10.677"/>
</kw>
<kw name="Create Class With Invalid ClassInfo Should Fail">
<arg>${VALID ClassTitle}</arg>
<arg>${VALID DESC}</arg>
<arg>0</arg>
<arg>0</arg>
<kw name="Input Class Title" library="resource">
<arg>${classTitle}</arg>
<kw name="Input Text" library="SeleniumLibrary">
<arg>title_field</arg>
<arg>${classTitle}</arg>
<doc>Types the given ``text`` into the text field identified by ``locator``.</doc>
<msg timestamp="20210427 00:07:10.678" level="INFO">Typing text 'Yoga' into text field 'title_field'.</msg>
<status status="PASS" starttime="20210427 00:07:10.678" endtime="20210427 00:07:10.720"/>
</kw>
<status status="PASS" starttime="20210427 00:07:10.678" endtime="20210427 00:07:10.720"/>
</kw>
<kw name="Input Class DESC" library="resource">
<arg>${DESC}</arg>
<kw name="Input Text" library="SeleniumLibrary">
<arg>description_field</arg>
<arg>${DESC}</arg>
<doc>Types the given ``text`` into the text field identified by ``locator``.</doc>
<msg timestamp="20210427 00:07:10.721" level="INFO">Typing text 'Here is Yoga description' into text field 'description_field'.</msg>
<status status="PASS" starttime="20210427 00:07:10.720" endtime="20210427 00:07:10.785"/>
</kw>
<status status="PASS" starttime="20210427 00:07:10.720" endtime="20210427 00:07:10.785"/>
</kw>
<kw name="Choose Class Diffculty" library="resource">
<arg>${diffVal}</arg>
<kw name="Select From List By Value" library="SeleniumLibrary">
<arg>xpath://*[@id="difficulty_field"]</arg>
<arg>${value}</arg>
<doc>Selects options from selection list ``locator`` by ``values``.</doc>
<msg timestamp="20210427 00:07:10.785" level="INFO">Selecting options from selection list 'xpath://*[@id="difficulty_field"]' by value 0.</msg>
<status status="PASS" starttime="20210427 00:07:10.785" endtime="20210427 00:07:10.803"/>
</kw>
<status status="PASS" starttime="20210427 00:07:10.785" endtime="20210427 00:07:10.804"/>
</kw>
<kw name="Choose language" library="resource">
<arg>${langVal}</arg>
<kw name="Select From List By Value" library="SeleniumLibrary">
<arg>xpath://*[@id="language_field"]</arg>
<arg>${value}</arg>
<doc>Selects options from selection list ``locator`` by ``values``.</doc>
<msg timestamp="20210427 00:07:10.804" level="INFO">Selecting options from selection list 'xpath://*[@id="language_field"]' by value 0.</msg>
<status status="PASS" starttime="20210427 00:07:10.804" endtime="20210427 00:07:10.822"/>
</kw>
<status status="PASS" starttime="20210427 00:07:10.804" endtime="20210427 00:07:10.822"/>
</kw>
<kw name="Submit ClassInfo" library="resource">
<kw name="Click Button" library="SeleniumLibrary">
<arg>submit_button</arg>
<doc>Clicks the button identified by ``locator``.</doc>
<msg timestamp="20210427 00:07:10.822" level="INFO">Clicking button 'submit_button'.</msg>
<status status="PASS" starttime="20210427 00:07:10.822" endtime="20210427 00:07:10.861"/>
</kw>
<status status="PASS" starttime="20210427 00:07:10.822" endtime="20210427 00:07:10.862"/>
</kw>
<kw name="Class Creation Should Have Failed">
<kw name="Location Should Be" library="SeleniumLibrary">
<arg>${CREATE_CLASS_ERR URL}</arg>
<doc>Verifies that the current URL is exactly ``url``.</doc>
<msg timestamp="20210427 00:07:10.864" level="INFO">Current location is 'http://localhost:7272/classCreationError.html'.</msg>
<status status="PASS" starttime="20210427 00:07:10.862" endtime="20210427 00:07:10.864"/>
</kw>
<kw name="Title Should Be" library="SeleniumLibrary">
<arg>Error Page</arg>
<doc>Verifies that the current page title equals ``title``.</doc>
<msg timestamp="20210427 00:07:10.866" level="INFO">Page title is 'Error Page'.</msg>
<status status="PASS" starttime="20210427 00:07:10.864" endtime="20210427 00:07:10.866"/>
</kw>
<status status="PASS" starttime="20210427 00:07:10.862" endtime="20210427 00:07:10.866"/>
</kw>
<status status="PASS" starttime="20210427 00:07:10.678" endtime="20210427 00:07:10.866"/>
</kw>
<status status="PASS" starttime="20210427 00:07:10.664" endtime="20210427 00:07:10.866"/>
</test>
<test id="s1-t4" name="Empty classTitle">
<kw name="Go To Create Class Page" library="resource" type="SETUP">
<kw name="Go To" library="SeleniumLibrary">
<arg>${CREATE_CLASS URL}</arg>
<doc>Navigates the current browser window to the provided ``url``.</doc>
<msg timestamp="20210427 00:07:10.869" level="INFO">Opening url 'http://localhost:7272/createClass.html'</msg>
<status status="PASS" starttime="20210427 00:07:10.868" endtime="20210427 00:07:10.879"/>
</kw>
<kw name="Create Class Page Should Be Open" library="resource">
<kw name="Title Should Be" library="SeleniumLibrary">
<arg>Create class</arg>
<doc>Verifies that the current page title equals ``title``.</doc>
<msg timestamp="20210427 00:07:10.882" level="INFO">Page title is 'Create class'.</msg>
<status status="PASS" starttime="20210427 00:07:10.880" endtime="20210427 00:07:10.882"/>
</kw>
<status status="PASS" starttime="20210427 00:07:10.879" endtime="20210427 00:07:10.882"/>
</kw>
<status status="PASS" starttime="20210427 00:07:10.868" endtime="20210427 00:07:10.882"/>
</kw>
<kw name="Create Class With Invalid ClassInfo Should Fail">
<arg>${EMPTY}</arg>
<arg>${VALID DESC}</arg>
<arg>3</arg>
<arg>1</arg>
<kw name="Input Class Title" library="resource">
<arg>${classTitle}</arg>
<kw name="Input Text" library="SeleniumLibrary">
<arg>title_field</arg>
<arg>${classTitle}</arg>
<doc>Types the given ``text`` into the text field identified by ``locator``.</doc>
<msg timestamp="20210427 00:07:10.883" level="INFO">Typing text '' into text field 'title_field'.</msg>
<status status="PASS" starttime="20210427 00:07:10.883" endtime="20210427 00:07:10.921"/>
</kw>
<status status="PASS" starttime="20210427 00:07:10.883" endtime="20210427 00:07:10.921"/>
</kw>
<kw name="Input Class DESC" library="resource">
<arg>${DESC}</arg>
<kw name="Input Text" library="SeleniumLibrary">
<arg>description_field</arg>
<arg>${DESC}</arg>
<doc>Types the given ``text`` into the text field identified by ``locator``.</doc>
<msg timestamp="20210427 00:07:10.921" level="INFO">Typing text 'Here is Yoga description' into text field 'description_field'.</msg>
<status status="PASS" starttime="20210427 00:07:10.921" endtime="20210427 00:07:10.985"/>
</kw>
<status status="PASS" starttime="20210427 00:07:10.921" endtime="20210427 00:07:10.985"/>
</kw>
<kw name="Choose Class Diffculty" library="resource">
<arg>${diffVal}</arg>
<kw name="Select From List By Value" library="SeleniumLibrary">
<arg>xpath://*[@id="difficulty_field"]</arg>
<arg>${value}</arg>
<doc>Selects options from selection list ``locator`` by ``values``.</doc>
<msg timestamp="20210427 00:07:10.986" level="INFO">Selecting options from selection list 'xpath://*[@id="difficulty_field"]' by value 3.</msg>
<status status="PASS" starttime="20210427 00:07:10.986" endtime="20210427 00:07:11.016"/>
</kw>
<status status="PASS" starttime="20210427 00:07:10.986" endtime="20210427 00:07:11.016"/>
</kw>
<kw name="Choose language" library="resource">
<arg>${langVal}</arg>
<kw name="Select From List By Value" library="SeleniumLibrary">
<arg>xpath://*[@id="language_field"]</arg>
<arg>${value}</arg>
<doc>Selects options from selection list ``locator`` by ``values``.</doc>
<msg timestamp="20210427 00:07:11.017" level="INFO">Selecting options from selection list 'xpath://*[@id="language_field"]' by value 1.</msg>
<status status="PASS" starttime="20210427 00:07:11.016" endtime="20210427 00:07:11.046"/>
</kw>
<status status="PASS" starttime="20210427 00:07:11.016" endtime="20210427 00:07:11.046"/>
</kw>
<kw name="Submit ClassInfo" library="resource">
<kw name="Click Button" library="SeleniumLibrary">
<arg>submit_button</arg>
<doc>Clicks the button identified by ``locator``.</doc>
<msg timestamp="20210427 00:07:11.046" level="INFO">Clicking button 'submit_button'.</msg>
<status status="PASS" starttime="20210427 00:07:11.046" endtime="20210427 00:07:11.084"/>
</kw>
<status status="PASS" starttime="20210427 00:07:11.046" endtime="20210427 00:07:11.084"/>
</kw>
<kw name="Class Creation Should Have Failed">
<kw name="Location Should Be" library="SeleniumLibrary">
<arg>${CREATE_CLASS_ERR URL}</arg>
<doc>Verifies that the current URL is exactly ``url``.</doc>
<msg timestamp="20210427 00:07:11.086" level="INFO">Current location is 'http://localhost:7272/classCreationError.html'.</msg>
<status status="PASS" starttime="20210427 00:07:11.084" endtime="20210427 00:07:11.086"/>
</kw>
<kw name="Title Should Be" library="SeleniumLibrary">
<arg>Error Page</arg>
<doc>Verifies that the current page title equals ``title``.</doc>
<msg timestamp="20210427 00:07:11.088" level="INFO">Page title is 'Error Page'.</msg>
<status status="PASS" starttime="20210427 00:07:11.086" endtime="20210427 00:07:11.088"/>
</kw>
<status status="PASS" starttime="20210427 00:07:11.084" endtime="20210427 00:07:11.088"/>
</kw>
<status status="PASS" starttime="20210427 00:07:10.882" endtime="20210427 00:07:11.088"/>
</kw>
<status status="PASS" starttime="20210427 00:07:10.867" endtime="20210427 00:07:11.088"/>
</test>
<test id="s1-t5" name="Empty DESC">
<kw name="Go To Create Class Page" library="resource" type="SETUP">
<kw name="Go To" library="SeleniumLibrary">
<arg>${CREATE_CLASS URL}</arg>
<doc>Navigates the current browser window to the provided ``url``.</doc>
<msg timestamp="20210427 00:07:11.090" level="INFO">Opening url 'http://localhost:7272/createClass.html'</msg>
<status status="PASS" starttime="20210427 00:07:11.090" endtime="20210427 00:07:11.102"/>
</kw>
<kw name="Create Class Page Should Be Open" library="resource">
<kw name="Title Should Be" library="SeleniumLibrary">
<arg>Create class</arg>
<doc>Verifies that the current page title equals ``title``.</doc>
<msg timestamp="20210427 00:07:11.105" level="INFO">Page title is 'Create class'.</msg>
<status status="PASS" starttime="20210427 00:07:11.103" endtime="20210427 00:07:11.105"/>
</kw>
<status status="PASS" starttime="20210427 00:07:11.102" endtime="20210427 00:07:11.105"/>
</kw>
<status status="PASS" starttime="20210427 00:07:11.090" endtime="20210427 00:07:11.105"/>
</kw>
<kw name="Create Class With Invalid ClassInfo Should Fail">
<arg>${VALID ClassTitle}</arg>
<arg>${EMPTY}</arg>
<arg>2</arg>
<arg>3</arg>
<kw name="Input Class Title" library="resource">
<arg>${classTitle}</arg>
<kw name="Input Text" library="SeleniumLibrary">
<arg>title_field</arg>
<arg>${classTitle}</arg>
<doc>Types the given ``text`` into the text field identified by ``locator``.</doc>
<msg timestamp="20210427 00:07:11.106" level="INFO">Typing text 'Yoga' into text field 'title_field'.</msg>
<status status="PASS" starttime="20210427 00:07:11.106" endtime="20210427 00:07:11.148"/>
</kw>
<status status="PASS" starttime="20210427 00:07:11.106" endtime="20210427 00:07:11.149"/>
</kw>
<kw name="Input Class DESC" library="resource">
<arg>${DESC}</arg>
<kw name="Input Text" library="SeleniumLibrary">
<arg>description_field</arg>
<arg>${DESC}</arg>
<doc>Types the given ``text`` into the text field identified by ``locator``.</doc>
<msg timestamp="20210427 00:07:11.149" level="INFO">Typing text '' into text field 'description_field'.</msg>
<status status="PASS" starttime="20210427 00:07:11.149" endtime="20210427 00:07:11.185"/>
</kw>
<status status="PASS" starttime="20210427 00:07:11.149" endtime="20210427 00:07:11.185"/>
</kw>
<kw name="Choose Class Diffculty" library="resource">
<arg>${diffVal}</arg>
<kw name="Select From List By Value" library="SeleniumLibrary">
<arg>xpath://*[@id="difficulty_field"]</arg>
<arg>${value}</arg>
<doc>Selects options from selection list ``locator`` by ``values``.</doc>
<msg timestamp="20210427 00:07:11.185" level="INFO">Selecting options from selection list 'xpath://*[@id="difficulty_field"]' by value 2.</msg>
<status status="PASS" starttime="20210427 00:07:11.185" endtime="20210427 00:07:11.215"/>
</kw>
<status status="PASS" starttime="20210427 00:07:11.185" endtime="20210427 00:07:11.215"/>
</kw>
<kw name="Choose language" library="resource">
<arg>${langVal}</arg>
<kw name="Select From List By Value" library="SeleniumLibrary">
<arg>xpath://*[@id="language_field"]</arg>
<arg>${value}</arg>
<doc>Selects options from selection list ``locator`` by ``values``.</doc>
<msg timestamp="20210427 00:07:11.216" level="INFO">Selecting options from selection list 'xpath://*[@id="language_field"]' by value 3.</msg>
<status status="PASS" starttime="20210427 00:07:11.216" endtime="20210427 00:07:11.245"/>
</kw>
<status status="PASS" starttime="20210427 00:07:11.215" endtime="20210427 00:07:11.245"/>
</kw>
<kw name="Submit ClassInfo" library="resource">
<kw name="Click Button" library="SeleniumLibrary">
<arg>submit_button</arg>
<doc>Clicks the button identified by ``locator``.</doc>
<msg timestamp="20210427 00:07:11.246" level="INFO">Clicking button 'submit_button'.</msg>
<status status="PASS" starttime="20210427 00:07:11.246" endtime="20210427 00:07:11.277"/>
</kw>
<status status="PASS" starttime="20210427 00:07:11.245" endtime="20210427 00:07:11.277"/>
</kw>
<kw name="Class Creation Should Have Failed">
<kw name="Location Should Be" library="SeleniumLibrary">
<arg>${CREATE_CLASS_ERR URL}</arg>
<doc>Verifies that the current URL is exactly ``url``.</doc>
<msg timestamp="20210427 00:07:11.279" level="INFO">Current location is 'http://localhost:7272/classCreationError.html'.</msg>
<status status="PASS" starttime="20210427 00:07:11.277" endtime="20210427 00:07:11.279"/>
</kw>
<kw name="Title Should Be" library="SeleniumLibrary">
<arg>Error Page</arg>
<doc>Verifies that the current page title equals ``title``.</doc>
<msg timestamp="20210427 00:07:11.280" level="INFO">Page title is 'Error Page'.</msg>
<status status="PASS" starttime="20210427 00:07:11.279" endtime="20210427 00:07:11.280"/>
</kw>
<status status="PASS" starttime="20210427 00:07:11.277" endtime="20210427 00:07:11.281"/>
</kw>
<status status="PASS" starttime="20210427 00:07:11.105" endtime="20210427 00:07:11.281"/>
</kw>
<status status="PASS" starttime="20210427 00:07:11.090" endtime="20210427 00:07:11.281"/>
</test>
<test id="s1-t6" name="Empty classTitle And DESC">
<kw name="Go To Create Class Page" library="resource" type="SETUP">
<kw name="Go To" library="SeleniumLibrary">
<arg>${CREATE_CLASS URL}</arg>
<doc>Navigates the current browser window to the provided ``url``.</doc>
<msg timestamp="20210427 00:07:11.283" level="INFO">Opening url 'http://localhost:7272/createClass.html'</msg>
<status status="PASS" starttime="20210427 00:07:11.282" endtime="20210427 00:07:11.298"/>
</kw>
<kw name="Create Class Page Should Be Open" library="resource">
<kw name="Title Should Be" library="SeleniumLibrary">
<arg>Create class</arg>
<doc>Verifies that the current page title equals ``title``.</doc>
<msg timestamp="20210427 00:07:11.300" level="INFO">Page title is 'Create class'.</msg>
<status status="PASS" starttime="20210427 00:07:11.298" endtime="20210427 00:07:11.300"/>
</kw>
<status status="PASS" starttime="20210427 00:07:11.298" endtime="20210427 00:07:11.300"/>
</kw>
<status status="PASS" starttime="20210427 00:07:11.282" endtime="20210427 00:07:11.300"/>
</kw>
<kw name="Create Class With Invalid ClassInfo Should Fail">
<arg>${EMPTY}</arg>
<arg>${EMPTY}</arg>
<arg>2</arg>
<arg>2</arg>
<kw name="Input Class Title" library="resource">
<arg>${classTitle}</arg>
<kw name="Input Text" library="SeleniumLibrary">
<arg>title_field</arg>
<arg>${classTitle}</arg>
<doc>Types the given ``text`` into the text field identified by ``locator``.</doc>
<msg timestamp="20210427 00:07:11.302" level="INFO">Typing text '' into text field 'title_field'.</msg>
<status status="PASS" starttime="20210427 00:07:11.302" endtime="20210427 00:07:11.339"/>
</kw>
<status status="PASS" starttime="20210427 00:07:11.301" endtime="20210427 00:07:11.339"/>
</kw>
<kw name="Input Class DESC" library="resource">
<arg>${DESC}</arg>
<kw name="Input Text" library="SeleniumLibrary">
<arg>description_field</arg>
<arg>${DESC}</arg>
<doc>Types the given ``text`` into the text field identified by ``locator``.</doc>
<msg timestamp="20210427 00:07:11.339" level="INFO">Typing text '' into text field 'description_field'.</msg>
<status status="PASS" starttime="20210427 00:07:11.339" endtime="20210427 00:07:11.373"/>
</kw>
<status status="PASS" starttime="20210427 00:07:11.339" endtime="20210427 00:07:11.373"/>
</kw>
<kw name="Choose Class Diffculty" library="resource">
<arg>${diffVal}</arg>
<kw name="Select From List By Value" library="SeleniumLibrary">
<arg>xpath://*[@id="difficulty_field"]</arg>
<arg>${value}</arg>
<doc>Selects options from selection list ``locator`` by ``values``.</doc>
<msg timestamp="20210427 00:07:11.374" level="INFO">Selecting options from selection list 'xpath://*[@id="difficulty_field"]' by value 2.</msg>
<status status="PASS" starttime="20210427 00:07:11.374" endtime="20210427 00:07:11.403"/>
</kw>
<status status="PASS" starttime="20210427 00:07:11.373" endtime="20210427 00:07:11.404"/>
</kw>
<kw name="Choose language" library="resource">
<arg>${langVal}</arg>
<kw name="Select From List By Value" library="SeleniumLibrary">
<arg>xpath://*[@id="language_field"]</arg>
<arg>${value}</arg>
<doc>Selects options from selection list ``locator`` by ``values``.</doc>
<msg timestamp="20210427 00:07:11.404" level="INFO">Selecting options from selection list 'xpath://*[@id="language_field"]' by value 2.</msg>
<status status="PASS" starttime="20210427 00:07:11.404" endtime="20210427 00:07:11.433"/>
</kw>
<status status="PASS" starttime="20210427 00:07:11.404" endtime="20210427 00:07:11.433"/>
</kw>
<kw name="Submit ClassInfo" library="resource">
<kw name="Click Button" library="SeleniumLibrary">
<arg>submit_button</arg>
<doc>Clicks the button identified by ``locator``.</doc>
<msg timestamp="20210427 00:07:11.434" level="INFO">Clicking button 'submit_button'.</msg>
<status status="PASS" starttime="20210427 00:07:11.434" endtime="20210427 00:07:11.473"/>
</kw>
<status status="PASS" starttime="20210427 00:07:11.433" endtime="20210427 00:07:11.473"/>
</kw>
<kw name="Class Creation Should Have Failed">
<kw name="Location Should Be" library="SeleniumLibrary">
<arg>${CREATE_CLASS_ERR URL}</arg>
<doc>Verifies that the current URL is exactly ``url``.</doc>
<msg timestamp="20210427 00:07:11.475" level="INFO">Current location is 'http://localhost:7272/classCreationError.html'.</msg>
<status status="PASS" starttime="20210427 00:07:11.474" endtime="20210427 00:07:11.476"/>
</kw>
<kw name="Title Should Be" library="SeleniumLibrary">
<arg>Error Page</arg>
<doc>Verifies that the current page title equals ``title``.</doc>
<msg timestamp="20210427 00:07:11.477" level="INFO">Page title is 'Error Page'.</msg>
<status status="PASS" starttime="20210427 00:07:11.476" endtime="20210427 00:07:11.477"/>
</kw>
<status status="PASS" starttime="20210427 00:07:11.473" endtime="20210427 00:07:11.477"/>
</kw>
<status status="PASS" starttime="20210427 00:07:11.300" endtime="20210427 00:07:11.477"/>
</kw>
<status status="PASS" starttime="20210427 00:07:11.282" endtime="20210427 00:07:11.478"/>
</test>
<test id="s1-t7" name="Empty classTitle And DESC And Invalid diffVal And langVal">
<kw name="Go To Create Class Page" library="resource" type="SETUP">
<kw name="Go To" library="SeleniumLibrary">
<arg>${CREATE_CLASS URL}</arg>
<doc>Navigates the current browser window to the provided ``url``.</doc>
<msg timestamp="20210427 00:07:11.480" level="INFO">Opening url 'http://localhost:7272/createClass.html'</msg>
<status status="PASS" starttime="20210427 00:07:11.480" endtime="20210427 00:07:11.499"/>
</kw>
<kw name="Create Class Page Should Be Open" library="resource">
<kw name="Title Should Be" library="SeleniumLibrary">
<arg>Create class</arg>
<doc>Verifies that the current page title equals ``title``.</doc>
<msg timestamp="20210427 00:07:11.501" level="INFO">Page title is 'Create class'.</msg>
<status status="PASS" starttime="20210427 00:07:11.500" endtime="20210427 00:07:11.501"/>
</kw>
<status status="PASS" starttime="20210427 00:07:11.499" endtime="20210427 00:07:11.501"/>
</kw>
<status status="PASS" starttime="20210427 00:07:11.479" endtime="20210427 00:07:11.502"/>
</kw>
<kw name="Create Class With Invalid ClassInfo Should Fail">
<arg>${EMPTY}</arg>
<arg>${EMPTY}</arg>
<arg>0</arg>
<arg>0</arg>
<kw name="Input Class Title" library="resource">
<arg>${classTitle}</arg>
<kw name="Input Text" library="SeleniumLibrary">
<arg>title_field</arg>
<arg>${classTitle}</arg>
<doc>Types the given ``text`` into the text field identified by ``locator``.</doc>
<msg timestamp="20210427 00:07:11.503" level="INFO">Typing text '' into text field 'title_field'.</msg>
<status status="PASS" starttime="20210427 00:07:11.503" endtime="20210427 00:07:11.539"/>
</kw>
<status status="PASS" starttime="20210427 00:07:11.503" endtime="20210427 00:07:11.539"/>
</kw>
<kw name="Input Class DESC" library="resource">
<arg>${DESC}</arg>
<kw name="Input Text" library="SeleniumLibrary">
<arg>description_field</arg>
<arg>${DESC}</arg>
<doc>Types the given ``text`` into the text field identified by ``locator``.</doc>
<msg timestamp="20210427 00:07:11.540" level="INFO">Typing text '' into text field 'description_field'.</msg>
<status status="PASS" starttime="20210427 00:07:11.540" endtime="20210427 00:07:11.574"/>
</kw>
<status status="PASS" starttime="20210427 00:07:11.539" endtime="20210427 00:07:11.575"/>
</kw>
<kw name="Choose Class Diffculty" library="resource">
<arg>${diffVal}</arg>
<kw name="Select From List By Value" library="SeleniumLibrary">
<arg>xpath://*[@id="difficulty_field"]</arg>
<arg>${value}</arg>
<doc>Selects options from selection list ``locator`` by ``values``.</doc>
<msg timestamp="20210427 00:07:11.575" level="INFO">Selecting options from selection list 'xpath://*[@id="difficulty_field"]' by value 0.</msg>
<status status="PASS" starttime="20210427 00:07:11.575" endtime="20210427 00:07:11.594"/>
</kw>
<status status="PASS" starttime="20210427 00:07:11.575" endtime="20210427 00:07:11.594"/>
</kw>
<kw name="Choose language" library="resource">
<arg>${langVal}</arg>
<kw name="Select From List By Value" library="SeleniumLibrary">
<arg>xpath://*[@id="language_field"]</arg>
<arg>${value}</arg>
<doc>Selects options from selection list ``locator`` by ``values``.</doc>
<msg timestamp="20210427 00:07:11.595" level="INFO">Selecting options from selection list 'xpath://*[@id="language_field"]' by value 0.</msg>
<status status="PASS" starttime="20210427 00:07:11.594" endtime="20210427 00:07:11.612"/>
</kw>
<status status="PASS" starttime="20210427 00:07:11.594" endtime="20210427 00:07:11.612"/>
</kw>
<kw name="Submit ClassInfo" library="resource">
<kw name="Click Button" library="SeleniumLibrary">
<arg>submit_button</arg>
<doc>Clicks the button identified by ``locator``.</doc>
<msg timestamp="20210427 00:07:11.613" level="INFO">Clicking button 'submit_button'.</msg>
<status status="PASS" starttime="20210427 00:07:11.613" endtime="20210427 00:07:11.652"/>
</kw>
<status status="PASS" starttime="20210427 00:07:11.613" endtime="20210427 00:07:11.653"/>
</kw>
<kw name="Class Creation Should Have Failed">
<kw name="Location Should Be" library="SeleniumLibrary">
<arg>${CREATE_CLASS_ERR URL}</arg>
<doc>Verifies that the current URL is exactly ``url``.</doc>
<msg timestamp="20210427 00:07:11.655" level="INFO">Current location is 'http://localhost:7272/classCreationError.html'.</msg>
<status status="PASS" starttime="20210427 00:07:11.653" endtime="20210427 00:07:11.655"/>
</kw>
<kw name="Title Should Be" library="SeleniumLibrary">
<arg>Error Page</arg>
<doc>Verifies that the current page title equals ``title``.</doc>
<msg timestamp="20210427 00:07:11.656" level="INFO">Page title is 'Error Page'.</msg>
<status status="PASS" starttime="20210427 00:07:11.655" endtime="20210427 00:07:11.656"/>
</kw>
<status status="PASS" starttime="20210427 00:07:11.653" endtime="20210427 00:07:11.656"/>
</kw>
<status status="PASS" starttime="20210427 00:07:11.502" endtime="20210427 00:07:11.657"/>
</kw>
<status status="PASS" starttime="20210427 00:07:11.479" endtime="20210427 00:07:11.657"/>
</test>
<kw name="Close Browser" library="SeleniumLibrary" type="TEARDOWN">
<doc>Closes the current browser.</doc>
<status status="PASS" starttime="20210427 00:07:11.658" endtime="20210427 00:07:13.745"/>
</kw>
<doc>A test suite containing tests related to invalid class creation.

These tests are data-driven by their nature. They use a single
keyword, specified with Test Template setting, that is called
with different arguments to cover different scenarios.

This suite also demonstrates using setups and teardowns in
different levels.</doc>
<status status="PASS" starttime="20210427 00:07:08.362" endtime="20210427 00:07:13.745"/>
</suite>
<statistics>
<total>
<stat pass="7" fail="0" skip="0">All Tests</stat>
</total>
<tag>
</tag>
<suite>
<stat pass="7" fail="0" skip="0" id="s1" name="invalid ClassCreated">invalid ClassCreated</stat>
</suite>
</statistics>
<errors>
</errors>
</robot>
