<?xml version="1.0" encoding="UTF-8"?>
<robot generator="Robot 4.0.1 (Python 3.9.4 on win32)" generated="20210513 15:32:11.114" rpa="false" schemaversion="2">
<suite id="s1" name="createClass tests" source="C:\Users\111\Desktop\WebDemo-main\createClass_tests">
<suite id="s1-s1" name="invalid ClassCreated" source="C:\Users\111\Desktop\WebDemo-main\createClass_tests\invalid_ClassCreated.robot">
<kw name="Open Browser To Create Class Page" library="resource" type="SETUP">
<kw name="Open Browser" library="SeleniumLibrary">
<arg>${CREATE_CLASS URL}</arg>
<arg>${BROWSER}</arg>
<doc>Opens a new browser instance to the optional ``url``.</doc>
<msg timestamp="20210513 15:32:11.261" level="INFO">Opening browser 'Chrome' to base url 'http://localhost:7272/createClass.html'.</msg>
<status status="PASS" starttime="20210513 15:32:11.260" endtime="20210513 15:32:12.610"/>
</kw>
<kw name="Maximize Browser Window" library="SeleniumLibrary">
<doc>Maximizes current browser window.</doc>
<status status="PASS" starttime="20210513 15:32:12.610" endtime="20210513 15:32:12.736"/>
</kw>
<kw name="Set Selenium Speed" library="SeleniumLibrary">
<arg>${DELAY}</arg>
<doc>Sets the delay that is waited after each Selenium command.</doc>
<status status="PASS" starttime="20210513 15:32:12.736" endtime="20210513 15:32:12.737"/>
</kw>
<kw name="Create Class Page Should Be Open" library="resource">
<kw name="Title Should Be" library="SeleniumLibrary">
<arg>Create class</arg>
<doc>Verifies that the current page title equals ``title``.</doc>
<msg timestamp="20210513 15:32:12.741" level="INFO">Page title is 'Create class'.</msg>
<status status="PASS" starttime="20210513 15:32:12.737" endtime="20210513 15:32:12.741"/>
</kw>
<status status="PASS" starttime="20210513 15:32:12.737" endtime="20210513 15:32:12.741"/>
</kw>
<status status="PASS" starttime="20210513 15:32:11.260" endtime="20210513 15:32:12.741"/>
</kw>
<test id="s1-s1-t1" name="classTitle Only">
<kw name="Go To Create Class Page" library="resource" type="SETUP">
<kw name="Go To" library="SeleniumLibrary">
<arg>${CREATE_CLASS URL}</arg>
<doc>Navigates the current browser window to the provided ``url``.</doc>
<msg timestamp="20210513 15:32:12.743" level="INFO">Opening url 'http://localhost:7272/createClass.html'</msg>
<status status="PASS" starttime="20210513 15:32:12.742" endtime="20210513 15:32:12.843"/>
</kw>
<kw name="Create Class Page Should Be Open" library="resource">
<kw name="Title Should Be" library="SeleniumLibrary">
<arg>Create class</arg>
<doc>Verifies that the current page title equals ``title``.</doc>
<msg timestamp="20210513 15:32:12.846" level="INFO">Page title is 'Create class'.</msg>
<status status="PASS" starttime="20210513 15:32:12.844" endtime="20210513 15:32:12.846"/>
</kw>
<status status="PASS" starttime="20210513 15:32:12.843" endtime="20210513 15:32:12.846"/>
</kw>
<status status="PASS" starttime="20210513 15:32:12.742" endtime="20210513 15:32:12.846"/>
</kw>
<kw name="Create Class With Invalid ClassInfo Should Fail">
<arg>${VALID ClassTitle}</arg>
<arg>${EMPTY}</arg>
<arg>0</arg>
<arg>0</arg>
<kw name="Input Class Title" library="resource">
<arg>${classTitle}</arg>
<kw name="Input Text" library="SeleniumLibrary">
<arg>title_field</arg>
<arg>${classTitle}</arg>
<doc>Types the given ``text`` into the text field identified by ``locator``.</doc>
<msg timestamp="20210513 15:32:12.848" level="INFO">Typing text 'Yoga' into text field 'title_field'.</msg>
<status status="PASS" starttime="20210513 15:32:12.847" endtime="20210513 15:32:12.906"/>
</kw>
<status status="PASS" starttime="20210513 15:32:12.847" endtime="20210513 15:32:12.906"/>
</kw>
<kw name="Input Class DESC" library="resource">
<arg>${DESC}</arg>
<kw name="Input Text" library="SeleniumLibrary">
<arg>description_field</arg>
<arg>${DESC}</arg>
<doc>Types the given ``text`` into the text field identified by ``locator``.</doc>
<msg timestamp="20210513 15:32:12.907" level="INFO">Typing text '' into text field 'description_field'.</msg>
<status status="PASS" starttime="20210513 15:32:12.906" endtime="20210513 15:32:12.947"/>
</kw>
<status status="PASS" starttime="20210513 15:32:12.906" endtime="20210513 15:32:12.947"/>
</kw>
<kw name="Choose Class Diffculty" library="resource">
<arg>${diffVal}</arg>
<kw name="Select From List By Value" library="SeleniumLibrary">
<arg>xpath://*[@id="difficulty_field"]</arg>
<arg>${value}</arg>
<doc>Selects options from selection list ``locator`` by ``values``.</doc>
<msg timestamp="20210513 15:32:12.948" level="INFO">Selecting options from selection list 'xpath://*[@id="difficulty_field"]' by value 0.</msg>
<status status="PASS" starttime="20210513 15:32:12.948" endtime="20210513 15:32:12.970"/>
</kw>
<status status="PASS" starttime="20210513 15:32:12.947" endtime="20210513 15:32:12.971"/>
</kw>
<kw name="Choose language" library="resource">
<arg>${langVal}</arg>
<kw name="Select From List By Value" library="SeleniumLibrary">
<arg>xpath://*[@id="language_field"]</arg>
<arg>${value}</arg>
<doc>Selects options from selection list ``locator`` by ``values``.</doc>
<msg timestamp="20210513 15:32:12.971" level="INFO">Selecting options from selection list 'xpath://*[@id="language_field"]' by value 0.</msg>
<status status="PASS" starttime="20210513 15:32:12.971" endtime="20210513 15:32:12.993"/>
</kw>
<status status="PASS" starttime="20210513 15:32:12.971" endtime="20210513 15:32:12.993"/>
</kw>
<kw name="Submit ClassInfo" library="resource">
<kw name="Click Button" library="SeleniumLibrary">
<arg>submit_button</arg>
<doc>Clicks the button identified by ``locator``.</doc>
<msg timestamp="20210513 15:32:12.993" level="INFO">Clicking button 'submit_button'.</msg>
<status status="PASS" starttime="20210513 15:32:12.993" endtime="20210513 15:32:13.082"/>
</kw>
<status status="PASS" starttime="20210513 15:32:12.993" endtime="20210513 15:32:13.083"/>
</kw>
<kw name="Class Creation Should Have Failed">
<kw name="CreateClassErr Page Should Be Open" library="resource">
<kw name="Location Should Be" library="SeleniumLibrary">
<arg>${CREATE_CLASS_ERR URL}</arg>
<doc>Verifies that the current URL is exactly ``url``.</doc>
<msg timestamp="20210513 15:32:13.086" level="INFO">Current location is 'http://localhost:7272/classCreationError.html'.</msg>
<status status="PASS" starttime="20210513 15:32:13.083" endtime="20210513 15:32:13.086"/>
</kw>
<kw name="Title Should Be" library="SeleniumLibrary">
<arg>Error Page</arg>
<doc>Verifies that the current page title equals ``title``.</doc>
<msg timestamp="20210513 15:32:13.088" level="INFO">Page title is 'Error Page'.</msg>
<status status="PASS" starttime="20210513 15:32:13.086" endtime="20210513 15:32:13.088"/>
</kw>
<status status="PASS" starttime="20210513 15:32:13.083" endtime="20210513 15:32:13.088"/>
</kw>
<status status="PASS" starttime="20210513 15:32:13.083" endtime="20210513 15:32:13.089"/>
</kw>
<status status="PASS" starttime="20210513 15:32:12.847" endtime="20210513 15:32:13.089"/>
</kw>
<status status="PASS" starttime="20210513 15:32:12.741" endtime="20210513 15:32:13.089"/>
</test>
<test id="s1-s1-t2" name="DESC only">
<kw name="Go To Create Class Page" library="resource" type="SETUP">
<kw name="Go To" library="SeleniumLibrary">
<arg>${CREATE_CLASS URL}</arg>
<doc>Navigates the current browser window to the provided ``url``.</doc>
<msg timestamp="20210513 15:32:13.091" level="INFO">Opening url 'http://localhost:7272/createClass.html'</msg>
<status status="PASS" starttime="20210513 15:32:13.091" endtime="20210513 15:32:13.107"/>
</kw>
<kw name="Create Class Page Should Be Open" library="resource">
<kw name="Title Should Be" library="SeleniumLibrary">
<arg>Create class</arg>
<doc>Verifies that the current page title equals ``title``.</doc>
<msg timestamp="20210513 15:32:13.109" level="INFO">Page title is 'Create class'.</msg>
<status status="PASS" starttime="20210513 15:32:13.107" endtime="20210513 15:32:13.109"/>
</kw>
<status status="PASS" starttime="20210513 15:32:13.107" endtime="20210513 15:32:13.109"/>
</kw>
<status status="PASS" starttime="20210513 15:32:13.091" endtime="20210513 15:32:13.109"/>
</kw>
<kw name="Create Class With Invalid ClassInfo Should Fail">
<arg>${EMPTY}</arg>
<arg>${VALID DESC}</arg>
<arg>0</arg>
<arg>0</arg>
<kw name="Input Class Title" library="resource">
<arg>${classTitle}</arg>
<kw name="Input Text" library="SeleniumLibrary">
<arg>title_field</arg>
<arg>${classTitle}</arg>
<doc>Types the given ``text`` into the text field identified by ``locator``.</doc>
<msg timestamp="20210513 15:32:13.110" level="INFO">Typing text '' into text field 'title_field'.</msg>
<status status="PASS" starttime="20210513 15:32:13.110" endtime="20210513 15:32:13.148"/>
</kw>
<status status="PASS" starttime="20210513 15:32:13.110" endtime="20210513 15:32:13.148"/>
</kw>
<kw name="Input Class DESC" library="resource">
<arg>${DESC}</arg>
<kw name="Input Text" library="SeleniumLibrary">
<arg>description_field</arg>
<arg>${DESC}</arg>
<doc>Types the given ``text`` into the text field identified by ``locator``.</doc>
<msg timestamp="20210513 15:32:13.149" level="INFO">Typing text 'Here is Yoga description' into text field 'description_field'.</msg>
<status status="PASS" starttime="20210513 15:32:13.149" endtime="20210513 15:32:13.219"/>
</kw>
<status status="PASS" starttime="20210513 15:32:13.149" endtime="20210513 15:32:13.219"/>
</kw>
<kw name="Choose Class Diffculty" library="resource">
<arg>${diffVal}</arg>
<kw name="Select From List By Value" library="SeleniumLibrary">
<arg>xpath://*[@id="difficulty_field"]</arg>
<arg>${value}</arg>
<doc>Selects options from selection list ``locator`` by ``values``.</doc>
<msg timestamp="20210513 15:32:13.220" level="INFO">Selecting options from selection list 'xpath://*[@id="difficulty_field"]' by value 0.</msg>
<status status="PASS" starttime="20210513 15:32:13.219" endtime="20210513 15:32:13.238"/>
</kw>
<status status="PASS" starttime="20210513 15:32:13.219" endtime="20210513 15:32:13.238"/>
</kw>
<kw name="Choose language" library="resource">
<arg>${langVal}</arg>
<kw name="Select From List By Value" library="SeleniumLibrary">
<arg>xpath://*[@id="language_field"]</arg>
<arg>${value}</arg>
<doc>Selects options from selection list ``locator`` by ``values``.</doc>
<msg timestamp="20210513 15:32:13.238" level="INFO">Selecting options from selection list 'xpath://*[@id="language_field"]' by value 0.</msg>
<status status="PASS" starttime="20210513 15:32:13.238" endtime="20210513 15:32:13.256"/>
</kw>
<status status="PASS" starttime="20210513 15:32:13.238" endtime="20210513 15:32:13.256"/>
</kw>
<kw name="Submit ClassInfo" library="resource">
<kw name="Click Button" library="SeleniumLibrary">
<arg>submit_button</arg>
<doc>Clicks the button identified by ``locator``.</doc>
<msg timestamp="20210513 15:32:13.257" level="INFO">Clicking button 'submit_button'.</msg>
<status status="PASS" starttime="20210513 15:32:13.257" endtime="20210513 15:32:13.291"/>
</kw>
<status status="PASS" starttime="20210513 15:32:13.256" endtime="20210513 15:32:13.292"/>
</kw>
<kw name="Class Creation Should Have Failed">
<kw name="CreateClassErr Page Should Be Open" library="resource">
<kw name="Location Should Be" library="SeleniumLibrary">
<arg>${CREATE_CLASS_ERR URL}</arg>
<doc>Verifies that the current URL is exactly ``url``.</doc>
<msg timestamp="20210513 15:32:13.294" level="INFO">Current location is 'http://localhost:7272/classCreationError.html'.</msg>
<status status="PASS" starttime="20210513 15:32:13.292" endtime="20210513 15:32:13.294"/>
</kw>
<kw name="Title Should Be" library="SeleniumLibrary">
<arg>Error Page</arg>
<doc>Verifies that the current page title equals ``title``.</doc>
<msg timestamp="20210513 15:32:13.296" level="INFO">Page title is 'Error Page'.</msg>
<status status="PASS" starttime="20210513 15:32:13.294" endtime="20210513 15:32:13.296"/>
</kw>
<status status="PASS" starttime="20210513 15:32:13.292" endtime="20210513 15:32:13.296"/>
</kw>
<status status="PASS" starttime="20210513 15:32:13.292" endtime="20210513 15:32:13.296"/>
</kw>
<status status="PASS" starttime="20210513 15:32:13.109" endtime="20210513 15:32:13.296"/>
</kw>
<status status="PASS" starttime="20210513 15:32:13.090" endtime="20210513 15:32:13.297"/>
</test>
<test id="s1-s1-t3" name="DiffVal only">
<kw name="Go To Create Class Page" library="resource" type="SETUP">
<kw name="Go To" library="SeleniumLibrary">
<arg>${CREATE_CLASS URL}</arg>
<doc>Navigates the current browser window to the provided ``url``.</doc>
<msg timestamp="20210513 15:32:13.298" level="INFO">Opening url 'http://localhost:7272/createClass.html'</msg>
<status status="PASS" starttime="20210513 15:32:13.298" endtime="20210513 15:32:13.309"/>
</kw>
<kw name="Create Class Page Should Be Open" library="resource">
<kw name="Title Should Be" library="SeleniumLibrary">
<arg>Create class</arg>
<doc>Verifies that the current page title equals ``title``.</doc>
<msg timestamp="20210513 15:32:13.311" level="INFO">Page title is 'Create class'.</msg>
<status status="PASS" starttime="20210513 15:32:13.309" endtime="20210513 15:32:13.311"/>
</kw>
<status status="PASS" starttime="20210513 15:32:13.309" endtime="20210513 15:32:13.311"/>
</kw>
<status status="PASS" starttime="20210513 15:32:13.298" endtime="20210513 15:32:13.312"/>
</kw>
<kw name="Create Class With Invalid ClassInfo Should Fail">
<arg>${EMPTY}</arg>
<arg>${EMPTY}</arg>
<arg>1</arg>
<arg>0</arg>
<kw name="Input Class Title" library="resource">
<arg>${classTitle}</arg>
<kw name="Input Text" library="SeleniumLibrary">
<arg>title_field</arg>
<arg>${classTitle}</arg>
<doc>Types the given ``text`` into the text field identified by ``locator``.</doc>
<msg timestamp="20210513 15:32:13.313" level="INFO">Typing text '' into text field 'title_field'.</msg>
<status status="PASS" starttime="20210513 15:32:13.313" endtime="20210513 15:32:13.353"/>
</kw>
<status status="PASS" starttime="20210513 15:32:13.313" endtime="20210513 15:32:13.353"/>
</kw>
<kw name="Input Class DESC" library="resource">
<arg>${DESC}</arg>
<kw name="Input Text" library="SeleniumLibrary">
<arg>description_field</arg>
<arg>${DESC}</arg>
<doc>Types the given ``text`` into the text field identified by ``locator``.</doc>
<msg timestamp="20210513 15:32:13.354" level="INFO">Typing text '' into text field 'description_field'.</msg>
<status status="PASS" starttime="20210513 15:32:13.354" endtime="20210513 15:32:13.394"/>
</kw>
<status status="PASS" starttime="20210513 15:32:13.353" endtime="20210513 15:32:13.395"/>
</kw>
<kw name="Choose Class Diffculty" library="resource">
<arg>${diffVal}</arg>
<kw name="Select From List By Value" library="SeleniumLibrary">
<arg>xpath://*[@id="difficulty_field"]</arg>
<arg>${value}</arg>
<doc>Selects options from selection list ``locator`` by ``values``.</doc>
<msg timestamp="20210513 15:32:13.395" level="INFO">Selecting options from selection list 'xpath://*[@id="difficulty_field"]' by value 1.</msg>
<status status="PASS" starttime="20210513 15:32:13.395" endtime="20210513 15:32:13.424"/>
</kw>
<status status="PASS" starttime="20210513 15:32:13.395" endtime="20210513 15:32:13.424"/>
</kw>
<kw name="Choose language" library="resource">
<arg>${langVal}</arg>
<kw name="Select From List By Value" library="SeleniumLibrary">
<arg>xpath://*[@id="language_field"]</arg>
<arg>${value}</arg>
<doc>Selects options from selection list ``locator`` by ``values``.</doc>
<msg timestamp="20210513 15:32:13.425" level="INFO">Selecting options from selection list 'xpath://*[@id="language_field"]' by value 0.</msg>
<status status="PASS" starttime="20210513 15:32:13.425" endtime="20210513 15:32:13.443"/>
</kw>
<status status="PASS" starttime="20210513 15:32:13.424" endtime="20210513 15:32:13.443"/>
</kw>
<kw name="Submit ClassInfo" library="resource">
<kw name="Click Button" library="SeleniumLibrary">
<arg>submit_button</arg>
<doc>Clicks the button identified by ``locator``.</doc>
<msg timestamp="20210513 15:32:13.443" level="INFO">Clicking button 'submit_button'.</msg>
<status status="PASS" starttime="20210513 15:32:13.443" endtime="20210513 15:32:13.481"/>
</kw>
<status status="PASS" starttime="20210513 15:32:13.443" endtime="20210513 15:32:13.481"/>
</kw>
<kw name="Class Creation Should Have Failed">
<kw name="CreateClassErr Page Should Be Open" library="resource">
<kw name="Location Should Be" library="SeleniumLibrary">
<arg>${CREATE_CLASS_ERR URL}</arg>
<doc>Verifies that the current URL is exactly ``url``.</doc>
<msg timestamp="20210513 15:32:13.484" level="INFO">Current location is 'http://localhost:7272/classCreationError.html'.</msg>
<status status="PASS" starttime="20210513 15:32:13.482" endtime="20210513 15:32:13.484"/>
</kw>
<kw name="Title Should Be" library="SeleniumLibrary">
<arg>Error Page</arg>
<doc>Verifies that the current page title equals ``title``.</doc>
<msg timestamp="20210513 15:32:13.485" level="INFO">Page title is 'Error Page'.</msg>
<status status="PASS" starttime="20210513 15:32:13.484" endtime="20210513 15:32:13.485"/>
</kw>
<status status="PASS" starttime="20210513 15:32:13.481" endtime="20210513 15:32:13.486"/>
</kw>
<status status="PASS" starttime="20210513 15:32:13.481" endtime="20210513 15:32:13.486"/>
</kw>
<status status="PASS" starttime="20210513 15:32:13.312" endtime="20210513 15:32:13.486"/>
</kw>
<status status="PASS" starttime="20210513 15:32:13.298" endtime="20210513 15:32:13.486"/>
</test>
<test id="s1-s1-t4" name="LangVal only">
<kw name="Go To Create Class Page" library="resource" type="SETUP">
<kw name="Go To" library="SeleniumLibrary">
<arg>${CREATE_CLASS URL}</arg>
<doc>Navigates the current browser window to the provided ``url``.</doc>
<msg timestamp="20210513 15:32:13.488" level="INFO">Opening url 'http://localhost:7272/createClass.html'</msg>
<status status="PASS" starttime="20210513 15:32:13.488" endtime="20210513 15:32:13.499"/>
</kw>
<kw name="Create Class Page Should Be Open" library="resource">
<kw name="Title Should Be" library="SeleniumLibrary">
<arg>Create class</arg>
<doc>Verifies that the current page title equals ``title``.</doc>
<msg timestamp="20210513 15:32:13.502" level="INFO">Page title is 'Create class'.</msg>
<status status="PASS" starttime="20210513 15:32:13.500" endtime="20210513 15:32:13.502"/>
</kw>
<status status="PASS" starttime="20210513 15:32:13.500" endtime="20210513 15:32:13.503"/>
</kw>
<status status="PASS" starttime="20210513 15:32:13.488" endtime="20210513 15:32:13.503"/>
</kw>
<kw name="Create Class With Invalid ClassInfo Should Fail">
<arg>${EMPTY}</arg>
<arg>${EMPTY}</arg>
<arg>0</arg>
<arg>3</arg>
<kw name="Input Class Title" library="resource">
<arg>${classTitle}</arg>
<kw name="Input Text" library="SeleniumLibrary">
<arg>title_field</arg>
<arg>${classTitle}</arg>
<doc>Types the given ``text`` into the text field identified by ``locator``.</doc>
<msg timestamp="20210513 15:32:13.504" level="INFO">Typing text '' into text field 'title_field'.</msg>
<status status="PASS" starttime="20210513 15:32:13.504" endtime="20210513 15:32:13.547"/>
</kw>
<status status="PASS" starttime="20210513 15:32:13.504" endtime="20210513 15:32:13.547"/>
</kw>
<kw name="Input Class DESC" library="resource">
<arg>${DESC}</arg>
<kw name="Input Text" library="SeleniumLibrary">
<arg>description_field</arg>
<arg>${DESC}</arg>
<doc>Types the given ``text`` into the text field identified by ``locator``.</doc>
<msg timestamp="20210513 15:32:13.548" level="INFO">Typing text '' into text field 'description_field'.</msg>
<status status="PASS" starttime="20210513 15:32:13.547" endtime="20210513 15:32:13.589"/>
</kw>
<status status="PASS" starttime="20210513 15:32:13.547" endtime="20210513 15:32:13.589"/>
</kw>
<kw name="Choose Class Diffculty" library="resource">
<arg>${diffVal}</arg>
<kw name="Select From List By Value" library="SeleniumLibrary">
<arg>xpath://*[@id="difficulty_field"]</arg>
<arg>${value}</arg>
<doc>Selects options from selection list ``locator`` by ``values``.</doc>
<msg timestamp="20210513 15:32:13.589" level="INFO">Selecting options from selection list 'xpath://*[@id="difficulty_field"]' by value 0.</msg>
<status status="PASS" starttime="20210513 15:32:13.589" endtime="20210513 15:32:13.609"/>
</kw>
<status status="PASS" starttime="20210513 15:32:13.589" endtime="20210513 15:32:13.609"/>
</kw>
<kw name="Choose language" library="resource">
<arg>${langVal}</arg>
<kw name="Select From List By Value" library="SeleniumLibrary">
<arg>xpath://*[@id="language_field"]</arg>
<arg>${value}</arg>
<doc>Selects options from selection list ``locator`` by ``values``.</doc>
<msg timestamp="20210513 15:32:13.610" level="INFO">Selecting options from selection list 'xpath://*[@id="language_field"]' by value 3.</msg>
<status status="PASS" starttime="20210513 15:32:13.609" endtime="20210513 15:32:13.639"/>
</kw>
<status status="PASS" starttime="20210513 15:32:13.609" endtime="20210513 15:32:13.639"/>
</kw>
<kw name="Submit ClassInfo" library="resource">
<kw name="Click Button" library="SeleniumLibrary">
<arg>submit_button</arg>
<doc>Clicks the button identified by ``locator``.</doc>
<msg timestamp="20210513 15:32:13.640" level="INFO">Clicking button 'submit_button'.</msg>
<status status="PASS" starttime="20210513 15:32:13.640" endtime="20210513 15:32:13.681"/>
</kw>
<status status="PASS" starttime="20210513 15:32:13.640" endtime="20210513 15:32:13.681"/>
</kw>
<kw name="Class Creation Should Have Failed">
<kw name="CreateClassErr Page Should Be Open" library="resource">
<kw name="Location Should Be" library="SeleniumLibrary">
<arg>${CREATE_CLASS_ERR URL}</arg>
<doc>Verifies that the current URL is exactly ``url``.</doc>
<msg timestamp="20210513 15:32:13.684" level="INFO">Current location is 'http://localhost:7272/classCreationError.html'.</msg>
<status status="PASS" starttime="20210513 15:32:13.682" endtime="20210513 15:32:13.684"/>
</kw>
<kw name="Title Should Be" library="SeleniumLibrary">
<arg>Error Page</arg>
<doc>Verifies that the current page title equals ``title``.</doc>
<msg timestamp="20210513 15:32:13.686" level="INFO">Page title is 'Error Page'.</msg>
<status status="PASS" starttime="20210513 15:32:13.684" endtime="20210513 15:32:13.686"/>
</kw>
<status status="PASS" starttime="20210513 15:32:13.681" endtime="20210513 15:32:13.686"/>
</kw>
<status status="PASS" starttime="20210513 15:32:13.681" endtime="20210513 15:32:13.686"/>
</kw>
<status status="PASS" starttime="20210513 15:32:13.503" endtime="20210513 15:32:13.686"/>
</kw>
<status status="PASS" starttime="20210513 15:32:13.487" endtime="20210513 15:32:13.686"/>
</test>
<test id="s1-s1-t5" name="EMPTY DiffVal And LangVal">
<kw name="Go To Create Class Page" library="resource" type="SETUP">
<kw name="Go To" library="SeleniumLibrary">
<arg>${CREATE_CLASS URL}</arg>
<doc>Navigates the current browser window to the provided ``url``.</doc>
<msg timestamp="20210513 15:32:13.688" level="INFO">Opening url 'http://localhost:7272/createClass.html'</msg>
<status status="PASS" starttime="20210513 15:32:13.688" endtime="20210513 15:32:13.706"/>
</kw>
<kw name="Create Class Page Should Be Open" library="resource">
<kw name="Title Should Be" library="SeleniumLibrary">
<arg>Create class</arg>
<doc>Verifies that the current page title equals ``title``.</doc>
<msg timestamp="20210513 15:32:13.710" level="INFO">Page title is 'Create class'.</msg>
<status status="PASS" starttime="20210513 15:32:13.707" endtime="20210513 15:32:13.710"/>
</kw>
<status status="PASS" starttime="20210513 15:32:13.706" endtime="20210513 15:32:13.710"/>
</kw>
<status status="PASS" starttime="20210513 15:32:13.688" endtime="20210513 15:32:13.710"/>
</kw>
<kw name="Create Class With Invalid ClassInfo Should Fail">
<arg>${VALID ClassTitle}</arg>
<arg>${VALID DESC}</arg>
<arg>0</arg>
<arg>0</arg>
<kw name="Input Class Title" library="resource">
<arg>${classTitle}</arg>
<kw name="Input Text" library="SeleniumLibrary">
<arg>title_field</arg>
<arg>${classTitle}</arg>
<doc>Types the given ``text`` into the text field identified by ``locator``.</doc>
<msg timestamp="20210513 15:32:13.711" level="INFO">Typing text 'Yoga' into text field 'title_field'.</msg>
<status status="PASS" starttime="20210513 15:32:13.711" endtime="20210513 15:32:13.754"/>
</kw>
<status status="PASS" starttime="20210513 15:32:13.711" endtime="20210513 15:32:13.755"/>
</kw>
<kw name="Input Class DESC" library="resource">
<arg>${DESC}</arg>
<kw name="Input Text" library="SeleniumLibrary">
<arg>description_field</arg>
<arg>${DESC}</arg>
<doc>Types the given ``text`` into the text field identified by ``locator``.</doc>
<msg timestamp="20210513 15:32:13.755" level="INFO">Typing text 'Here is Yoga description' into text field 'description_field'.</msg>
<status status="PASS" starttime="20210513 15:32:13.755" endtime="20210513 15:32:13.821"/>
</kw>
<status status="PASS" starttime="20210513 15:32:13.755" endtime="20210513 15:32:13.821"/>
</kw>
<kw name="Choose Class Diffculty" library="resource">
<arg>${diffVal}</arg>
<kw name="Select From List By Value" library="SeleniumLibrary">
<arg>xpath://*[@id="difficulty_field"]</arg>
<arg>${value}</arg>
<doc>Selects options from selection list ``locator`` by ``values``.</doc>
<msg timestamp="20210513 15:32:13.822" level="INFO">Selecting options from selection list 'xpath://*[@id="difficulty_field"]' by value 0.</msg>
<status status="PASS" starttime="20210513 15:32:13.821" endtime="20210513 15:32:13.840"/>
</kw>
<status status="PASS" starttime="20210513 15:32:13.821" endtime="20210513 15:32:13.840"/>
</kw>
<kw name="Choose language" library="resource">
<arg>${langVal}</arg>
<kw name="Select From List By Value" library="SeleniumLibrary">
<arg>xpath://*[@id="language_field"]</arg>
<arg>${value}</arg>
<doc>Selects options from selection list ``locator`` by ``values``.</doc>
<msg timestamp="20210513 15:32:13.840" level="INFO">Selecting options from selection list 'xpath://*[@id="language_field"]' by value 0.</msg>
<status status="PASS" starttime="20210513 15:32:13.840" endtime="20210513 15:32:13.859"/>
</kw>
<status status="PASS" starttime="20210513 15:32:13.840" endtime="20210513 15:32:13.859"/>
</kw>
<kw name="Submit ClassInfo" library="resource">
<kw name="Click Button" library="SeleniumLibrary">
<arg>submit_button</arg>
<doc>Clicks the button identified by ``locator``.</doc>
<msg timestamp="20210513 15:32:13.860" level="INFO">Clicking button 'submit_button'.</msg>
<status status="PASS" starttime="20210513 15:32:13.860" endtime="20210513 15:32:13.895"/>
</kw>
<status status="PASS" starttime="20210513 15:32:13.859" endtime="20210513 15:32:13.895"/>
</kw>
<kw name="Class Creation Should Have Failed">
<kw name="CreateClassErr Page Should Be Open" library="resource">
<kw name="Location Should Be" library="SeleniumLibrary">
<arg>${CREATE_CLASS_ERR URL}</arg>
<doc>Verifies that the current URL is exactly ``url``.</doc>
<msg timestamp="20210513 15:32:13.898" level="INFO">Current location is 'http://localhost:7272/classCreationError.html'.</msg>
<status status="PASS" starttime="20210513 15:32:13.895" endtime="20210513 15:32:13.898"/>
</kw>
<kw name="Title Should Be" library="SeleniumLibrary">
<arg>Error Page</arg>
<doc>Verifies that the current page title equals ``title``.</doc>
<msg timestamp="20210513 15:32:13.900" level="INFO">Page title is 'Error Page'.</msg>
<status status="PASS" starttime="20210513 15:32:13.898" endtime="20210513 15:32:13.900"/>
</kw>
<status status="PASS" starttime="20210513 15:32:13.895" endtime="20210513 15:32:13.900"/>
</kw>
<status status="PASS" starttime="20210513 15:32:13.895" endtime="20210513 15:32:13.900"/>
</kw>
<status status="PASS" starttime="20210513 15:32:13.710" endtime="20210513 15:32:13.900"/>
</kw>
<status status="PASS" starttime="20210513 15:32:13.687" endtime="20210513 15:32:13.900"/>
</test>
<test id="s1-s1-t6" name="EMPTY Desc And LangVal">
<kw name="Go To Create Class Page" library="resource" type="SETUP">
<kw name="Go To" library="SeleniumLibrary">
<arg>${CREATE_CLASS URL}</arg>
<doc>Navigates the current browser window to the provided ``url``.</doc>
<msg timestamp="20210513 15:32:13.902" level="INFO">Opening url 'http://localhost:7272/createClass.html'</msg>
<status status="PASS" starttime="20210513 15:32:13.902" endtime="20210513 15:32:13.919"/>
</kw>
<kw name="Create Class Page Should Be Open" library="resource">
<kw name="Title Should Be" library="SeleniumLibrary">
<arg>Create class</arg>
<doc>Verifies that the current page title equals ``title``.</doc>
<msg timestamp="20210513 15:32:13.921" level="INFO">Page title is 'Create class'.</msg>
<status status="PASS" starttime="20210513 15:32:13.919" endtime="20210513 15:32:13.921"/>
</kw>
<status status="PASS" starttime="20210513 15:32:13.919" endtime="20210513 15:32:13.921"/>
</kw>
<status status="PASS" starttime="20210513 15:32:13.901" endtime="20210513 15:32:13.921"/>
</kw>
<kw name="Create Class With Invalid ClassInfo Should Fail">
<arg>${VALID ClassTitle}</arg>
<arg>${EMPTY}</arg>
<arg>2</arg>
<arg>0</arg>
<kw name="Input Class Title" library="resource">
<arg>${classTitle}</arg>
<kw name="Input Text" library="SeleniumLibrary">
<arg>title_field</arg>
<arg>${classTitle}</arg>
<doc>Types the given ``text`` into the text field identified by ``locator``.</doc>
<msg timestamp="20210513 15:32:13.922" level="INFO">Typing text 'Yoga' into text field 'title_field'.</msg>
<status status="PASS" starttime="20210513 15:32:13.922" endtime="20210513 15:32:13.966"/>
</kw>
<status status="PASS" starttime="20210513 15:32:13.922" endtime="20210513 15:32:13.966"/>
</kw>
<kw name="Input Class DESC" library="resource">
<arg>${DESC}</arg>
<kw name="Input Text" library="SeleniumLibrary">
<arg>description_field</arg>
<arg>${DESC}</arg>
<doc>Types the given ``text`` into the text field identified by ``locator``.</doc>
<msg timestamp="20210513 15:32:13.967" level="INFO">Typing text '' into text field 'description_field'.</msg>
<status status="PASS" starttime="20210513 15:32:13.966" endtime="20210513 15:32:14.003"/>
</kw>
<status status="PASS" starttime="20210513 15:32:13.966" endtime="20210513 15:32:14.003"/>
</kw>
<kw name="Choose Class Diffculty" library="resource">
<arg>${diffVal}</arg>
<kw name="Select From List By Value" library="SeleniumLibrary">
<arg>xpath://*[@id="difficulty_field"]</arg>
<arg>${value}</arg>
<doc>Selects options from selection list ``locator`` by ``values``.</doc>
<msg timestamp="20210513 15:32:14.004" level="INFO">Selecting options from selection list 'xpath://*[@id="difficulty_field"]' by value 2.</msg>
<status status="PASS" starttime="20210513 15:32:14.004" endtime="20210513 15:32:14.039"/>
</kw>
<status status="PASS" starttime="20210513 15:32:14.003" endtime="20210513 15:32:14.039"/>
</kw>
<kw name="Choose language" library="resource">
<arg>${langVal}</arg>
<kw name="Select From List By Value" library="SeleniumLibrary">
<arg>xpath://*[@id="language_field"]</arg>
<arg>${value}</arg>
<doc>Selects options from selection list ``locator`` by ``values``.</doc>
<msg timestamp="20210513 15:32:14.040" level="INFO">Selecting options from selection list 'xpath://*[@id="language_field"]' by value 0.</msg>
<status status="PASS" starttime="20210513 15:32:14.039" endtime="20210513 15:32:14.061"/>
</kw>
<status status="PASS" starttime="20210513 15:32:14.039" endtime="20210513 15:32:14.061"/>
</kw>
<kw name="Submit ClassInfo" library="resource">
<kw name="Click Button" library="SeleniumLibrary">
<arg>submit_button</arg>
<doc>Clicks the button identified by ``locator``.</doc>
<msg timestamp="20210513 15:32:14.061" level="INFO">Clicking button 'submit_button'.</msg>
<status status="PASS" starttime="20210513 15:32:14.061" endtime="20210513 15:32:14.094"/>
</kw>
<status status="PASS" starttime="20210513 15:32:14.061" endtime="20210513 15:32:14.095"/>
</kw>
<kw name="Class Creation Should Have Failed">
<kw name="CreateClassErr Page Should Be Open" library="resource">
<kw name="Location Should Be" library="SeleniumLibrary">
<arg>${CREATE_CLASS_ERR URL}</arg>
<doc>Verifies that the current URL is exactly ``url``.</doc>
<msg timestamp="20210513 15:32:14.097" level="INFO">Current location is 'http://localhost:7272/classCreationError.html'.</msg>
<status status="PASS" starttime="20210513 15:32:14.095" endtime="20210513 15:32:14.097"/>
</kw>
<kw name="Title Should Be" library="SeleniumLibrary">
<arg>Error Page</arg>
<doc>Verifies that the current page title equals ``title``.</doc>
<msg timestamp="20210513 15:32:14.099" level="INFO">Page title is 'Error Page'.</msg>
<status status="PASS" starttime="20210513 15:32:14.098" endtime="20210513 15:32:14.099"/>
</kw>
<status status="PASS" starttime="20210513 15:32:14.095" endtime="20210513 15:32:14.100"/>
</kw>
<status status="PASS" starttime="20210513 15:32:14.095" endtime="20210513 15:32:14.100"/>
</kw>
<status status="PASS" starttime="20210513 15:32:13.921" endtime="20210513 15:32:14.100"/>
</kw>
<status status="PASS" starttime="20210513 15:32:13.901" endtime="20210513 15:32:14.100"/>
</test>
<test id="s1-s1-t7" name="EMPTY Desc And DiffVal">
<kw name="Go To Create Class Page" library="resource" type="SETUP">
<kw name="Go To" library="SeleniumLibrary">
<arg>${CREATE_CLASS URL}</arg>
<doc>Navigates the current browser window to the provided ``url``.</doc>
<msg timestamp="20210513 15:32:14.102" level="INFO">Opening url 'http://localhost:7272/createClass.html'</msg>
<status status="PASS" starttime="20210513 15:32:14.102" endtime="20210513 15:32:14.119"/>
</kw>
<kw name="Create Class Page Should Be Open" library="resource">
<kw name="Title Should Be" library="SeleniumLibrary">
<arg>Create class</arg>
<doc>Verifies that the current page title equals ``title``.</doc>
<msg timestamp="20210513 15:32:14.121" level="INFO">Page title is 'Create class'.</msg>
<status status="PASS" starttime="20210513 15:32:14.119" endtime="20210513 15:32:14.121"/>
</kw>
<status status="PASS" starttime="20210513 15:32:14.119" endtime="20210513 15:32:14.121"/>
</kw>
<status status="PASS" starttime="20210513 15:32:14.101" endtime="20210513 15:32:14.121"/>
</kw>
<kw name="Create Class With Invalid ClassInfo Should Fail">
<arg>${VALID ClassTitle}</arg>
<arg>${EMPTY}</arg>
<arg>0</arg>
<arg>1</arg>
<kw name="Input Class Title" library="resource">
<arg>${classTitle}</arg>
<kw name="Input Text" library="SeleniumLibrary">
<arg>title_field</arg>
<arg>${classTitle}</arg>
<doc>Types the given ``text`` into the text field identified by ``locator``.</doc>
<msg timestamp="20210513 15:32:14.122" level="INFO">Typing text 'Yoga' into text field 'title_field'.</msg>
<status status="PASS" starttime="20210513 15:32:14.122" endtime="20210513 15:32:14.168"/>
</kw>
<status status="PASS" starttime="20210513 15:32:14.122" endtime="20210513 15:32:14.169"/>
</kw>
<kw name="Input Class DESC" library="resource">
<arg>${DESC}</arg>
<kw name="Input Text" library="SeleniumLibrary">
<arg>description_field</arg>
<arg>${DESC}</arg>
<doc>Types the given ``text`` into the text field identified by ``locator``.</doc>
<msg timestamp="20210513 15:32:14.169" level="INFO">Typing text '' into text field 'description_field'.</msg>
<status status="PASS" starttime="20210513 15:32:14.169" endtime="20210513 15:32:14.208"/>
</kw>
<status status="PASS" starttime="20210513 15:32:14.169" endtime="20210513 15:32:14.208"/>
</kw>
<kw name="Choose Class Diffculty" library="resource">
<arg>${diffVal}</arg>
<kw name="Select From List By Value" library="SeleniumLibrary">
<arg>xpath://*[@id="difficulty_field"]</arg>
<arg>${value}</arg>
<doc>Selects options from selection list ``locator`` by ``values``.</doc>
<msg timestamp="20210513 15:32:14.209" level="INFO">Selecting options from selection list 'xpath://*[@id="difficulty_field"]' by value 0.</msg>
<status status="PASS" starttime="20210513 15:32:14.208" endtime="20210513 15:32:14.228"/>
</kw>
<status status="PASS" starttime="20210513 15:32:14.208" endtime="20210513 15:32:14.228"/>
</kw>
<kw name="Choose language" library="resource">
<arg>${langVal}</arg>
<kw name="Select From List By Value" library="SeleniumLibrary">
<arg>xpath://*[@id="language_field"]</arg>
<arg>${value}</arg>
<doc>Selects options from selection list ``locator`` by ``values``.</doc>
<msg timestamp="20210513 15:32:14.229" level="INFO">Selecting options from selection list 'xpath://*[@id="language_field"]' by value 1.</msg>
<status status="PASS" starttime="20210513 15:32:14.229" endtime="20210513 15:32:14.258"/>
</kw>
<status status="PASS" starttime="20210513 15:32:14.228" endtime="20210513 15:32:14.258"/>
</kw>
<kw name="Submit ClassInfo" library="resource">
<kw name="Click Button" library="SeleniumLibrary">
<arg>submit_button</arg>
<doc>Clicks the button identified by ``locator``.</doc>
<msg timestamp="20210513 15:32:14.259" level="INFO">Clicking button 'submit_button'.</msg>
<status status="PASS" starttime="20210513 15:32:14.259" endtime="20210513 15:32:14.305"/>
</kw>
<status status="PASS" starttime="20210513 15:32:14.258" endtime="20210513 15:32:14.306"/>
</kw>
<kw name="Class Creation Should Have Failed">
<kw name="CreateClassErr Page Should Be Open" library="resource">
<kw name="Location Should Be" library="SeleniumLibrary">
<arg>${CREATE_CLASS_ERR URL}</arg>
<doc>Verifies that the current URL is exactly ``url``.</doc>
<msg timestamp="20210513 15:32:14.309" level="INFO">Current location is 'http://localhost:7272/classCreationError.html'.</msg>
<status status="PASS" starttime="20210513 15:32:14.307" endtime="20210513 15:32:14.309"/>
</kw>
<kw name="Title Should Be" library="SeleniumLibrary">
<arg>Error Page</arg>
<doc>Verifies that the current page title equals ``title``.</doc>
<msg timestamp="20210513 15:32:14.311" level="INFO">Page title is 'Error Page'.</msg>
<status status="PASS" starttime="20210513 15:32:14.309" endtime="20210513 15:32:14.311"/>
</kw>
<status status="PASS" starttime="20210513 15:32:14.306" endtime="20210513 15:32:14.311"/>
</kw>
<status status="PASS" starttime="20210513 15:32:14.306" endtime="20210513 15:32:14.311"/>
</kw>
<status status="PASS" starttime="20210513 15:32:14.121" endtime="20210513 15:32:14.311"/>
</kw>
<status status="PASS" starttime="20210513 15:32:14.101" endtime="20210513 15:32:14.312"/>
</test>
<test id="s1-s1-t8" name="EMPTY classTitle And LangVal">
<kw name="Go To Create Class Page" library="resource" type="SETUP">
<kw name="Go To" library="SeleniumLibrary">
<arg>${CREATE_CLASS URL}</arg>
<doc>Navigates the current browser window to the provided ``url``.</doc>
<msg timestamp="20210513 15:32:14.314" level="INFO">Opening url 'http://localhost:7272/createClass.html'</msg>
<status status="PASS" starttime="20210513 15:32:14.314" endtime="20210513 15:32:14.331"/>
</kw>
<kw name="Create Class Page Should Be Open" library="resource">
<kw name="Title Should Be" library="SeleniumLibrary">
<arg>Create class</arg>
<doc>Verifies that the current page title equals ``title``.</doc>
<msg timestamp="20210513 15:32:14.333" level="INFO">Page title is 'Create class'.</msg>
<status status="PASS" starttime="20210513 15:32:14.331" endtime="20210513 15:32:14.333"/>
</kw>
<status status="PASS" starttime="20210513 15:32:14.331" endtime="20210513 15:32:14.333"/>
</kw>
<status status="PASS" starttime="20210513 15:32:14.314" endtime="20210513 15:32:14.334"/>
</kw>
<kw name="Create Class With Invalid ClassInfo Should Fail">
<arg>${EMPTY}</arg>
<arg>${VALID DESC}</arg>
<arg>3</arg>
<arg>0</arg>
<kw name="Input Class Title" library="resource">
<arg>${classTitle}</arg>
<kw name="Input Text" library="SeleniumLibrary">
<arg>title_field</arg>
<arg>${classTitle}</arg>
<doc>Types the given ``text`` into the text field identified by ``locator``.</doc>
<msg timestamp="20210513 15:32:14.335" level="INFO">Typing text '' into text field 'title_field'.</msg>
<status status="PASS" starttime="20210513 15:32:14.335" endtime="20210513 15:32:14.373"/>
</kw>
<status status="PASS" starttime="20210513 15:32:14.334" endtime="20210513 15:32:14.373"/>
</kw>
<kw name="Input Class DESC" library="resource">
<arg>${DESC}</arg>
<kw name="Input Text" library="SeleniumLibrary">
<arg>description_field</arg>
<arg>${DESC}</arg>
<doc>Types the given ``text`` into the text field identified by ``locator``.</doc>
<msg timestamp="20210513 15:32:14.374" level="INFO">Typing text 'Here is Yoga description' into text field 'description_field'.</msg>
<status status="PASS" starttime="20210513 15:32:14.373" endtime="20210513 15:32:14.439"/>
</kw>
<status status="PASS" starttime="20210513 15:32:14.373" endtime="20210513 15:32:14.439"/>
</kw>
<kw name="Choose Class Diffculty" library="resource">
<arg>${diffVal}</arg>
<kw name="Select From List By Value" library="SeleniumLibrary">
<arg>xpath://*[@id="difficulty_field"]</arg>
<arg>${value}</arg>
<doc>Selects options from selection list ``locator`` by ``values``.</doc>
<msg timestamp="20210513 15:32:14.440" level="INFO">Selecting options from selection list 'xpath://*[@id="difficulty_field"]' by value 3.</msg>
<status status="PASS" starttime="20210513 15:32:14.439" endtime="20210513 15:32:14.470"/>
</kw>
<status status="PASS" starttime="20210513 15:32:14.439" endtime="20210513 15:32:14.470"/>
</kw>
<kw name="Choose language" library="resource">
<arg>${langVal}</arg>
<kw name="Select From List By Value" library="SeleniumLibrary">
<arg>xpath://*[@id="language_field"]</arg>
<arg>${value}</arg>
<doc>Selects options from selection list ``locator`` by ``values``.</doc>
<msg timestamp="20210513 15:32:14.471" level="INFO">Selecting options from selection list 'xpath://*[@id="language_field"]' by value 0.</msg>
<status status="PASS" starttime="20210513 15:32:14.471" endtime="20210513 15:32:14.490"/>
</kw>
<status status="PASS" starttime="20210513 15:32:14.470" endtime="20210513 15:32:14.490"/>
</kw>
<kw name="Submit ClassInfo" library="resource">
<kw name="Click Button" library="SeleniumLibrary">
<arg>submit_button</arg>
<doc>Clicks the button identified by ``locator``.</doc>
<msg timestamp="20210513 15:32:14.491" level="INFO">Clicking button 'submit_button'.</msg>
<status status="PASS" starttime="20210513 15:32:14.490" endtime="20210513 15:32:14.528"/>
</kw>
<status status="PASS" starttime="20210513 15:32:14.490" endtime="20210513 15:32:14.528"/>
</kw>
<kw name="Class Creation Should Have Failed">
<kw name="CreateClassErr Page Should Be Open" library="resource">
<kw name="Location Should Be" library="SeleniumLibrary">
<arg>${CREATE_CLASS_ERR URL}</arg>
<doc>Verifies that the current URL is exactly ``url``.</doc>
<msg timestamp="20210513 15:32:14.531" level="INFO">Current location is 'http://localhost:7272/classCreationError.html'.</msg>
<status status="PASS" starttime="20210513 15:32:14.529" endtime="20210513 15:32:14.531"/>
</kw>
<kw name="Title Should Be" library="SeleniumLibrary">
<arg>Error Page</arg>
<doc>Verifies that the current page title equals ``title``.</doc>
<msg timestamp="20210513 15:32:14.533" level="INFO">Page title is 'Error Page'.</msg>
<status status="PASS" starttime="20210513 15:32:14.531" endtime="20210513 15:32:14.533"/>
</kw>
<status status="PASS" starttime="20210513 15:32:14.529" endtime="20210513 15:32:14.533"/>
</kw>
<status status="PASS" starttime="20210513 15:32:14.529" endtime="20210513 15:32:14.533"/>
</kw>
<status status="PASS" starttime="20210513 15:32:14.334" endtime="20210513 15:32:14.533"/>
</kw>
<status status="PASS" starttime="20210513 15:32:14.313" endtime="20210513 15:32:14.533"/>
</test>
<test id="s1-s1-t9" name="EMPTY classTitle And DiffVal">
<kw name="Go To Create Class Page" library="resource" type="SETUP">
<kw name="Go To" library="SeleniumLibrary">
<arg>${CREATE_CLASS URL}</arg>
<doc>Navigates the current browser window to the provided ``url``.</doc>
<msg timestamp="20210513 15:32:14.535" level="INFO">Opening url 'http://localhost:7272/createClass.html'</msg>
<status status="PASS" starttime="20210513 15:32:14.535" endtime="20210513 15:32:14.546"/>
</kw>
<kw name="Create Class Page Should Be Open" library="resource">
<kw name="Title Should Be" library="SeleniumLibrary">
<arg>Create class</arg>
<doc>Verifies that the current page title equals ``title``.</doc>
<msg timestamp="20210513 15:32:14.549" level="INFO">Page title is 'Create class'.</msg>
<status status="PASS" starttime="20210513 15:32:14.547" endtime="20210513 15:32:14.549"/>
</kw>
<status status="PASS" starttime="20210513 15:32:14.546" endtime="20210513 15:32:14.549"/>
</kw>
<status status="PASS" starttime="20210513 15:32:14.535" endtime="20210513 15:32:14.549"/>
</kw>
<kw name="Create Class With Invalid ClassInfo Should Fail">
<arg>${EMPTY}</arg>
<arg>${VALID DESC}</arg>
<arg>0</arg>
<arg>3</arg>
<kw name="Input Class Title" library="resource">
<arg>${classTitle}</arg>
<kw name="Input Text" library="SeleniumLibrary">
<arg>title_field</arg>
<arg>${classTitle}</arg>
<doc>Types the given ``text`` into the text field identified by ``locator``.</doc>
<msg timestamp="20210513 15:32:14.550" level="INFO">Typing text '' into text field 'title_field'.</msg>
<status status="PASS" starttime="20210513 15:32:14.550" endtime="20210513 15:32:14.588"/>
</kw>
<status status="PASS" starttime="20210513 15:32:14.550" endtime="20210513 15:32:14.588"/>
</kw>
<kw name="Input Class DESC" library="resource">
<arg>${DESC}</arg>
<kw name="Input Text" library="SeleniumLibrary">
<arg>description_field</arg>
<arg>${DESC}</arg>
<doc>Types the given ``text`` into the text field identified by ``locator``.</doc>
<msg timestamp="20210513 15:32:14.588" level="INFO">Typing text 'Here is Yoga description' into text field 'description_field'.</msg>
<status status="PASS" starttime="20210513 15:32:14.588" endtime="20210513 15:32:14.658"/>
</kw>
<status status="PASS" starttime="20210513 15:32:14.588" endtime="20210513 15:32:14.658"/>
</kw>
<kw name="Choose Class Diffculty" library="resource">
<arg>${diffVal}</arg>
<kw name="Select From List By Value" library="SeleniumLibrary">
<arg>xpath://*[@id="difficulty_field"]</arg>
<arg>${value}</arg>
<doc>Selects options from selection list ``locator`` by ``values``.</doc>
<msg timestamp="20210513 15:32:14.659" level="INFO">Selecting options from selection list 'xpath://*[@id="difficulty_field"]' by value 0.</msg>
<status status="PASS" starttime="20210513 15:32:14.659" endtime="20210513 15:32:14.677"/>
</kw>
<status status="PASS" starttime="20210513 15:32:14.658" endtime="20210513 15:32:14.677"/>
</kw>
<kw name="Choose language" library="resource">
<arg>${langVal}</arg>
<kw name="Select From List By Value" library="SeleniumLibrary">
<arg>xpath://*[@id="language_field"]</arg>
<arg>${value}</arg>
<doc>Selects options from selection list ``locator`` by ``values``.</doc>
<msg timestamp="20210513 15:32:14.677" level="INFO">Selecting options from selection list 'xpath://*[@id="language_field"]' by value 3.</msg>
<status status="PASS" starttime="20210513 15:32:14.677" endtime="20210513 15:32:14.710"/>
</kw>
<status status="PASS" starttime="20210513 15:32:14.677" endtime="20210513 15:32:14.710"/>
</kw>
<kw name="Submit ClassInfo" library="resource">
<kw name="Click Button" library="SeleniumLibrary">
<arg>submit_button</arg>
<doc>Clicks the button identified by ``locator``.</doc>
<msg timestamp="20210513 15:32:14.710" level="INFO">Clicking button 'submit_button'.</msg>
<status status="PASS" starttime="20210513 15:32:14.710" endtime="20210513 15:32:14.755"/>
</kw>
<status status="PASS" starttime="20210513 15:32:14.710" endtime="20210513 15:32:14.755"/>
</kw>
<kw name="Class Creation Should Have Failed">
<kw name="CreateClassErr Page Should Be Open" library="resource">
<kw name="Location Should Be" library="SeleniumLibrary">
<arg>${CREATE_CLASS_ERR URL}</arg>
<doc>Verifies that the current URL is exactly ``url``.</doc>
<msg timestamp="20210513 15:32:14.758" level="INFO">Current location is 'http://localhost:7272/classCreationError.html'.</msg>
<status status="PASS" starttime="20210513 15:32:14.755" endtime="20210513 15:32:14.758"/>
</kw>
<kw name="Title Should Be" library="SeleniumLibrary">
<arg>Error Page</arg>
<doc>Verifies that the current page title equals ``title``.</doc>
<msg timestamp="20210513 15:32:14.760" level="INFO">Page title is 'Error Page'.</msg>
<status status="PASS" starttime="20210513 15:32:14.758" endtime="20210513 15:32:14.760"/>
</kw>
<status status="PASS" starttime="20210513 15:32:14.755" endtime="20210513 15:32:14.760"/>
</kw>
<status status="PASS" starttime="20210513 15:32:14.755" endtime="20210513 15:32:14.760"/>
</kw>
<status status="PASS" starttime="20210513 15:32:14.549" endtime="20210513 15:32:14.760"/>
</kw>
<status status="PASS" starttime="20210513 15:32:14.534" endtime="20210513 15:32:14.761"/>
</test>
<test id="s1-s1-t10" name="EMPTY classTitle And Desc">
<kw name="Go To Create Class Page" library="resource" type="SETUP">
<kw name="Go To" library="SeleniumLibrary">
<arg>${CREATE_CLASS URL}</arg>
<doc>Navigates the current browser window to the provided ``url``.</doc>
<msg timestamp="20210513 15:32:14.762" level="INFO">Opening url 'http://localhost:7272/createClass.html'</msg>
<status status="PASS" starttime="20210513 15:32:14.762" endtime="20210513 15:32:14.779"/>
</kw>
<kw name="Create Class Page Should Be Open" library="resource">
<kw name="Title Should Be" library="SeleniumLibrary">
<arg>Create class</arg>
<doc>Verifies that the current page title equals ``title``.</doc>
<msg timestamp="20210513 15:32:14.782" level="INFO">Page title is 'Create class'.</msg>
<status status="PASS" starttime="20210513 15:32:14.779" endtime="20210513 15:32:14.782"/>
</kw>
<status status="PASS" starttime="20210513 15:32:14.779" endtime="20210513 15:32:14.782"/>
</kw>
<status status="PASS" starttime="20210513 15:32:14.762" endtime="20210513 15:32:14.782"/>
</kw>
<kw name="Create Class With Invalid ClassInfo Should Fail">
<arg>${EMPTY}</arg>
<arg>${EMPTY}</arg>
<arg>2</arg>
<arg>2</arg>
<kw name="Input Class Title" library="resource">
<arg>${classTitle}</arg>
<kw name="Input Text" library="SeleniumLibrary">
<arg>title_field</arg>
<arg>${classTitle}</arg>
<doc>Types the given ``text`` into the text field identified by ``locator``.</doc>
<msg timestamp="20210513 15:32:14.784" level="INFO">Typing text '' into text field 'title_field'.</msg>
<status status="PASS" starttime="20210513 15:32:14.783" endtime="20210513 15:32:14.821"/>
</kw>
<status status="PASS" starttime="20210513 15:32:14.783" endtime="20210513 15:32:14.821"/>
</kw>
<kw name="Input Class DESC" library="resource">
<arg>${DESC}</arg>
<kw name="Input Text" library="SeleniumLibrary">
<arg>description_field</arg>
<arg>${DESC}</arg>
<doc>Types the given ``text`` into the text field identified by ``locator``.</doc>
<msg timestamp="20210513 15:32:14.821" level="INFO">Typing text '' into text field 'description_field'.</msg>
<status status="PASS" starttime="20210513 15:32:14.821" endtime="20210513 15:32:14.856"/>
</kw>
<status status="PASS" starttime="20210513 15:32:14.821" endtime="20210513 15:32:14.856"/>
</kw>
<kw name="Choose Class Diffculty" library="resource">
<arg>${diffVal}</arg>
<kw name="Select From List By Value" library="SeleniumLibrary">
<arg>xpath://*[@id="difficulty_field"]</arg>
<arg>${value}</arg>
<doc>Selects options from selection list ``locator`` by ``values``.</doc>
<msg timestamp="20210513 15:32:14.857" level="INFO">Selecting options from selection list 'xpath://*[@id="difficulty_field"]' by value 2.</msg>
<status status="PASS" starttime="20210513 15:32:14.857" endtime="20210513 15:32:14.889"/>
</kw>
<status status="PASS" starttime="20210513 15:32:14.856" endtime="20210513 15:32:14.889"/>
</kw>
<kw name="Choose language" library="resource">
<arg>${langVal}</arg>
<kw name="Select From List By Value" library="SeleniumLibrary">
<arg>xpath://*[@id="language_field"]</arg>
<arg>${value}</arg>
<doc>Selects options from selection list ``locator`` by ``values``.</doc>
<msg timestamp="20210513 15:32:14.889" level="INFO">Selecting options from selection list 'xpath://*[@id="language_field"]' by value 2.</msg>
<status status="PASS" starttime="20210513 15:32:14.889" endtime="20210513 15:32:14.917"/>
</kw>
<status status="PASS" starttime="20210513 15:32:14.889" endtime="20210513 15:32:14.917"/>
</kw>
<kw name="Submit ClassInfo" library="resource">
<kw name="Click Button" library="SeleniumLibrary">
<arg>submit_button</arg>
<doc>Clicks the button identified by ``locator``.</doc>
<msg timestamp="20210513 15:32:14.918" level="INFO">Clicking button 'submit_button'.</msg>
<status status="PASS" starttime="20210513 15:32:14.917" endtime="20210513 15:32:14.959"/>
</kw>
<status status="PASS" starttime="20210513 15:32:14.917" endtime="20210513 15:32:14.959"/>
</kw>
<kw name="Class Creation Should Have Failed">
<kw name="CreateClassErr Page Should Be Open" library="resource">
<kw name="Location Should Be" library="SeleniumLibrary">
<arg>${CREATE_CLASS_ERR URL}</arg>
<doc>Verifies that the current URL is exactly ``url``.</doc>
<msg timestamp="20210513 15:32:14.962" level="INFO">Current location is 'http://localhost:7272/classCreationError.html'.</msg>
<status status="PASS" starttime="20210513 15:32:14.960" endtime="20210513 15:32:14.962"/>
</kw>
<kw name="Title Should Be" library="SeleniumLibrary">
<arg>Error Page</arg>
<doc>Verifies that the current page title equals ``title``.</doc>
<msg timestamp="20210513 15:32:14.963" level="INFO">Page title is 'Error Page'.</msg>
<status status="PASS" starttime="20210513 15:32:14.962" endtime="20210513 15:32:14.963"/>
</kw>
<status status="PASS" starttime="20210513 15:32:14.960" endtime="20210513 15:32:14.963"/>
</kw>
<status status="PASS" starttime="20210513 15:32:14.959" endtime="20210513 15:32:14.963"/>
</kw>
<status status="PASS" starttime="20210513 15:32:14.782" endtime="20210513 15:32:14.964"/>
</kw>
<status status="PASS" starttime="20210513 15:32:14.761" endtime="20210513 15:32:14.964"/>
</test>
<test id="s1-s1-t11" name="Empty LangVal">
<kw name="Go To Create Class Page" library="resource" type="SETUP">
<kw name="Go To" library="SeleniumLibrary">
<arg>${CREATE_CLASS URL}</arg>
<doc>Navigates the current browser window to the provided ``url``.</doc>
<msg timestamp="20210513 15:32:14.966" level="INFO">Opening url 'http://localhost:7272/createClass.html'</msg>
<status status="PASS" starttime="20210513 15:32:14.966" endtime="20210513 15:32:14.979"/>
</kw>
<kw name="Create Class Page Should Be Open" library="resource">
<kw name="Title Should Be" library="SeleniumLibrary">
<arg>Create class</arg>
<doc>Verifies that the current page title equals ``title``.</doc>
<msg timestamp="20210513 15:32:14.981" level="INFO">Page title is 'Create class'.</msg>
<status status="PASS" starttime="20210513 15:32:14.979" endtime="20210513 15:32:14.981"/>
</kw>
<status status="PASS" starttime="20210513 15:32:14.979" endtime="20210513 15:32:14.981"/>
</kw>
<status status="PASS" starttime="20210513 15:32:14.965" endtime="20210513 15:32:14.981"/>
</kw>
<kw name="Create Class With Invalid ClassInfo Should Fail">
<arg>${VALID ClassTitle}</arg>
<arg>${VALID DESC}</arg>
<arg>2</arg>
<arg>0</arg>
<kw name="Input Class Title" library="resource">
<arg>${classTitle}</arg>
<kw name="Input Text" library="SeleniumLibrary">
<arg>title_field</arg>
<arg>${classTitle}</arg>
<doc>Types the given ``text`` into the text field identified by ``locator``.</doc>
<msg timestamp="20210513 15:32:14.982" level="INFO">Typing text 'Yoga' into text field 'title_field'.</msg>
<status status="PASS" starttime="20210513 15:32:14.982" endtime="20210513 15:32:15.026"/>
</kw>
<status status="PASS" starttime="20210513 15:32:14.981" endtime="20210513 15:32:15.027"/>
</kw>
<kw name="Input Class DESC" library="resource">
<arg>${DESC}</arg>
<kw name="Input Text" library="SeleniumLibrary">
<arg>description_field</arg>
<arg>${DESC}</arg>
<doc>Types the given ``text`` into the text field identified by ``locator``.</doc>
<msg timestamp="20210513 15:32:15.027" level="INFO">Typing text 'Here is Yoga description' into text field 'description_field'.</msg>
<status status="PASS" starttime="20210513 15:32:15.027" endtime="20210513 15:32:15.094"/>
</kw>
<status status="PASS" starttime="20210513 15:32:15.027" endtime="20210513 15:32:15.094"/>
</kw>
<kw name="Choose Class Diffculty" library="resource">
<arg>${diffVal}</arg>
<kw name="Select From List By Value" library="SeleniumLibrary">
<arg>xpath://*[@id="difficulty_field"]</arg>
<arg>${value}</arg>
<doc>Selects options from selection list ``locator`` by ``values``.</doc>
<msg timestamp="20210513 15:32:15.095" level="INFO">Selecting options from selection list 'xpath://*[@id="difficulty_field"]' by value 2.</msg>
<status status="PASS" starttime="20210513 15:32:15.095" endtime="20210513 15:32:15.124"/>
</kw>
<status status="PASS" starttime="20210513 15:32:15.095" endtime="20210513 15:32:15.124"/>
</kw>
<kw name="Choose language" library="resource">
<arg>${langVal}</arg>
<kw name="Select From List By Value" library="SeleniumLibrary">
<arg>xpath://*[@id="language_field"]</arg>
<arg>${value}</arg>
<doc>Selects options from selection list ``locator`` by ``values``.</doc>
<msg timestamp="20210513 15:32:15.125" level="INFO">Selecting options from selection list 'xpath://*[@id="language_field"]' by value 0.</msg>
<status status="PASS" starttime="20210513 15:32:15.125" endtime="20210513 15:32:15.148"/>
</kw>
<status status="PASS" starttime="20210513 15:32:15.124" endtime="20210513 15:32:15.148"/>
</kw>
<kw name="Submit ClassInfo" library="resource">
<kw name="Click Button" library="SeleniumLibrary">
<arg>submit_button</arg>
<doc>Clicks the button identified by ``locator``.</doc>
<msg timestamp="20210513 15:32:15.148" level="INFO">Clicking button 'submit_button'.</msg>
<status status="PASS" starttime="20210513 15:32:15.148" endtime="20210513 15:32:15.182"/>
</kw>
<status status="PASS" starttime="20210513 15:32:15.148" endtime="20210513 15:32:15.182"/>
</kw>
<kw name="Class Creation Should Have Failed">
<kw name="CreateClassErr Page Should Be Open" library="resource">
<kw name="Location Should Be" library="SeleniumLibrary">
<arg>${CREATE_CLASS_ERR URL}</arg>
<doc>Verifies that the current URL is exactly ``url``.</doc>
<msg timestamp="20210513 15:32:15.185" level="INFO">Current location is 'http://localhost:7272/classCreationError.html'.</msg>
<status status="PASS" starttime="20210513 15:32:15.183" endtime="20210513 15:32:15.185"/>
</kw>
<kw name="Title Should Be" library="SeleniumLibrary">
<arg>Error Page</arg>
<doc>Verifies that the current page title equals ``title``.</doc>
<msg timestamp="20210513 15:32:15.187" level="INFO">Page title is 'Error Page'.</msg>
<status status="PASS" starttime="20210513 15:32:15.186" endtime="20210513 15:32:15.187"/>
</kw>
<status status="PASS" starttime="20210513 15:32:15.183" endtime="20210513 15:32:15.188"/>
</kw>
<status status="PASS" starttime="20210513 15:32:15.183" endtime="20210513 15:32:15.188"/>
</kw>
<status status="PASS" starttime="20210513 15:32:14.981" endtime="20210513 15:32:15.188"/>
</kw>
<status status="PASS" starttime="20210513 15:32:14.965" endtime="20210513 15:32:15.188"/>
</test>
<test id="s1-s1-t12" name="Empty DiffVal">
<kw name="Go To Create Class Page" library="resource" type="SETUP">
<kw name="Go To" library="SeleniumLibrary">
<arg>${CREATE_CLASS URL}</arg>
<doc>Navigates the current browser window to the provided ``url``.</doc>
<msg timestamp="20210513 15:32:15.190" level="INFO">Opening url 'http://localhost:7272/createClass.html'</msg>
<status status="PASS" starttime="20210513 15:32:15.190" endtime="20210513 15:32:15.201"/>
</kw>
<kw name="Create Class Page Should Be Open" library="resource">
<kw name="Title Should Be" library="SeleniumLibrary">
<arg>Create class</arg>
<doc>Verifies that the current page title equals ``title``.</doc>
<msg timestamp="20210513 15:32:15.203" level="INFO">Page title is 'Create class'.</msg>
<status status="PASS" starttime="20210513 15:32:15.201" endtime="20210513 15:32:15.203"/>
</kw>
<status status="PASS" starttime="20210513 15:32:15.201" endtime="20210513 15:32:15.203"/>
</kw>
<status status="PASS" starttime="20210513 15:32:15.190" endtime="20210513 15:32:15.203"/>
</kw>
<kw name="Create Class With Invalid ClassInfo Should Fail">
<arg>${VALID ClassTitle}</arg>
<arg>${VALID DESC}</arg>
<arg>0</arg>
<arg>1</arg>
<kw name="Input Class Title" library="resource">
<arg>${classTitle}</arg>
<kw name="Input Text" library="SeleniumLibrary">
<arg>title_field</arg>
<arg>${classTitle}</arg>
<doc>Types the given ``text`` into the text field identified by ``locator``.</doc>
<msg timestamp="20210513 15:32:15.204" level="INFO">Typing text 'Yoga' into text field 'title_field'.</msg>
<status status="PASS" starttime="20210513 15:32:15.204" endtime="20210513 15:32:15.251"/>
</kw>
<status status="PASS" starttime="20210513 15:32:15.204" endtime="20210513 15:32:15.251"/>
</kw>
<kw name="Input Class DESC" library="resource">
<arg>${DESC}</arg>
<kw name="Input Text" library="SeleniumLibrary">
<arg>description_field</arg>
<arg>${DESC}</arg>
<doc>Types the given ``text`` into the text field identified by ``locator``.</doc>
<msg timestamp="20210513 15:32:15.251" level="INFO">Typing text 'Here is Yoga description' into text field 'description_field'.</msg>
<status status="PASS" starttime="20210513 15:32:15.251" endtime="20210513 15:32:15.316"/>
</kw>
<status status="PASS" starttime="20210513 15:32:15.251" endtime="20210513 15:32:15.316"/>
</kw>
<kw name="Choose Class Diffculty" library="resource">
<arg>${diffVal}</arg>
<kw name="Select From List By Value" library="SeleniumLibrary">
<arg>xpath://*[@id="difficulty_field"]</arg>
<arg>${value}</arg>
<doc>Selects options from selection list ``locator`` by ``values``.</doc>
<msg timestamp="20210513 15:32:15.317" level="INFO">Selecting options from selection list 'xpath://*[@id="difficulty_field"]' by value 0.</msg>
<status status="PASS" starttime="20210513 15:32:15.317" endtime="20210513 15:32:15.336"/>
</kw>
<status status="PASS" starttime="20210513 15:32:15.316" endtime="20210513 15:32:15.336"/>
</kw>
<kw name="Choose language" library="resource">
<arg>${langVal}</arg>
<kw name="Select From List By Value" library="SeleniumLibrary">
<arg>xpath://*[@id="language_field"]</arg>
<arg>${value}</arg>
<doc>Selects options from selection list ``locator`` by ``values``.</doc>
<msg timestamp="20210513 15:32:15.337" level="INFO">Selecting options from selection list 'xpath://*[@id="language_field"]' by value 1.</msg>
<status status="PASS" starttime="20210513 15:32:15.336" endtime="20210513 15:32:15.366"/>
</kw>
<status status="PASS" starttime="20210513 15:32:15.336" endtime="20210513 15:32:15.366"/>
</kw>
<kw name="Submit ClassInfo" library="resource">
<kw name="Click Button" library="SeleniumLibrary">
<arg>submit_button</arg>
<doc>Clicks the button identified by ``locator``.</doc>
<msg timestamp="20210513 15:32:15.367" level="INFO">Clicking button 'submit_button'.</msg>
<status status="PASS" starttime="20210513 15:32:15.367" endtime="20210513 15:32:15.406"/>
</kw>
<status status="PASS" starttime="20210513 15:32:15.366" endtime="20210513 15:32:15.406"/>
</kw>
<kw name="Class Creation Should Have Failed">
<kw name="CreateClassErr Page Should Be Open" library="resource">
<kw name="Location Should Be" library="SeleniumLibrary">
<arg>${CREATE_CLASS_ERR URL}</arg>
<doc>Verifies that the current URL is exactly ``url``.</doc>
<msg timestamp="20210513 15:32:15.408" level="INFO">Current location is 'http://localhost:7272/classCreationError.html'.</msg>
<status status="PASS" starttime="20210513 15:32:15.407" endtime="20210513 15:32:15.408"/>
</kw>
<kw name="Title Should Be" library="SeleniumLibrary">
<arg>Error Page</arg>
<doc>Verifies that the current page title equals ``title``.</doc>
<msg timestamp="20210513 15:32:15.410" level="INFO">Page title is 'Error Page'.</msg>
<status status="PASS" starttime="20210513 15:32:15.408" endtime="20210513 15:32:15.410"/>
</kw>
<status status="PASS" starttime="20210513 15:32:15.406" endtime="20210513 15:32:15.410"/>
</kw>
<status status="PASS" starttime="20210513 15:32:15.406" endtime="20210513 15:32:15.410"/>
</kw>
<status status="PASS" starttime="20210513 15:32:15.203" endtime="20210513 15:32:15.410"/>
</kw>
<status status="PASS" starttime="20210513 15:32:15.189" endtime="20210513 15:32:15.411"/>
</test>
<test id="s1-s1-t13" name="Empty Desc">
<kw name="Go To Create Class Page" library="resource" type="SETUP">
<kw name="Go To" library="SeleniumLibrary">
<arg>${CREATE_CLASS URL}</arg>
<doc>Navigates the current browser window to the provided ``url``.</doc>
<msg timestamp="20210513 15:32:15.412" level="INFO">Opening url 'http://localhost:7272/createClass.html'</msg>
<status status="PASS" starttime="20210513 15:32:15.412" endtime="20210513 15:32:15.427"/>
</kw>
<kw name="Create Class Page Should Be Open" library="resource">
<kw name="Title Should Be" library="SeleniumLibrary">
<arg>Create class</arg>
<doc>Verifies that the current page title equals ``title``.</doc>
<msg timestamp="20210513 15:32:15.430" level="INFO">Page title is 'Create class'.</msg>
<status status="PASS" starttime="20210513 15:32:15.428" endtime="20210513 15:32:15.430"/>
</kw>
<status status="PASS" starttime="20210513 15:32:15.428" endtime="20210513 15:32:15.430"/>
</kw>
<status status="PASS" starttime="20210513 15:32:15.412" endtime="20210513 15:32:15.430"/>
</kw>
<kw name="Create Class With Invalid ClassInfo Should Fail">
<arg>${VALID ClassTitle}</arg>
<arg>${EMPTY}</arg>
<arg>1</arg>
<arg>2</arg>
<kw name="Input Class Title" library="resource">
<arg>${classTitle}</arg>
<kw name="Input Text" library="SeleniumLibrary">
<arg>title_field</arg>
<arg>${classTitle}</arg>
<doc>Types the given ``text`` into the text field identified by ``locator``.</doc>
<msg timestamp="20210513 15:32:15.431" level="INFO">Typing text 'Yoga' into text field 'title_field'.</msg>
<status status="PASS" starttime="20210513 15:32:15.431" endtime="20210513 15:32:15.473"/>
</kw>
<status status="PASS" starttime="20210513 15:32:15.431" endtime="20210513 15:32:15.473"/>
</kw>
<kw name="Input Class DESC" library="resource">
<arg>${DESC}</arg>
<kw name="Input Text" library="SeleniumLibrary">
<arg>description_field</arg>
<arg>${DESC}</arg>
<doc>Types the given ``text`` into the text field identified by ``locator``.</doc>
<msg timestamp="20210513 15:32:15.473" level="INFO">Typing text '' into text field 'description_field'.</msg>
<status status="PASS" starttime="20210513 15:32:15.473" endtime="20210513 15:32:15.507"/>
</kw>
<status status="PASS" starttime="20210513 15:32:15.473" endtime="20210513 15:32:15.507"/>
</kw>
<kw name="Choose Class Diffculty" library="resource">
<arg>${diffVal}</arg>
<kw name="Select From List By Value" library="SeleniumLibrary">
<arg>xpath://*[@id="difficulty_field"]</arg>
<arg>${value}</arg>
<doc>Selects options from selection list ``locator`` by ``values``.</doc>
<msg timestamp="20210513 15:32:15.508" level="INFO">Selecting options from selection list 'xpath://*[@id="difficulty_field"]' by value 1.</msg>
<status status="PASS" starttime="20210513 15:32:15.508" endtime="20210513 15:32:15.537"/>
</kw>
<status status="PASS" starttime="20210513 15:32:15.508" endtime="20210513 15:32:15.537"/>
</kw>
<kw name="Choose language" library="resource">
<arg>${langVal}</arg>
<kw name="Select From List By Value" library="SeleniumLibrary">
<arg>xpath://*[@id="language_field"]</arg>
<arg>${value}</arg>
<doc>Selects options from selection list ``locator`` by ``values``.</doc>
<msg timestamp="20210513 15:32:15.538" level="INFO">Selecting options from selection list 'xpath://*[@id="language_field"]' by value 2.</msg>
<status status="PASS" starttime="20210513 15:32:15.538" endtime="20210513 15:32:15.566"/>
</kw>
<status status="PASS" starttime="20210513 15:32:15.537" endtime="20210513 15:32:15.567"/>
</kw>
<kw name="Submit ClassInfo" library="resource">
<kw name="Click Button" library="SeleniumLibrary">
<arg>submit_button</arg>
<doc>Clicks the button identified by ``locator``.</doc>
<msg timestamp="20210513 15:32:15.567" level="INFO">Clicking button 'submit_button'.</msg>
<status status="PASS" starttime="20210513 15:32:15.567" endtime="20210513 15:32:15.601"/>
</kw>
<status status="PASS" starttime="20210513 15:32:15.567" endtime="20210513 15:32:15.602"/>
</kw>
<kw name="Class Creation Should Have Failed">
<kw name="CreateClassErr Page Should Be Open" library="resource">
<kw name="Location Should Be" library="SeleniumLibrary">
<arg>${CREATE_CLASS_ERR URL}</arg>
<doc>Verifies that the current URL is exactly ``url``.</doc>
<msg timestamp="20210513 15:32:15.604" level="INFO">Current location is 'http://localhost:7272/classCreationError.html'.</msg>
<status status="PASS" starttime="20210513 15:32:15.602" endtime="20210513 15:32:15.604"/>
</kw>
<kw name="Title Should Be" library="SeleniumLibrary">
<arg>Error Page</arg>
<doc>Verifies that the current page title equals ``title``.</doc>
<msg timestamp="20210513 15:32:15.607" level="INFO">Page title is 'Error Page'.</msg>
<status status="PASS" starttime="20210513 15:32:15.604" endtime="20210513 15:32:15.607"/>
</kw>
<status status="PASS" starttime="20210513 15:32:15.602" endtime="20210513 15:32:15.607"/>
</kw>
<status status="PASS" starttime="20210513 15:32:15.602" endtime="20210513 15:32:15.607"/>
</kw>
<status status="PASS" starttime="20210513 15:32:15.430" endtime="20210513 15:32:15.607"/>
</kw>
<status status="PASS" starttime="20210513 15:32:15.411" endtime="20210513 15:32:15.607"/>
</test>
<test id="s1-s1-t14" name="Empty classTitle">
<kw name="Go To Create Class Page" library="resource" type="SETUP">
<kw name="Go To" library="SeleniumLibrary">
<arg>${CREATE_CLASS URL}</arg>
<doc>Navigates the current browser window to the provided ``url``.</doc>
<msg timestamp="20210513 15:32:15.609" level="INFO">Opening url 'http://localhost:7272/createClass.html'</msg>
<status status="PASS" starttime="20210513 15:32:15.609" endtime="20210513 15:32:15.619"/>
</kw>
<kw name="Create Class Page Should Be Open" library="resource">
<kw name="Title Should Be" library="SeleniumLibrary">
<arg>Create class</arg>
<doc>Verifies that the current page title equals ``title``.</doc>
<msg timestamp="20210513 15:32:15.622" level="INFO">Page title is 'Create class'.</msg>
<status status="PASS" starttime="20210513 15:32:15.620" endtime="20210513 15:32:15.622"/>
</kw>
<status status="PASS" starttime="20210513 15:32:15.620" endtime="20210513 15:32:15.622"/>
</kw>
<status status="PASS" starttime="20210513 15:32:15.609" endtime="20210513 15:32:15.622"/>
</kw>
<kw name="Create Class With Invalid ClassInfo Should Fail">
<arg>${EMPTY}</arg>
<arg>${VALID DESC}</arg>
<arg>2</arg>
<arg>3</arg>
<kw name="Input Class Title" library="resource">
<arg>${classTitle}</arg>
<kw name="Input Text" library="SeleniumLibrary">
<arg>title_field</arg>
<arg>${classTitle}</arg>
<doc>Types the given ``text`` into the text field identified by ``locator``.</doc>
<msg timestamp="20210513 15:32:15.623" level="INFO">Typing text '' into text field 'title_field'.</msg>
<status status="PASS" starttime="20210513 15:32:15.623" endtime="20210513 15:32:15.662"/>
</kw>
<status status="PASS" starttime="20210513 15:32:15.623" endtime="20210513 15:32:15.662"/>
</kw>
<kw name="Input Class DESC" library="resource">
<arg>${DESC}</arg>
<kw name="Input Text" library="SeleniumLibrary">
<arg>description_field</arg>
<arg>${DESC}</arg>
<doc>Types the given ``text`` into the text field identified by ``locator``.</doc>
<msg timestamp="20210513 15:32:15.662" level="INFO">Typing text 'Here is Yoga description' into text field 'description_field'.</msg>
<status status="PASS" starttime="20210513 15:32:15.662" endtime="20210513 15:32:15.732"/>
</kw>
<status status="PASS" starttime="20210513 15:32:15.662" endtime="20210513 15:32:15.732"/>
</kw>
<kw name="Choose Class Diffculty" library="resource">
<arg>${diffVal}</arg>
<kw name="Select From List By Value" library="SeleniumLibrary">
<arg>xpath://*[@id="difficulty_field"]</arg>
<arg>${value}</arg>
<doc>Selects options from selection list ``locator`` by ``values``.</doc>
<msg timestamp="20210513 15:32:15.732" level="INFO">Selecting options from selection list 'xpath://*[@id="difficulty_field"]' by value 2.</msg>
<status status="PASS" starttime="20210513 15:32:15.732" endtime="20210513 15:32:15.762"/>
</kw>
<status status="PASS" starttime="20210513 15:32:15.732" endtime="20210513 15:32:15.762"/>
</kw>
<kw name="Choose language" library="resource">
<arg>${langVal}</arg>
<kw name="Select From List By Value" library="SeleniumLibrary">
<arg>xpath://*[@id="language_field"]</arg>
<arg>${value}</arg>
<doc>Selects options from selection list ``locator`` by ``values``.</doc>
<msg timestamp="20210513 15:32:15.763" level="INFO">Selecting options from selection list 'xpath://*[@id="language_field"]' by value 3.</msg>
<status status="PASS" starttime="20210513 15:32:15.763" endtime="20210513 15:32:15.796"/>
</kw>
<status status="PASS" starttime="20210513 15:32:15.762" endtime="20210513 15:32:15.797"/>
</kw>
<kw name="Submit ClassInfo" library="resource">
<kw name="Click Button" library="SeleniumLibrary">
<arg>submit_button</arg>
<doc>Clicks the button identified by ``locator``.</doc>
<msg timestamp="20210513 15:32:15.797" level="INFO">Clicking button 'submit_button'.</msg>
<status status="PASS" starttime="20210513 15:32:15.797" endtime="20210513 15:32:15.833"/>
</kw>
<status status="PASS" starttime="20210513 15:32:15.797" endtime="20210513 15:32:15.833"/>
</kw>
<kw name="Class Creation Should Have Failed">
<kw name="CreateClassErr Page Should Be Open" library="resource">
<kw name="Location Should Be" library="SeleniumLibrary">
<arg>${CREATE_CLASS_ERR URL}</arg>
<doc>Verifies that the current URL is exactly ``url``.</doc>
<msg timestamp="20210513 15:32:15.835" level="INFO">Current location is 'http://localhost:7272/classCreationError.html'.</msg>
<status status="PASS" starttime="20210513 15:32:15.833" endtime="20210513 15:32:15.835"/>
</kw>
<kw name="Title Should Be" library="SeleniumLibrary">
<arg>Error Page</arg>
<doc>Verifies that the current page title equals ``title``.</doc>
<msg timestamp="20210513 15:32:15.837" level="INFO">Page title is 'Error Page'.</msg>
<status status="PASS" starttime="20210513 15:32:15.836" endtime="20210513 15:32:15.837"/>
</kw>
<status status="PASS" starttime="20210513 15:32:15.833" endtime="20210513 15:32:15.837"/>
</kw>
<status status="PASS" starttime="20210513 15:32:15.833" endtime="20210513 15:32:15.837"/>
</kw>
<status status="PASS" starttime="20210513 15:32:15.622" endtime="20210513 15:32:15.837"/>
</kw>
<status status="PASS" starttime="20210513 15:32:15.608" endtime="20210513 15:32:15.838"/>
</test>
<test id="s1-s1-t15" name="Empty classTitle And DESC And Invalid diffVal And langVal">
<kw name="Go To Create Class Page" library="resource" type="SETUP">
<kw name="Go To" library="SeleniumLibrary">
<arg>${CREATE_CLASS URL}</arg>
<doc>Navigates the current browser window to the provided ``url``.</doc>
<msg timestamp="20210513 15:32:15.839" level="INFO">Opening url 'http://localhost:7272/createClass.html'</msg>
<status status="PASS" starttime="20210513 15:32:15.839" endtime="20210513 15:32:15.858"/>
</kw>
<kw name="Create Class Page Should Be Open" library="resource">
<kw name="Title Should Be" library="SeleniumLibrary">
<arg>Create class</arg>
<doc>Verifies that the current page title equals ``title``.</doc>
<msg timestamp="20210513 15:32:15.860" level="INFO">Page title is 'Create class'.</msg>
<status status="PASS" starttime="20210513 15:32:15.858" endtime="20210513 15:32:15.860"/>
</kw>
<status status="PASS" starttime="20210513 15:32:15.858" endtime="20210513 15:32:15.860"/>
</kw>
<status status="PASS" starttime="20210513 15:32:15.839" endtime="20210513 15:32:15.860"/>
</kw>
<kw name="Create Class With Invalid ClassInfo Should Fail">
<arg>${EMPTY}</arg>
<arg>${EMPTY}</arg>
<arg>0</arg>
<arg>0</arg>
<kw name="Input Class Title" library="resource">
<arg>${classTitle}</arg>
<kw name="Input Text" library="SeleniumLibrary">
<arg>title_field</arg>
<arg>${classTitle}</arg>
<doc>Types the given ``text`` into the text field identified by ``locator``.</doc>
<msg timestamp="20210513 15:32:15.861" level="INFO">Typing text '' into text field 'title_field'.</msg>
<status status="PASS" starttime="20210513 15:32:15.861" endtime="20210513 15:32:15.901"/>
</kw>
<status status="PASS" starttime="20210513 15:32:15.861" endtime="20210513 15:32:15.901"/>
</kw>
<kw name="Input Class DESC" library="resource">
<arg>${DESC}</arg>
<kw name="Input Text" library="SeleniumLibrary">
<arg>description_field</arg>
<arg>${DESC}</arg>
<doc>Types the given ``text`` into the text field identified by ``locator``.</doc>
<msg timestamp="20210513 15:32:15.902" level="INFO">Typing text '' into text field 'description_field'.</msg>
<status status="PASS" starttime="20210513 15:32:15.902" endtime="20210513 15:32:15.940"/>
</kw>
<status status="PASS" starttime="20210513 15:32:15.902" endtime="20210513 15:32:15.940"/>
</kw>
<kw name="Choose Class Diffculty" library="resource">
<arg>${diffVal}</arg>
<kw name="Select From List By Value" library="SeleniumLibrary">
<arg>xpath://*[@id="difficulty_field"]</arg>
<arg>${value}</arg>
<doc>Selects options from selection list ``locator`` by ``values``.</doc>
<msg timestamp="20210513 15:32:15.941" level="INFO">Selecting options from selection list 'xpath://*[@id="difficulty_field"]' by value 0.</msg>
<status status="PASS" starttime="20210513 15:32:15.941" endtime="20210513 15:32:15.961"/>
</kw>
<status status="PASS" starttime="20210513 15:32:15.940" endtime="20210513 15:32:15.961"/>
</kw>
<kw name="Choose language" library="resource">
<arg>${langVal}</arg>
<kw name="Select From List By Value" library="SeleniumLibrary">
<arg>xpath://*[@id="language_field"]</arg>
<arg>${value}</arg>
<doc>Selects options from selection list ``locator`` by ``values``.</doc>
<msg timestamp="20210513 15:32:15.962" level="INFO">Selecting options from selection list 'xpath://*[@id="language_field"]' by value 0.</msg>
<status status="PASS" starttime="20210513 15:32:15.961" endtime="20210513 15:32:15.981"/>
</kw>
<status status="PASS" starttime="20210513 15:32:15.961" endtime="20210513 15:32:15.981"/>
</kw>
<kw name="Submit ClassInfo" library="resource">
<kw name="Click Button" library="SeleniumLibrary">
<arg>submit_button</arg>
<doc>Clicks the button identified by ``locator``.</doc>
<msg timestamp="20210513 15:32:15.981" level="INFO">Clicking button 'submit_button'.</msg>
<status status="PASS" starttime="20210513 15:32:15.981" endtime="20210513 15:32:16.023"/>
</kw>
<status status="PASS" starttime="20210513 15:32:15.981" endtime="20210513 15:32:16.023"/>
</kw>
<kw name="Class Creation Should Have Failed">
<kw name="CreateClassErr Page Should Be Open" library="resource">
<kw name="Location Should Be" library="SeleniumLibrary">
<arg>${CREATE_CLASS_ERR URL}</arg>
<doc>Verifies that the current URL is exactly ``url``.</doc>
<msg timestamp="20210513 15:32:16.027" level="INFO">Current location is 'http://localhost:7272/classCreationError.html'.</msg>
<status status="PASS" starttime="20210513 15:32:16.024" endtime="20210513 15:32:16.027"/>
</kw>
<kw name="Title Should Be" library="SeleniumLibrary">
<arg>Error Page</arg>
<doc>Verifies that the current page title equals ``title``.</doc>
<msg timestamp="20210513 15:32:16.029" level="INFO">Page title is 'Error Page'.</msg>
<status status="PASS" starttime="20210513 15:32:16.027" endtime="20210513 15:32:16.029"/>
</kw>
<status status="PASS" starttime="20210513 15:32:16.024" endtime="20210513 15:32:16.029"/>
</kw>
<status status="PASS" starttime="20210513 15:32:16.024" endtime="20210513 15:32:16.029"/>
</kw>
<status status="PASS" starttime="20210513 15:32:15.860" endtime="20210513 15:32:16.029"/>
</kw>
<status status="PASS" starttime="20210513 15:32:15.839" endtime="20210513 15:32:16.029"/>
</test>
<kw name="Close Browser" library="SeleniumLibrary" type="TEARDOWN">
<doc>Closes the current browser.</doc>
<status status="PASS" starttime="20210513 15:32:16.031" endtime="20210513 15:32:18.114"/>
</kw>
<doc>A test suite containing tests related to invalid class creation.

These tests are data-driven by their nature. They use a single
keyword, specified with Test Template setting, that is called
with different arguments to cover different scenarios.

This suite also demonstrates using setups and teardowns in
different levels.</doc>
<status status="PASS" starttime="20210513 15:32:11.133" endtime="20210513 15:32:18.114"/>
</suite>
<suite id="s1-s2" name="valid ClassCreated" source="C:\Users\111\Desktop\WebDemo-main\createClass_tests\valid_ClassCreated.robot">
<kw name="Open Browser To Create Class Page" library="resource" type="SETUP">
<kw name="Open Browser" library="SeleniumLibrary">
<arg>${CREATE_CLASS URL}</arg>
<arg>${BROWSER}</arg>
<doc>Opens a new browser instance to the optional ``url``.</doc>
<msg timestamp="20210513 15:32:18.124" level="INFO">Opening browser 'Chrome' to base url 'http://localhost:7272/createClass.html'.</msg>
<status status="PASS" starttime="20210513 15:32:18.123" endtime="20210513 15:32:19.489"/>
</kw>
<kw name="Maximize Browser Window" library="SeleniumLibrary">
<doc>Maximizes current browser window.</doc>
<status status="PASS" starttime="20210513 15:32:19.490" endtime="20210513 15:32:19.613"/>
</kw>
<kw name="Set Selenium Speed" library="SeleniumLibrary">
<arg>${DELAY}</arg>
<doc>Sets the delay that is waited after each Selenium command.</doc>
<status status="PASS" starttime="20210513 15:32:19.613" endtime="20210513 15:32:19.614"/>
</kw>
<kw name="Create Class Page Should Be Open" library="resource">
<kw name="Title Should Be" library="SeleniumLibrary">
<arg>Create class</arg>
<doc>Verifies that the current page title equals ``title``.</doc>
<msg timestamp="20210513 15:32:19.617" level="INFO">Page title is 'Create class'.</msg>
<status status="PASS" starttime="20210513 15:32:19.614" endtime="20210513 15:32:19.617"/>
</kw>
<status status="PASS" starttime="20210513 15:32:19.614" endtime="20210513 15:32:19.618"/>
</kw>
<status status="PASS" starttime="20210513 15:32:18.123" endtime="20210513 15:32:19.618"/>
</kw>
<test id="s1-s2-t1" name="correct_Case">
<kw name="Go To Create Class Page" library="resource" type="SETUP">
<kw name="Go To" library="SeleniumLibrary">
<arg>${CREATE_CLASS URL}</arg>
<doc>Navigates the current browser window to the provided ``url``.</doc>
<msg timestamp="20210513 15:32:19.619" level="INFO">Opening url 'http://localhost:7272/createClass.html'</msg>
<status status="PASS" starttime="20210513 15:32:19.619" endtime="20210513 15:32:19.719"/>
</kw>
<kw name="Create Class Page Should Be Open" library="resource">
<kw name="Title Should Be" library="SeleniumLibrary">
<arg>Create class</arg>
<doc>Verifies that the current page title equals ``title``.</doc>
<msg timestamp="20210513 15:32:19.723" level="INFO">Page title is 'Create class'.</msg>
<status status="PASS" starttime="20210513 15:32:19.720" endtime="20210513 15:32:19.723"/>
</kw>
<status status="PASS" starttime="20210513 15:32:19.720" endtime="20210513 15:32:19.723"/>
</kw>
<status status="PASS" starttime="20210513 15:32:19.618" endtime="20210513 15:32:19.723"/>
</kw>
<kw name="Create Class With valid ClassInfo Should Pass">
<arg>${VALID ClassTitle}</arg>
<arg>${VALID DESC}</arg>
<arg>1</arg>
<arg>2</arg>
<kw name="Input Class Title" library="resource">
<arg>${classTitle}</arg>
<kw name="Input Text" library="SeleniumLibrary">
<arg>title_field</arg>
<arg>${classTitle}</arg>
<doc>Types the given ``text`` into the text field identified by ``locator``.</doc>
<msg timestamp="20210513 15:32:19.725" level="INFO">Typing text 'Yoga' into text field 'title_field'.</msg>
<status status="PASS" starttime="20210513 15:32:19.725" endtime="20210513 15:32:19.777"/>
</kw>
<status status="PASS" starttime="20210513 15:32:19.724" endtime="20210513 15:32:19.777"/>
</kw>
<kw name="Input Class DESC" library="resource">
<arg>${DESC}</arg>
<kw name="Input Text" library="SeleniumLibrary">
<arg>description_field</arg>
<arg>${DESC}</arg>
<doc>Types the given ``text`` into the text field identified by ``locator``.</doc>
<msg timestamp="20210513 15:32:19.777" level="INFO">Typing text 'Here is Yoga description' into text field 'description_field'.</msg>
<status status="PASS" starttime="20210513 15:32:19.777" endtime="20210513 15:32:19.844"/>
</kw>
<status status="PASS" starttime="20210513 15:32:19.777" endtime="20210513 15:32:19.844"/>
</kw>
<kw name="Choose Class Diffculty" library="resource">
<arg>${diffVal}</arg>
<kw name="Select From List By Value" library="SeleniumLibrary">
<arg>xpath://*[@id="difficulty_field"]</arg>
<arg>${value}</arg>
<doc>Selects options from selection list ``locator`` by ``values``.</doc>
<msg timestamp="20210513 15:32:19.845" level="INFO">Selecting options from selection list 'xpath://*[@id="difficulty_field"]' by value 1.</msg>
<status status="PASS" starttime="20210513 15:32:19.845" endtime="20210513 15:32:19.878"/>
</kw>
<status status="PASS" starttime="20210513 15:32:19.844" endtime="20210513 15:32:19.878"/>
</kw>
<kw name="Choose language" library="resource">
<arg>${langVal}</arg>
<kw name="Select From List By Value" library="SeleniumLibrary">
<arg>xpath://*[@id="language_field"]</arg>
<arg>${value}</arg>
<doc>Selects options from selection list ``locator`` by ``values``.</doc>
<msg timestamp="20210513 15:32:19.879" level="INFO">Selecting options from selection list 'xpath://*[@id="language_field"]' by value 2.</msg>
<status status="PASS" starttime="20210513 15:32:19.879" endtime="20210513 15:32:19.913"/>
</kw>
<status status="PASS" starttime="20210513 15:32:19.878" endtime="20210513 15:32:19.913"/>
</kw>
<kw name="Submit ClassInfo" library="resource">
<kw name="Click Button" library="SeleniumLibrary">
<arg>submit_button</arg>
<doc>Clicks the button identified by ``locator``.</doc>
<msg timestamp="20210513 15:32:19.914" level="INFO">Clicking button 'submit_button'.</msg>
<status status="PASS" starttime="20210513 15:32:19.914" endtime="20210513 15:32:20.053"/>
</kw>
<status status="PASS" starttime="20210513 15:32:19.913" endtime="20210513 15:32:20.053"/>
</kw>
<kw name="Class Creation Should Have Passed">
<kw name="ClassCreated Page Should Be Open" library="resource">
<kw name="Location Should Be" library="SeleniumLibrary">
<arg>${CLASSCREATED URL}</arg>
<doc>Verifies that the current URL is exactly ``url``.</doc>
<msg timestamp="20210513 15:32:20.057" level="INFO">Current location is 'http://localhost:7272/classCreated.html'.</msg>
<status status="PASS" starttime="20210513 15:32:20.054" endtime="20210513 15:32:20.057"/>
</kw>
<kw name="Title Should Be" library="SeleniumLibrary">
<arg>Result Page</arg>
<doc>Verifies that the current page title equals ``title``.</doc>
<msg timestamp="20210513 15:32:20.059" level="INFO">Page title is 'Result Page'.</msg>
<status status="PASS" starttime="20210513 15:32:20.057" endtime="20210513 15:32:20.059"/>
</kw>
<status status="PASS" starttime="20210513 15:32:20.053" endtime="20210513 15:32:20.059"/>
</kw>
<status status="PASS" starttime="20210513 15:32:20.053" endtime="20210513 15:32:20.059"/>
</kw>
<status status="PASS" starttime="20210513 15:32:19.724" endtime="20210513 15:32:20.059"/>
</kw>
<status status="PASS" starttime="20210513 15:32:19.618" endtime="20210513 15:32:20.059"/>
</test>
<kw name="Close Browser" library="SeleniumLibrary" type="TEARDOWN">
<doc>Closes the current browser.</doc>
<status status="PASS" starttime="20210513 15:32:20.060" endtime="20210513 15:32:22.139"/>
</kw>
<doc>A test suite with a single test for valid class creation.

This test has a workflow that is created using keywords in
the imported resource file.</doc>
<status status="PASS" starttime="20210513 15:32:18.118" endtime="20210513 15:32:22.139"/>
</suite>
<status status="PASS" starttime="20210513 15:32:11.115" endtime="20210513 15:32:22.143"/>
</suite>
<statistics>
<total>
<stat pass="16" fail="0" skip="0">All Tests</stat>
</total>
<tag>
</tag>
<suite>
<stat pass="16" fail="0" skip="0" id="s1" name="createClass tests">createClass tests</stat>
<stat pass="15" fail="0" skip="0" id="s1-s1" name="invalid ClassCreated">createClass tests.invalid ClassCreated</stat>
<stat pass="1" fail="0" skip="0" id="s1-s2" name="valid ClassCreated">createClass tests.valid ClassCreated</stat>
</suite>
</statistics>
<errors>
</errors>
</robot>
