<?xml version="1.0" encoding="UTF-8"?>
<robot generator="Robot 4.0.1 (Python 3.9.4 on win32)" generated="20210429 18:03:05.594" rpa="false" schemaversion="2">
<suite id="s1" name="invalid ClassCreated" source="C:\Users\111\Desktop\WebDemo-main\createClass_tests\invalid_ClassCreated.robot">
<kw name="Open Browser To Create Class Page" library="resource" type="SETUP">
<kw name="Open Browser" library="SeleniumLibrary">
<arg>${CREATE_CLASS URL}</arg>
<arg>${BROWSER}</arg>
<doc>Opens a new browser instance to the optional ``url``.</doc>
<msg timestamp="20210429 18:03:05.746" level="INFO">Opening browser 'Chrome' to base url 'http://localhost:7272/createClass.html'.</msg>
<status status="PASS" starttime="20210429 18:03:05.746" endtime="20210429 18:03:07.097"/>
</kw>
<kw name="Maximize Browser Window" library="SeleniumLibrary">
<doc>Maximizes current browser window.</doc>
<status status="PASS" starttime="20210429 18:03:07.097" endtime="20210429 18:03:07.220"/>
</kw>
<kw name="Set Selenium Speed" library="SeleniumLibrary">
<arg>${DELAY}</arg>
<doc>Sets the delay that is waited after each Selenium command.</doc>
<status status="PASS" starttime="20210429 18:03:07.220" endtime="20210429 18:03:07.220"/>
</kw>
<kw name="Create Class Page Should Be Open" library="resource">
<kw name="Title Should Be" library="SeleniumLibrary">
<arg>Create class</arg>
<doc>Verifies that the current page title equals ``title``.</doc>
<msg timestamp="20210429 18:03:07.224" level="INFO">Page title is 'Create class'.</msg>
<status status="PASS" starttime="20210429 18:03:07.221" endtime="20210429 18:03:07.224"/>
</kw>
<status status="PASS" starttime="20210429 18:03:07.220" endtime="20210429 18:03:07.224"/>
</kw>
<status status="PASS" starttime="20210429 18:03:05.746" endtime="20210429 18:03:07.224"/>
</kw>
<test id="s1-t1" name="classTitle Only">
<kw name="Go To Create Class Page" library="resource" type="SETUP">
<kw name="Go To" library="SeleniumLibrary">
<arg>${CREATE_CLASS URL}</arg>
<doc>Navigates the current browser window to the provided ``url``.</doc>
<msg timestamp="20210429 18:03:07.225" level="INFO">Opening url 'http://localhost:7272/createClass.html'</msg>
<status status="PASS" starttime="20210429 18:03:07.225" endtime="20210429 18:03:07.325"/>
</kw>
<kw name="Create Class Page Should Be Open" library="resource">
<kw name="Title Should Be" library="SeleniumLibrary">
<arg>Create class</arg>
<doc>Verifies that the current page title equals ``title``.</doc>
<msg timestamp="20210429 18:03:07.328" level="INFO">Page title is 'Create class'.</msg>
<status status="PASS" starttime="20210429 18:03:07.325" endtime="20210429 18:03:07.328"/>
</kw>
<status status="PASS" starttime="20210429 18:03:07.325" endtime="20210429 18:03:07.328"/>
</kw>
<status status="PASS" starttime="20210429 18:03:07.225" endtime="20210429 18:03:07.328"/>
</kw>
<kw name="Create Class With Invalid ClassInfo Should Fail">
<arg>${VALID ClassTitle}</arg>
<arg>${EMPTY}</arg>
<arg>0</arg>
<arg>0</arg>
<kw name="Input Class Title" library="resource">
<arg>${classTitle}</arg>
<kw name="Input Text" library="SeleniumLibrary">
<arg>title_field</arg>
<arg>${classTitle}</arg>
<doc>Types the given ``text`` into the text field identified by ``locator``.</doc>
<msg timestamp="20210429 18:03:07.330" level="INFO">Typing text 'Yoga' into text field 'title_field'.</msg>
<status status="PASS" starttime="20210429 18:03:07.330" endtime="20210429 18:03:07.391"/>
</kw>
<status status="PASS" starttime="20210429 18:03:07.330" endtime="20210429 18:03:07.391"/>
</kw>
<kw name="Input Class DESC" library="resource">
<arg>${DESC}</arg>
<kw name="Input Text" library="SeleniumLibrary">
<arg>description_field</arg>
<arg>${DESC}</arg>
<doc>Types the given ``text`` into the text field identified by ``locator``.</doc>
<msg timestamp="20210429 18:03:07.392" level="INFO">Typing text '' into text field 'description_field'.</msg>
<status status="PASS" starttime="20210429 18:03:07.392" endtime="20210429 18:03:07.435"/>
</kw>
<status status="PASS" starttime="20210429 18:03:07.391" endtime="20210429 18:03:07.435"/>
</kw>
<kw name="Choose Class Diffculty" library="resource">
<arg>${diffVal}</arg>
<kw name="Select From List By Value" library="SeleniumLibrary">
<arg>xpath://*[@id="difficulty_field"]</arg>
<arg>${value}</arg>
<doc>Selects options from selection list ``locator`` by ``values``.</doc>
<msg timestamp="20210429 18:03:07.436" level="INFO">Selecting options from selection list 'xpath://*[@id="difficulty_field"]' by value 0.</msg>
<status status="PASS" starttime="20210429 18:03:07.436" endtime="20210429 18:03:07.459"/>
</kw>
<status status="PASS" starttime="20210429 18:03:07.435" endtime="20210429 18:03:07.459"/>
</kw>
<kw name="Choose language" library="resource">
<arg>${langVal}</arg>
<kw name="Select From List By Value" library="SeleniumLibrary">
<arg>xpath://*[@id="language_field"]</arg>
<arg>${value}</arg>
<doc>Selects options from selection list ``locator`` by ``values``.</doc>
<msg timestamp="20210429 18:03:07.460" level="INFO">Selecting options from selection list 'xpath://*[@id="language_field"]' by value 0.</msg>
<status status="PASS" starttime="20210429 18:03:07.460" endtime="20210429 18:03:07.481"/>
</kw>
<status status="PASS" starttime="20210429 18:03:07.460" endtime="20210429 18:03:07.481"/>
</kw>
<kw name="Submit ClassInfo" library="resource">
<kw name="Click Button" library="SeleniumLibrary">
<arg>submit_button</arg>
<doc>Clicks the button identified by ``locator``.</doc>
<msg timestamp="20210429 18:03:07.482" level="INFO">Clicking button 'submit_button'.</msg>
<status status="PASS" starttime="20210429 18:03:07.482" endtime="20210429 18:03:07.546"/>
</kw>
<status status="PASS" starttime="20210429 18:03:07.481" endtime="20210429 18:03:07.546"/>
</kw>
<kw name="Class Creation Should Have Failed">
<kw name="Location Should Be" library="SeleniumLibrary">
<arg>${CREATE_CLASS_ERR URL}</arg>
<doc>Verifies that the current URL is exactly ``url``.</doc>
<msg timestamp="20210429 18:03:07.549" level="INFO">Current location is 'http://localhost:7272/classCreationError.html'.</msg>
<status status="PASS" starttime="20210429 18:03:07.547" endtime="20210429 18:03:07.549"/>
</kw>
<kw name="Title Should Be" library="SeleniumLibrary">
<arg>Error Page</arg>
<doc>Verifies that the current page title equals ``title``.</doc>
<msg timestamp="20210429 18:03:07.551" level="INFO">Page title is 'Error Page'.</msg>
<status status="PASS" starttime="20210429 18:03:07.549" endtime="20210429 18:03:07.551"/>
</kw>
<status status="PASS" starttime="20210429 18:03:07.546" endtime="20210429 18:03:07.551"/>
</kw>
<status status="PASS" starttime="20210429 18:03:07.329" endtime="20210429 18:03:07.551"/>
</kw>
<status status="PASS" starttime="20210429 18:03:07.224" endtime="20210429 18:03:07.552"/>
</test>
<test id="s1-t2" name="DESC only">
<kw name="Go To Create Class Page" library="resource" type="SETUP">
<kw name="Go To" library="SeleniumLibrary">
<arg>${CREATE_CLASS URL}</arg>
<doc>Navigates the current browser window to the provided ``url``.</doc>
<msg timestamp="20210429 18:03:07.554" level="INFO">Opening url 'http://localhost:7272/createClass.html'</msg>
<status status="PASS" starttime="20210429 18:03:07.554" endtime="20210429 18:03:07.569"/>
</kw>
<kw name="Create Class Page Should Be Open" library="resource">
<kw name="Title Should Be" library="SeleniumLibrary">
<arg>Create class</arg>
<doc>Verifies that the current page title equals ``title``.</doc>
<msg timestamp="20210429 18:03:07.572" level="INFO">Page title is 'Create class'.</msg>
<status status="PASS" starttime="20210429 18:03:07.569" endtime="20210429 18:03:07.572"/>
</kw>
<status status="PASS" starttime="20210429 18:03:07.569" endtime="20210429 18:03:07.572"/>
</kw>
<status status="PASS" starttime="20210429 18:03:07.553" endtime="20210429 18:03:07.572"/>
</kw>
<kw name="Create Class With Invalid ClassInfo Should Fail">
<arg>${EMPTY}</arg>
<arg>${VALID DESC}</arg>
<arg>0</arg>
<arg>0</arg>
<kw name="Input Class Title" library="resource">
<arg>${classTitle}</arg>
<kw name="Input Text" library="SeleniumLibrary">
<arg>title_field</arg>
<arg>${classTitle}</arg>
<doc>Types the given ``text`` into the text field identified by ``locator``.</doc>
<msg timestamp="20210429 18:03:07.573" level="INFO">Typing text '' into text field 'title_field'.</msg>
<status status="PASS" starttime="20210429 18:03:07.573" endtime="20210429 18:03:07.615"/>
</kw>
<status status="PASS" starttime="20210429 18:03:07.573" endtime="20210429 18:03:07.615"/>
</kw>
<kw name="Input Class DESC" library="resource">
<arg>${DESC}</arg>
<kw name="Input Text" library="SeleniumLibrary">
<arg>description_field</arg>
<arg>${DESC}</arg>
<doc>Types the given ``text`` into the text field identified by ``locator``.</doc>
<msg timestamp="20210429 18:03:07.615" level="INFO">Typing text 'Here is Yoga description' into text field 'description_field'.</msg>
<status status="PASS" starttime="20210429 18:03:07.615" endtime="20210429 18:03:07.685"/>
</kw>
<status status="PASS" starttime="20210429 18:03:07.615" endtime="20210429 18:03:07.685"/>
</kw>
<kw name="Choose Class Diffculty" library="resource">
<arg>${diffVal}</arg>
<kw name="Select From List By Value" library="SeleniumLibrary">
<arg>xpath://*[@id="difficulty_field"]</arg>
<arg>${value}</arg>
<doc>Selects options from selection list ``locator`` by ``values``.</doc>
<msg timestamp="20210429 18:03:07.686" level="INFO">Selecting options from selection list 'xpath://*[@id="difficulty_field"]' by value 0.</msg>
<status status="PASS" starttime="20210429 18:03:07.686" endtime="20210429 18:03:07.704"/>
</kw>
<status status="PASS" starttime="20210429 18:03:07.686" endtime="20210429 18:03:07.704"/>
</kw>
<kw name="Choose language" library="resource">
<arg>${langVal}</arg>
<kw name="Select From List By Value" library="SeleniumLibrary">
<arg>xpath://*[@id="language_field"]</arg>
<arg>${value}</arg>
<doc>Selects options from selection list ``locator`` by ``values``.</doc>
<msg timestamp="20210429 18:03:07.705" level="INFO">Selecting options from selection list 'xpath://*[@id="language_field"]' by value 0.</msg>
<status status="PASS" starttime="20210429 18:03:07.704" endtime="20210429 18:03:07.723"/>
</kw>
<status status="PASS" starttime="20210429 18:03:07.704" endtime="20210429 18:03:07.723"/>
</kw>
<kw name="Submit ClassInfo" library="resource">
<kw name="Click Button" library="SeleniumLibrary">
<arg>submit_button</arg>
<doc>Clicks the button identified by ``locator``.</doc>
<msg timestamp="20210429 18:03:07.724" level="INFO">Clicking button 'submit_button'.</msg>
<status status="PASS" starttime="20210429 18:03:07.724" endtime="20210429 18:03:07.756"/>
</kw>
<status status="PASS" starttime="20210429 18:03:07.723" endtime="20210429 18:03:07.756"/>
</kw>
<kw name="Class Creation Should Have Failed">
<kw name="Location Should Be" library="SeleniumLibrary">
<arg>${CREATE_CLASS_ERR URL}</arg>
<doc>Verifies that the current URL is exactly ``url``.</doc>
<msg timestamp="20210429 18:03:07.759" level="INFO">Current location is 'http://localhost:7272/classCreationError.html'.</msg>
<status status="PASS" starttime="20210429 18:03:07.757" endtime="20210429 18:03:07.759"/>
</kw>
<kw name="Title Should Be" library="SeleniumLibrary">
<arg>Error Page</arg>
<doc>Verifies that the current page title equals ``title``.</doc>
<msg timestamp="20210429 18:03:07.761" level="INFO">Page title is 'Error Page'.</msg>
<status status="PASS" starttime="20210429 18:03:07.759" endtime="20210429 18:03:07.761"/>
</kw>
<status status="PASS" starttime="20210429 18:03:07.756" endtime="20210429 18:03:07.761"/>
</kw>
<status status="PASS" starttime="20210429 18:03:07.572" endtime="20210429 18:03:07.761"/>
</kw>
<status status="PASS" starttime="20210429 18:03:07.553" endtime="20210429 18:03:07.761"/>
</test>
<test id="s1-t3" name="DiffVal only">
<kw name="Go To Create Class Page" library="resource" type="SETUP">
<kw name="Go To" library="SeleniumLibrary">
<arg>${CREATE_CLASS URL}</arg>
<doc>Navigates the current browser window to the provided ``url``.</doc>
<msg timestamp="20210429 18:03:07.763" level="INFO">Opening url 'http://localhost:7272/createClass.html'</msg>
<status status="PASS" starttime="20210429 18:03:07.763" endtime="20210429 18:03:07.775"/>
</kw>
<kw name="Create Class Page Should Be Open" library="resource">
<kw name="Title Should Be" library="SeleniumLibrary">
<arg>Create class</arg>
<doc>Verifies that the current page title equals ``title``.</doc>
<msg timestamp="20210429 18:03:07.777" level="INFO">Page title is 'Create class'.</msg>
<status status="PASS" starttime="20210429 18:03:07.775" endtime="20210429 18:03:07.777"/>
</kw>
<status status="PASS" starttime="20210429 18:03:07.775" endtime="20210429 18:03:07.777"/>
</kw>
<status status="PASS" starttime="20210429 18:03:07.763" endtime="20210429 18:03:07.778"/>
</kw>
<kw name="Create Class With Invalid ClassInfo Should Fail">
<arg>${EMPTY}</arg>
<arg>${EMPTY}</arg>
<arg>1</arg>
<arg>0</arg>
<kw name="Input Class Title" library="resource">
<arg>${classTitle}</arg>
<kw name="Input Text" library="SeleniumLibrary">
<arg>title_field</arg>
<arg>${classTitle}</arg>
<doc>Types the given ``text`` into the text field identified by ``locator``.</doc>
<msg timestamp="20210429 18:03:07.779" level="INFO">Typing text '' into text field 'title_field'.</msg>
<status status="PASS" starttime="20210429 18:03:07.779" endtime="20210429 18:03:07.817"/>
</kw>
<status status="PASS" starttime="20210429 18:03:07.779" endtime="20210429 18:03:07.818"/>
</kw>
<kw name="Input Class DESC" library="resource">
<arg>${DESC}</arg>
<kw name="Input Text" library="SeleniumLibrary">
<arg>description_field</arg>
<arg>${DESC}</arg>
<doc>Types the given ``text`` into the text field identified by ``locator``.</doc>
<msg timestamp="20210429 18:03:07.818" level="INFO">Typing text '' into text field 'description_field'.</msg>
<status status="PASS" starttime="20210429 18:03:07.818" endtime="20210429 18:03:07.857"/>
</kw>
<status status="PASS" starttime="20210429 18:03:07.818" endtime="20210429 18:03:07.857"/>
</kw>
<kw name="Choose Class Diffculty" library="resource">
<arg>${diffVal}</arg>
<kw name="Select From List By Value" library="SeleniumLibrary">
<arg>xpath://*[@id="difficulty_field"]</arg>
<arg>${value}</arg>
<doc>Selects options from selection list ``locator`` by ``values``.</doc>
<msg timestamp="20210429 18:03:07.857" level="INFO">Selecting options from selection list 'xpath://*[@id="difficulty_field"]' by value 1.</msg>
<status status="PASS" starttime="20210429 18:03:07.857" endtime="20210429 18:03:07.891"/>
</kw>
<status status="PASS" starttime="20210429 18:03:07.857" endtime="20210429 18:03:07.891"/>
</kw>
<kw name="Choose language" library="resource">
<arg>${langVal}</arg>
<kw name="Select From List By Value" library="SeleniumLibrary">
<arg>xpath://*[@id="language_field"]</arg>
<arg>${value}</arg>
<doc>Selects options from selection list ``locator`` by ``values``.</doc>
<msg timestamp="20210429 18:03:07.892" level="INFO">Selecting options from selection list 'xpath://*[@id="language_field"]' by value 0.</msg>
<status status="PASS" starttime="20210429 18:03:07.892" endtime="20210429 18:03:07.911"/>
</kw>
<status status="PASS" starttime="20210429 18:03:07.891" endtime="20210429 18:03:07.911"/>
</kw>
<kw name="Submit ClassInfo" library="resource">
<kw name="Click Button" library="SeleniumLibrary">
<arg>submit_button</arg>
<doc>Clicks the button identified by ``locator``.</doc>
<msg timestamp="20210429 18:03:07.912" level="INFO">Clicking button 'submit_button'.</msg>
<status status="PASS" starttime="20210429 18:03:07.911" endtime="20210429 18:03:07.945"/>
</kw>
<status status="PASS" starttime="20210429 18:03:07.911" endtime="20210429 18:03:07.945"/>
</kw>
<kw name="Class Creation Should Have Failed">
<kw name="Location Should Be" library="SeleniumLibrary">
<arg>${CREATE_CLASS_ERR URL}</arg>
<doc>Verifies that the current URL is exactly ``url``.</doc>
<msg timestamp="20210429 18:03:07.948" level="INFO">Current location is 'http://localhost:7272/classCreationError.html'.</msg>
<status status="PASS" starttime="20210429 18:03:07.946" endtime="20210429 18:03:07.948"/>
</kw>
<kw name="Title Should Be" library="SeleniumLibrary">
<arg>Error Page</arg>
<doc>Verifies that the current page title equals ``title``.</doc>
<msg timestamp="20210429 18:03:07.950" level="INFO">Page title is 'Error Page'.</msg>
<status status="PASS" starttime="20210429 18:03:07.948" endtime="20210429 18:03:07.950"/>
</kw>
<status status="PASS" starttime="20210429 18:03:07.945" endtime="20210429 18:03:07.950"/>
</kw>
<status status="PASS" starttime="20210429 18:03:07.778" endtime="20210429 18:03:07.950"/>
</kw>
<status status="PASS" starttime="20210429 18:03:07.762" endtime="20210429 18:03:07.950"/>
</test>
<test id="s1-t4" name="LangVal only">
<kw name="Go To Create Class Page" library="resource" type="SETUP">
<kw name="Go To" library="SeleniumLibrary">
<arg>${CREATE_CLASS URL}</arg>
<doc>Navigates the current browser window to the provided ``url``.</doc>
<msg timestamp="20210429 18:03:07.952" level="INFO">Opening url 'http://localhost:7272/createClass.html'</msg>
<status status="PASS" starttime="20210429 18:03:07.952" endtime="20210429 18:03:07.962"/>
</kw>
<kw name="Create Class Page Should Be Open" library="resource">
<kw name="Title Should Be" library="SeleniumLibrary">
<arg>Create class</arg>
<doc>Verifies that the current page title equals ``title``.</doc>
<msg timestamp="20210429 18:03:07.964" level="INFO">Page title is 'Create class'.</msg>
<status status="PASS" starttime="20210429 18:03:07.962" endtime="20210429 18:03:07.964"/>
</kw>
<status status="PASS" starttime="20210429 18:03:07.962" endtime="20210429 18:03:07.964"/>
</kw>
<status status="PASS" starttime="20210429 18:03:07.952" endtime="20210429 18:03:07.964"/>
</kw>
<kw name="Create Class With Invalid ClassInfo Should Fail">
<arg>${EMPTY}</arg>
<arg>${EMPTY}</arg>
<arg>0</arg>
<arg>3</arg>
<kw name="Input Class Title" library="resource">
<arg>${classTitle}</arg>
<kw name="Input Text" library="SeleniumLibrary">
<arg>title_field</arg>
<arg>${classTitle}</arg>
<doc>Types the given ``text`` into the text field identified by ``locator``.</doc>
<msg timestamp="20210429 18:03:07.966" level="INFO">Typing text '' into text field 'title_field'.</msg>
<status status="PASS" starttime="20210429 18:03:07.966" endtime="20210429 18:03:08.005"/>
</kw>
<status status="PASS" starttime="20210429 18:03:07.966" endtime="20210429 18:03:08.005"/>
</kw>
<kw name="Input Class DESC" library="resource">
<arg>${DESC}</arg>
<kw name="Input Text" library="SeleniumLibrary">
<arg>description_field</arg>
<arg>${DESC}</arg>
<doc>Types the given ``text`` into the text field identified by ``locator``.</doc>
<msg timestamp="20210429 18:03:08.005" level="INFO">Typing text '' into text field 'description_field'.</msg>
<status status="PASS" starttime="20210429 18:03:08.005" endtime="20210429 18:03:08.046"/>
</kw>
<status status="PASS" starttime="20210429 18:03:08.005" endtime="20210429 18:03:08.046"/>
</kw>
<kw name="Choose Class Diffculty" library="resource">
<arg>${diffVal}</arg>
<kw name="Select From List By Value" library="SeleniumLibrary">
<arg>xpath://*[@id="difficulty_field"]</arg>
<arg>${value}</arg>
<doc>Selects options from selection list ``locator`` by ``values``.</doc>
<msg timestamp="20210429 18:03:08.047" level="INFO">Selecting options from selection list 'xpath://*[@id="difficulty_field"]' by value 0.</msg>
<status status="PASS" starttime="20210429 18:03:08.047" endtime="20210429 18:03:08.069"/>
</kw>
<status status="PASS" starttime="20210429 18:03:08.046" endtime="20210429 18:03:08.069"/>
</kw>
<kw name="Choose language" library="resource">
<arg>${langVal}</arg>
<kw name="Select From List By Value" library="SeleniumLibrary">
<arg>xpath://*[@id="language_field"]</arg>
<arg>${value}</arg>
<doc>Selects options from selection list ``locator`` by ``values``.</doc>
<msg timestamp="20210429 18:03:08.070" level="INFO">Selecting options from selection list 'xpath://*[@id="language_field"]' by value 3.</msg>
<status status="PASS" starttime="20210429 18:03:08.069" endtime="20210429 18:03:08.100"/>
</kw>
<status status="PASS" starttime="20210429 18:03:08.069" endtime="20210429 18:03:08.100"/>
</kw>
<kw name="Submit ClassInfo" library="resource">
<kw name="Click Button" library="SeleniumLibrary">
<arg>submit_button</arg>
<doc>Clicks the button identified by ``locator``.</doc>
<msg timestamp="20210429 18:03:08.101" level="INFO">Clicking button 'submit_button'.</msg>
<status status="PASS" starttime="20210429 18:03:08.101" endtime="20210429 18:03:08.142"/>
</kw>
<status status="PASS" starttime="20210429 18:03:08.100" endtime="20210429 18:03:08.142"/>
</kw>
<kw name="Class Creation Should Have Failed">
<kw name="Location Should Be" library="SeleniumLibrary">
<arg>${CREATE_CLASS_ERR URL}</arg>
<doc>Verifies that the current URL is exactly ``url``.</doc>
<msg timestamp="20210429 18:03:08.145" level="INFO">Current location is 'http://localhost:7272/classCreationError.html'.</msg>
<status status="PASS" starttime="20210429 18:03:08.142" endtime="20210429 18:03:08.145"/>
</kw>
<kw name="Title Should Be" library="SeleniumLibrary">
<arg>Error Page</arg>
<doc>Verifies that the current page title equals ``title``.</doc>
<msg timestamp="20210429 18:03:08.146" level="INFO">Page title is 'Error Page'.</msg>
<status status="PASS" starttime="20210429 18:03:08.145" endtime="20210429 18:03:08.146"/>
</kw>
<status status="PASS" starttime="20210429 18:03:08.142" endtime="20210429 18:03:08.146"/>
</kw>
<status status="PASS" starttime="20210429 18:03:07.965" endtime="20210429 18:03:08.147"/>
</kw>
<status status="PASS" starttime="20210429 18:03:07.951" endtime="20210429 18:03:08.147"/>
</test>
<test id="s1-t5" name="EMPTY DiffVal And LangVal">
<kw name="Go To Create Class Page" library="resource" type="SETUP">
<kw name="Go To" library="SeleniumLibrary">
<arg>${CREATE_CLASS URL}</arg>
<doc>Navigates the current browser window to the provided ``url``.</doc>
<msg timestamp="20210429 18:03:08.150" level="INFO">Opening url 'http://localhost:7272/createClass.html'</msg>
<status status="PASS" starttime="20210429 18:03:08.149" endtime="20210429 18:03:08.168"/>
</kw>
<kw name="Create Class Page Should Be Open" library="resource">
<kw name="Title Should Be" library="SeleniumLibrary">
<arg>Create class</arg>
<doc>Verifies that the current page title equals ``title``.</doc>
<msg timestamp="20210429 18:03:08.170" level="INFO">Page title is 'Create class'.</msg>
<status status="PASS" starttime="20210429 18:03:08.168" endtime="20210429 18:03:08.170"/>
</kw>
<status status="PASS" starttime="20210429 18:03:08.168" endtime="20210429 18:03:08.170"/>
</kw>
<status status="PASS" starttime="20210429 18:03:08.149" endtime="20210429 18:03:08.170"/>
</kw>
<kw name="Create Class With Invalid ClassInfo Should Fail">
<arg>${VALID ClassTitle}</arg>
<arg>${VALID DESC}</arg>
<arg>0</arg>
<arg>0</arg>
<kw name="Input Class Title" library="resource">
<arg>${classTitle}</arg>
<kw name="Input Text" library="SeleniumLibrary">
<arg>title_field</arg>
<arg>${classTitle}</arg>
<doc>Types the given ``text`` into the text field identified by ``locator``.</doc>
<msg timestamp="20210429 18:03:08.171" level="INFO">Typing text 'Yoga' into text field 'title_field'.</msg>
<status status="PASS" starttime="20210429 18:03:08.171" endtime="20210429 18:03:08.218"/>
</kw>
<status status="PASS" starttime="20210429 18:03:08.171" endtime="20210429 18:03:08.218"/>
</kw>
<kw name="Input Class DESC" library="resource">
<arg>${DESC}</arg>
<kw name="Input Text" library="SeleniumLibrary">
<arg>description_field</arg>
<arg>${DESC}</arg>
<doc>Types the given ``text`` into the text field identified by ``locator``.</doc>
<msg timestamp="20210429 18:03:08.218" level="INFO">Typing text 'Here is Yoga description' into text field 'description_field'.</msg>
<status status="PASS" starttime="20210429 18:03:08.218" endtime="20210429 18:03:08.283"/>
</kw>
<status status="PASS" starttime="20210429 18:03:08.218" endtime="20210429 18:03:08.283"/>
</kw>
<kw name="Choose Class Diffculty" library="resource">
<arg>${diffVal}</arg>
<kw name="Select From List By Value" library="SeleniumLibrary">
<arg>xpath://*[@id="difficulty_field"]</arg>
<arg>${value}</arg>
<doc>Selects options from selection list ``locator`` by ``values``.</doc>
<msg timestamp="20210429 18:03:08.284" level="INFO">Selecting options from selection list 'xpath://*[@id="difficulty_field"]' by value 0.</msg>
<status status="PASS" starttime="20210429 18:03:08.284" endtime="20210429 18:03:08.302"/>
</kw>
<status status="PASS" starttime="20210429 18:03:08.283" endtime="20210429 18:03:08.302"/>
</kw>
<kw name="Choose language" library="resource">
<arg>${langVal}</arg>
<kw name="Select From List By Value" library="SeleniumLibrary">
<arg>xpath://*[@id="language_field"]</arg>
<arg>${value}</arg>
<doc>Selects options from selection list ``locator`` by ``values``.</doc>
<msg timestamp="20210429 18:03:08.303" level="INFO">Selecting options from selection list 'xpath://*[@id="language_field"]' by value 0.</msg>
<status status="PASS" starttime="20210429 18:03:08.303" endtime="20210429 18:03:08.323"/>
</kw>
<status status="PASS" starttime="20210429 18:03:08.303" endtime="20210429 18:03:08.323"/>
</kw>
<kw name="Submit ClassInfo" library="resource">
<kw name="Click Button" library="SeleniumLibrary">
<arg>submit_button</arg>
<doc>Clicks the button identified by ``locator``.</doc>
<msg timestamp="20210429 18:03:08.324" level="INFO">Clicking button 'submit_button'.</msg>
<status status="PASS" starttime="20210429 18:03:08.323" endtime="20210429 18:03:08.358"/>
</kw>
<status status="PASS" starttime="20210429 18:03:08.323" endtime="20210429 18:03:08.359"/>
</kw>
<kw name="Class Creation Should Have Failed">
<kw name="Location Should Be" library="SeleniumLibrary">
<arg>${CREATE_CLASS_ERR URL}</arg>
<doc>Verifies that the current URL is exactly ``url``.</doc>
<msg timestamp="20210429 18:03:08.361" level="INFO">Current location is 'http://localhost:7272/classCreationError.html'.</msg>
<status status="PASS" starttime="20210429 18:03:08.359" endtime="20210429 18:03:08.361"/>
</kw>
<kw name="Title Should Be" library="SeleniumLibrary">
<arg>Error Page</arg>
<doc>Verifies that the current page title equals ``title``.</doc>
<msg timestamp="20210429 18:03:08.363" level="INFO">Page title is 'Error Page'.</msg>
<status status="PASS" starttime="20210429 18:03:08.361" endtime="20210429 18:03:08.363"/>
</kw>
<status status="PASS" starttime="20210429 18:03:08.359" endtime="20210429 18:03:08.363"/>
</kw>
<status status="PASS" starttime="20210429 18:03:08.171" endtime="20210429 18:03:08.363"/>
</kw>
<status status="PASS" starttime="20210429 18:03:08.149" endtime="20210429 18:03:08.363"/>
</test>
<test id="s1-t6" name="EMPTY Desc And LangVal">
<kw name="Go To Create Class Page" library="resource" type="SETUP">
<kw name="Go To" library="SeleniumLibrary">
<arg>${CREATE_CLASS URL}</arg>
<doc>Navigates the current browser window to the provided ``url``.</doc>
<msg timestamp="20210429 18:03:08.365" level="INFO">Opening url 'http://localhost:7272/createClass.html'</msg>
<status status="PASS" starttime="20210429 18:03:08.365" endtime="20210429 18:03:08.385"/>
</kw>
<kw name="Create Class Page Should Be Open" library="resource">
<kw name="Title Should Be" library="SeleniumLibrary">
<arg>Create class</arg>
<doc>Verifies that the current page title equals ``title``.</doc>
<msg timestamp="20210429 18:03:08.388" level="INFO">Page title is 'Create class'.</msg>
<status status="PASS" starttime="20210429 18:03:08.386" endtime="20210429 18:03:08.388"/>
</kw>
<status status="PASS" starttime="20210429 18:03:08.386" endtime="20210429 18:03:08.388"/>
</kw>
<status status="PASS" starttime="20210429 18:03:08.365" endtime="20210429 18:03:08.388"/>
</kw>
<kw name="Create Class With Invalid ClassInfo Should Fail">
<arg>${VALID ClassTitle}</arg>
<arg>${EMPTY}</arg>
<arg>2</arg>
<arg>0</arg>
<kw name="Input Class Title" library="resource">
<arg>${classTitle}</arg>
<kw name="Input Text" library="SeleniumLibrary">
<arg>title_field</arg>
<arg>${classTitle}</arg>
<doc>Types the given ``text`` into the text field identified by ``locator``.</doc>
<msg timestamp="20210429 18:03:08.389" level="INFO">Typing text 'Yoga' into text field 'title_field'.</msg>
<status status="PASS" starttime="20210429 18:03:08.389" endtime="20210429 18:03:08.437"/>
</kw>
<status status="PASS" starttime="20210429 18:03:08.389" endtime="20210429 18:03:08.437"/>
</kw>
<kw name="Input Class DESC" library="resource">
<arg>${DESC}</arg>
<kw name="Input Text" library="SeleniumLibrary">
<arg>description_field</arg>
<arg>${DESC}</arg>
<doc>Types the given ``text`` into the text field identified by ``locator``.</doc>
<msg timestamp="20210429 18:03:08.437" level="INFO">Typing text '' into text field 'description_field'.</msg>
<status status="PASS" starttime="20210429 18:03:08.437" endtime="20210429 18:03:08.475"/>
</kw>
<status status="PASS" starttime="20210429 18:03:08.437" endtime="20210429 18:03:08.475"/>
</kw>
<kw name="Choose Class Diffculty" library="resource">
<arg>${diffVal}</arg>
<kw name="Select From List By Value" library="SeleniumLibrary">
<arg>xpath://*[@id="difficulty_field"]</arg>
<arg>${value}</arg>
<doc>Selects options from selection list ``locator`` by ``values``.</doc>
<msg timestamp="20210429 18:03:08.476" level="INFO">Selecting options from selection list 'xpath://*[@id="difficulty_field"]' by value 2.</msg>
<status status="PASS" starttime="20210429 18:03:08.476" endtime="20210429 18:03:08.509"/>
</kw>
<status status="PASS" starttime="20210429 18:03:08.475" endtime="20210429 18:03:08.509"/>
</kw>
<kw name="Choose language" library="resource">
<arg>${langVal}</arg>
<kw name="Select From List By Value" library="SeleniumLibrary">
<arg>xpath://*[@id="language_field"]</arg>
<arg>${value}</arg>
<doc>Selects options from selection list ``locator`` by ``values``.</doc>
<msg timestamp="20210429 18:03:08.510" level="INFO">Selecting options from selection list 'xpath://*[@id="language_field"]' by value 0.</msg>
<status status="PASS" starttime="20210429 18:03:08.509" endtime="20210429 18:03:08.529"/>
</kw>
<status status="PASS" starttime="20210429 18:03:08.509" endtime="20210429 18:03:08.529"/>
</kw>
<kw name="Submit ClassInfo" library="resource">
<kw name="Click Button" library="SeleniumLibrary">
<arg>submit_button</arg>
<doc>Clicks the button identified by ``locator``.</doc>
<msg timestamp="20210429 18:03:08.530" level="INFO">Clicking button 'submit_button'.</msg>
<status status="PASS" starttime="20210429 18:03:08.530" endtime="20210429 18:03:08.573"/>
</kw>
<status status="PASS" starttime="20210429 18:03:08.529" endtime="20210429 18:03:08.573"/>
</kw>
<kw name="Class Creation Should Have Failed">
<kw name="Location Should Be" library="SeleniumLibrary">
<arg>${CREATE_CLASS_ERR URL}</arg>
<doc>Verifies that the current URL is exactly ``url``.</doc>
<msg timestamp="20210429 18:03:08.576" level="INFO">Current location is 'http://localhost:7272/classCreationError.html'.</msg>
<status status="PASS" starttime="20210429 18:03:08.573" endtime="20210429 18:03:08.576"/>
</kw>
<kw name="Title Should Be" library="SeleniumLibrary">
<arg>Error Page</arg>
<doc>Verifies that the current page title equals ``title``.</doc>
<msg timestamp="20210429 18:03:08.578" level="INFO">Page title is 'Error Page'.</msg>
<status status="PASS" starttime="20210429 18:03:08.576" endtime="20210429 18:03:08.578"/>
</kw>
<status status="PASS" starttime="20210429 18:03:08.573" endtime="20210429 18:03:08.578"/>
</kw>
<status status="PASS" starttime="20210429 18:03:08.388" endtime="20210429 18:03:08.578"/>
</kw>
<status status="PASS" starttime="20210429 18:03:08.364" endtime="20210429 18:03:08.578"/>
</test>
<test id="s1-t7" name="EMPTY Desc And DiffVal">
<kw name="Go To Create Class Page" library="resource" type="SETUP">
<kw name="Go To" library="SeleniumLibrary">
<arg>${CREATE_CLASS URL}</arg>
<doc>Navigates the current browser window to the provided ``url``.</doc>
<msg timestamp="20210429 18:03:08.580" level="INFO">Opening url 'http://localhost:7272/createClass.html'</msg>
<status status="PASS" starttime="20210429 18:03:08.580" endtime="20210429 18:03:08.598"/>
</kw>
<kw name="Create Class Page Should Be Open" library="resource">
<kw name="Title Should Be" library="SeleniumLibrary">
<arg>Create class</arg>
<doc>Verifies that the current page title equals ``title``.</doc>
<msg timestamp="20210429 18:03:08.601" level="INFO">Page title is 'Create class'.</msg>
<status status="PASS" starttime="20210429 18:03:08.599" endtime="20210429 18:03:08.601"/>
</kw>
<status status="PASS" starttime="20210429 18:03:08.599" endtime="20210429 18:03:08.601"/>
</kw>
<status status="PASS" starttime="20210429 18:03:08.580" endtime="20210429 18:03:08.601"/>
</kw>
<kw name="Create Class With Invalid ClassInfo Should Fail">
<arg>${VALID ClassTitle}</arg>
<arg>${EMPTY}</arg>
<arg>0</arg>
<arg>1</arg>
<kw name="Input Class Title" library="resource">
<arg>${classTitle}</arg>
<kw name="Input Text" library="SeleniumLibrary">
<arg>title_field</arg>
<arg>${classTitle}</arg>
<doc>Types the given ``text`` into the text field identified by ``locator``.</doc>
<msg timestamp="20210429 18:03:08.602" level="INFO">Typing text 'Yoga' into text field 'title_field'.</msg>
<status status="PASS" starttime="20210429 18:03:08.602" endtime="20210429 18:03:08.650"/>
</kw>
<status status="PASS" starttime="20210429 18:03:08.602" endtime="20210429 18:03:08.650"/>
</kw>
<kw name="Input Class DESC" library="resource">
<arg>${DESC}</arg>
<kw name="Input Text" library="SeleniumLibrary">
<arg>description_field</arg>
<arg>${DESC}</arg>
<doc>Types the given ``text`` into the text field identified by ``locator``.</doc>
<msg timestamp="20210429 18:03:08.651" level="INFO">Typing text '' into text field 'description_field'.</msg>
<status status="PASS" starttime="20210429 18:03:08.651" endtime="20210429 18:03:08.687"/>
</kw>
<status status="PASS" starttime="20210429 18:03:08.650" endtime="20210429 18:03:08.687"/>
</kw>
<kw name="Choose Class Diffculty" library="resource">
<arg>${diffVal}</arg>
<kw name="Select From List By Value" library="SeleniumLibrary">
<arg>xpath://*[@id="difficulty_field"]</arg>
<arg>${value}</arg>
<doc>Selects options from selection list ``locator`` by ``values``.</doc>
<msg timestamp="20210429 18:03:08.688" level="INFO">Selecting options from selection list 'xpath://*[@id="difficulty_field"]' by value 0.</msg>
<status status="PASS" starttime="20210429 18:03:08.688" endtime="20210429 18:03:08.708"/>
</kw>
<status status="PASS" starttime="20210429 18:03:08.688" endtime="20210429 18:03:08.708"/>
</kw>
<kw name="Choose language" library="resource">
<arg>${langVal}</arg>
<kw name="Select From List By Value" library="SeleniumLibrary">
<arg>xpath://*[@id="language_field"]</arg>
<arg>${value}</arg>
<doc>Selects options from selection list ``locator`` by ``values``.</doc>
<msg timestamp="20210429 18:03:08.709" level="INFO">Selecting options from selection list 'xpath://*[@id="language_field"]' by value 1.</msg>
<status status="PASS" starttime="20210429 18:03:08.708" endtime="20210429 18:03:08.738"/>
</kw>
<status status="PASS" starttime="20210429 18:03:08.708" endtime="20210429 18:03:08.739"/>
</kw>
<kw name="Submit ClassInfo" library="resource">
<kw name="Click Button" library="SeleniumLibrary">
<arg>submit_button</arg>
<doc>Clicks the button identified by ``locator``.</doc>
<msg timestamp="20210429 18:03:08.739" level="INFO">Clicking button 'submit_button'.</msg>
<status status="PASS" starttime="20210429 18:03:08.739" endtime="20210429 18:03:08.782"/>
</kw>
<status status="PASS" starttime="20210429 18:03:08.739" endtime="20210429 18:03:08.783"/>
</kw>
<kw name="Class Creation Should Have Failed">
<kw name="Location Should Be" library="SeleniumLibrary">
<arg>${CREATE_CLASS_ERR URL}</arg>
<doc>Verifies that the current URL is exactly ``url``.</doc>
<msg timestamp="20210429 18:03:08.785" level="INFO">Current location is 'http://localhost:7272/classCreationError.html'.</msg>
<status status="PASS" starttime="20210429 18:03:08.783" endtime="20210429 18:03:08.785"/>
</kw>
<kw name="Title Should Be" library="SeleniumLibrary">
<arg>Error Page</arg>
<doc>Verifies that the current page title equals ``title``.</doc>
<msg timestamp="20210429 18:03:08.787" level="INFO">Page title is 'Error Page'.</msg>
<status status="PASS" starttime="20210429 18:03:08.785" endtime="20210429 18:03:08.787"/>
</kw>
<status status="PASS" starttime="20210429 18:03:08.783" endtime="20210429 18:03:08.787"/>
</kw>
<status status="PASS" starttime="20210429 18:03:08.601" endtime="20210429 18:03:08.787"/>
</kw>
<status status="PASS" starttime="20210429 18:03:08.579" endtime="20210429 18:03:08.788"/>
</test>
<test id="s1-t8" name="EMPTY classTitle And LangVal">
<kw name="Go To Create Class Page" library="resource" type="SETUP">
<kw name="Go To" library="SeleniumLibrary">
<arg>${CREATE_CLASS URL}</arg>
<doc>Navigates the current browser window to the provided ``url``.</doc>
<msg timestamp="20210429 18:03:08.789" level="INFO">Opening url 'http://localhost:7272/createClass.html'</msg>
<status status="PASS" starttime="20210429 18:03:08.789" endtime="20210429 18:03:08.807"/>
</kw>
<kw name="Create Class Page Should Be Open" library="resource">
<kw name="Title Should Be" library="SeleniumLibrary">
<arg>Create class</arg>
<doc>Verifies that the current page title equals ``title``.</doc>
<msg timestamp="20210429 18:03:08.809" level="INFO">Page title is 'Create class'.</msg>
<status status="PASS" starttime="20210429 18:03:08.808" endtime="20210429 18:03:08.809"/>
</kw>
<status status="PASS" starttime="20210429 18:03:08.807" endtime="20210429 18:03:08.810"/>
</kw>
<status status="PASS" starttime="20210429 18:03:08.789" endtime="20210429 18:03:08.810"/>
</kw>
<kw name="Create Class With Invalid ClassInfo Should Fail">
<arg>${EMPTY}</arg>
<arg>${VALID DESC}</arg>
<arg>3</arg>
<arg>0</arg>
<kw name="Input Class Title" library="resource">
<arg>${classTitle}</arg>
<kw name="Input Text" library="SeleniumLibrary">
<arg>title_field</arg>
<arg>${classTitle}</arg>
<doc>Types the given ``text`` into the text field identified by ``locator``.</doc>
<msg timestamp="20210429 18:03:08.811" level="INFO">Typing text '' into text field 'title_field'.</msg>
<status status="PASS" starttime="20210429 18:03:08.811" endtime="20210429 18:03:08.850"/>
</kw>
<status status="PASS" starttime="20210429 18:03:08.810" endtime="20210429 18:03:08.850"/>
</kw>
<kw name="Input Class DESC" library="resource">
<arg>${DESC}</arg>
<kw name="Input Text" library="SeleniumLibrary">
<arg>description_field</arg>
<arg>${DESC}</arg>
<doc>Types the given ``text`` into the text field identified by ``locator``.</doc>
<msg timestamp="20210429 18:03:08.850" level="INFO">Typing text 'Here is Yoga description' into text field 'description_field'.</msg>
<status status="PASS" starttime="20210429 18:03:08.850" endtime="20210429 18:03:08.921"/>
</kw>
<status status="PASS" starttime="20210429 18:03:08.850" endtime="20210429 18:03:08.921"/>
</kw>
<kw name="Choose Class Diffculty" library="resource">
<arg>${diffVal}</arg>
<kw name="Select From List By Value" library="SeleniumLibrary">
<arg>xpath://*[@id="difficulty_field"]</arg>
<arg>${value}</arg>
<doc>Selects options from selection list ``locator`` by ``values``.</doc>
<msg timestamp="20210429 18:03:08.922" level="INFO">Selecting options from selection list 'xpath://*[@id="difficulty_field"]' by value 3.</msg>
<status status="PASS" starttime="20210429 18:03:08.921" endtime="20210429 18:03:08.956"/>
</kw>
<status status="PASS" starttime="20210429 18:03:08.921" endtime="20210429 18:03:08.956"/>
</kw>
<kw name="Choose language" library="resource">
<arg>${langVal}</arg>
<kw name="Select From List By Value" library="SeleniumLibrary">
<arg>xpath://*[@id="language_field"]</arg>
<arg>${value}</arg>
<doc>Selects options from selection list ``locator`` by ``values``.</doc>
<msg timestamp="20210429 18:03:08.957" level="INFO">Selecting options from selection list 'xpath://*[@id="language_field"]' by value 0.</msg>
<status status="PASS" starttime="20210429 18:03:08.957" endtime="20210429 18:03:08.977"/>
</kw>
<status status="PASS" starttime="20210429 18:03:08.956" endtime="20210429 18:03:08.978"/>
</kw>
<kw name="Submit ClassInfo" library="resource">
<kw name="Click Button" library="SeleniumLibrary">
<arg>submit_button</arg>
<doc>Clicks the button identified by ``locator``.</doc>
<msg timestamp="20210429 18:03:08.978" level="INFO">Clicking button 'submit_button'.</msg>
<status status="PASS" starttime="20210429 18:03:08.978" endtime="20210429 18:03:09.019"/>
</kw>
<status status="PASS" starttime="20210429 18:03:08.978" endtime="20210429 18:03:09.019"/>
</kw>
<kw name="Class Creation Should Have Failed">
<kw name="Location Should Be" library="SeleniumLibrary">
<arg>${CREATE_CLASS_ERR URL}</arg>
<doc>Verifies that the current URL is exactly ``url``.</doc>
<msg timestamp="20210429 18:03:09.022" level="INFO">Current location is 'http://localhost:7272/classCreationError.html'.</msg>
<status status="PASS" starttime="20210429 18:03:09.019" endtime="20210429 18:03:09.022"/>
</kw>
<kw name="Title Should Be" library="SeleniumLibrary">
<arg>Error Page</arg>
<doc>Verifies that the current page title equals ``title``.</doc>
<msg timestamp="20210429 18:03:09.024" level="INFO">Page title is 'Error Page'.</msg>
<status status="PASS" starttime="20210429 18:03:09.022" endtime="20210429 18:03:09.024"/>
</kw>
<status status="PASS" starttime="20210429 18:03:09.019" endtime="20210429 18:03:09.024"/>
</kw>
<status status="PASS" starttime="20210429 18:03:08.810" endtime="20210429 18:03:09.024"/>
</kw>
<status status="PASS" starttime="20210429 18:03:08.789" endtime="20210429 18:03:09.024"/>
</test>
<test id="s1-t9" name="EMPTY classTitle And DiffVal">
<kw name="Go To Create Class Page" library="resource" type="SETUP">
<kw name="Go To" library="SeleniumLibrary">
<arg>${CREATE_CLASS URL}</arg>
<doc>Navigates the current browser window to the provided ``url``.</doc>
<msg timestamp="20210429 18:03:09.026" level="INFO">Opening url 'http://localhost:7272/createClass.html'</msg>
<status status="PASS" starttime="20210429 18:03:09.026" endtime="20210429 18:03:09.044"/>
</kw>
<kw name="Create Class Page Should Be Open" library="resource">
<kw name="Title Should Be" library="SeleniumLibrary">
<arg>Create class</arg>
<doc>Verifies that the current page title equals ``title``.</doc>
<msg timestamp="20210429 18:03:09.046" level="INFO">Page title is 'Create class'.</msg>
<status status="PASS" starttime="20210429 18:03:09.044" endtime="20210429 18:03:09.046"/>
</kw>
<status status="PASS" starttime="20210429 18:03:09.044" endtime="20210429 18:03:09.047"/>
</kw>
<status status="PASS" starttime="20210429 18:03:09.026" endtime="20210429 18:03:09.047"/>
</kw>
<kw name="Create Class With Invalid ClassInfo Should Fail">
<arg>${EMPTY}</arg>
<arg>${VALID DESC}</arg>
<arg>0</arg>
<arg>3</arg>
<kw name="Input Class Title" library="resource">
<arg>${classTitle}</arg>
<kw name="Input Text" library="SeleniumLibrary">
<arg>title_field</arg>
<arg>${classTitle}</arg>
<doc>Types the given ``text`` into the text field identified by ``locator``.</doc>
<msg timestamp="20210429 18:03:09.048" level="INFO">Typing text '' into text field 'title_field'.</msg>
<status status="PASS" starttime="20210429 18:03:09.048" endtime="20210429 18:03:09.085"/>
</kw>
<status status="PASS" starttime="20210429 18:03:09.047" endtime="20210429 18:03:09.086"/>
</kw>
<kw name="Input Class DESC" library="resource">
<arg>${DESC}</arg>
<kw name="Input Text" library="SeleniumLibrary">
<arg>description_field</arg>
<arg>${DESC}</arg>
<doc>Types the given ``text`` into the text field identified by ``locator``.</doc>
<msg timestamp="20210429 18:03:09.086" level="INFO">Typing text 'Here is Yoga description' into text field 'description_field'.</msg>
<status status="PASS" starttime="20210429 18:03:09.086" endtime="20210429 18:03:09.154"/>
</kw>
<status status="PASS" starttime="20210429 18:03:09.086" endtime="20210429 18:03:09.154"/>
</kw>
<kw name="Choose Class Diffculty" library="resource">
<arg>${diffVal}</arg>
<kw name="Select From List By Value" library="SeleniumLibrary">
<arg>xpath://*[@id="difficulty_field"]</arg>
<arg>${value}</arg>
<doc>Selects options from selection list ``locator`` by ``values``.</doc>
<msg timestamp="20210429 18:03:09.154" level="INFO">Selecting options from selection list 'xpath://*[@id="difficulty_field"]' by value 0.</msg>
<status status="PASS" starttime="20210429 18:03:09.154" endtime="20210429 18:03:09.173"/>
</kw>
<status status="PASS" starttime="20210429 18:03:09.154" endtime="20210429 18:03:09.173"/>
</kw>
<kw name="Choose language" library="resource">
<arg>${langVal}</arg>
<kw name="Select From List By Value" library="SeleniumLibrary">
<arg>xpath://*[@id="language_field"]</arg>
<arg>${value}</arg>
<doc>Selects options from selection list ``locator`` by ``values``.</doc>
<msg timestamp="20210429 18:03:09.173" level="INFO">Selecting options from selection list 'xpath://*[@id="language_field"]' by value 3.</msg>
<status status="PASS" starttime="20210429 18:03:09.173" endtime="20210429 18:03:09.205"/>
</kw>
<status status="PASS" starttime="20210429 18:03:09.173" endtime="20210429 18:03:09.205"/>
</kw>
<kw name="Submit ClassInfo" library="resource">
<kw name="Click Button" library="SeleniumLibrary">
<arg>submit_button</arg>
<doc>Clicks the button identified by ``locator``.</doc>
<msg timestamp="20210429 18:03:09.206" level="INFO">Clicking button 'submit_button'.</msg>
<status status="PASS" starttime="20210429 18:03:09.205" endtime="20210429 18:03:09.250"/>
</kw>
<status status="PASS" starttime="20210429 18:03:09.205" endtime="20210429 18:03:09.250"/>
</kw>
<kw name="Class Creation Should Have Failed">
<kw name="Location Should Be" library="SeleniumLibrary">
<arg>${CREATE_CLASS_ERR URL}</arg>
<doc>Verifies that the current URL is exactly ``url``.</doc>
<msg timestamp="20210429 18:03:09.253" level="INFO">Current location is 'http://localhost:7272/classCreationError.html'.</msg>
<status status="PASS" starttime="20210429 18:03:09.250" endtime="20210429 18:03:09.253"/>
</kw>
<kw name="Title Should Be" library="SeleniumLibrary">
<arg>Error Page</arg>
<doc>Verifies that the current page title equals ``title``.</doc>
<msg timestamp="20210429 18:03:09.255" level="INFO">Page title is 'Error Page'.</msg>
<status status="PASS" starttime="20210429 18:03:09.253" endtime="20210429 18:03:09.255"/>
</kw>
<status status="PASS" starttime="20210429 18:03:09.250" endtime="20210429 18:03:09.255"/>
</kw>
<status status="PASS" starttime="20210429 18:03:09.047" endtime="20210429 18:03:09.255"/>
</kw>
<status status="PASS" starttime="20210429 18:03:09.025" endtime="20210429 18:03:09.255"/>
</test>
<test id="s1-t10" name="EMPTY classTitle And Desc">
<kw name="Go To Create Class Page" library="resource" type="SETUP">
<kw name="Go To" library="SeleniumLibrary">
<arg>${CREATE_CLASS URL}</arg>
<doc>Navigates the current browser window to the provided ``url``.</doc>
<msg timestamp="20210429 18:03:09.258" level="INFO">Opening url 'http://localhost:7272/createClass.html'</msg>
<status status="PASS" starttime="20210429 18:03:09.258" endtime="20210429 18:03:09.277"/>
</kw>
<kw name="Create Class Page Should Be Open" library="resource">
<kw name="Title Should Be" library="SeleniumLibrary">
<arg>Create class</arg>
<doc>Verifies that the current page title equals ``title``.</doc>
<msg timestamp="20210429 18:03:09.280" level="INFO">Page title is 'Create class'.</msg>
<status status="PASS" starttime="20210429 18:03:09.277" endtime="20210429 18:03:09.280"/>
</kw>
<status status="PASS" starttime="20210429 18:03:09.277" endtime="20210429 18:03:09.280"/>
</kw>
<status status="PASS" starttime="20210429 18:03:09.258" endtime="20210429 18:03:09.280"/>
</kw>
<kw name="Create Class With Invalid ClassInfo Should Fail">
<arg>${EMPTY}</arg>
<arg>${EMPTY}</arg>
<arg>2</arg>
<arg>2</arg>
<kw name="Input Class Title" library="resource">
<arg>${classTitle}</arg>
<kw name="Input Text" library="SeleniumLibrary">
<arg>title_field</arg>
<arg>${classTitle}</arg>
<doc>Types the given ``text`` into the text field identified by ``locator``.</doc>
<msg timestamp="20210429 18:03:09.282" level="INFO">Typing text '' into text field 'title_field'.</msg>
<status status="PASS" starttime="20210429 18:03:09.282" endtime="20210429 18:03:09.321"/>
</kw>
<status status="PASS" starttime="20210429 18:03:09.281" endtime="20210429 18:03:09.321"/>
</kw>
<kw name="Input Class DESC" library="resource">
<arg>${DESC}</arg>
<kw name="Input Text" library="SeleniumLibrary">
<arg>description_field</arg>
<arg>${DESC}</arg>
<doc>Types the given ``text`` into the text field identified by ``locator``.</doc>
<msg timestamp="20210429 18:03:09.322" level="INFO">Typing text '' into text field 'description_field'.</msg>
<status status="PASS" starttime="20210429 18:03:09.322" endtime="20210429 18:03:09.360"/>
</kw>
<status status="PASS" starttime="20210429 18:03:09.321" endtime="20210429 18:03:09.360"/>
</kw>
<kw name="Choose Class Diffculty" library="resource">
<arg>${diffVal}</arg>
<kw name="Select From List By Value" library="SeleniumLibrary">
<arg>xpath://*[@id="difficulty_field"]</arg>
<arg>${value}</arg>
<doc>Selects options from selection list ``locator`` by ``values``.</doc>
<msg timestamp="20210429 18:03:09.361" level="INFO">Selecting options from selection list 'xpath://*[@id="difficulty_field"]' by value 2.</msg>
<status status="PASS" starttime="20210429 18:03:09.361" endtime="20210429 18:03:09.397"/>
</kw>
<status status="PASS" starttime="20210429 18:03:09.360" endtime="20210429 18:03:09.397"/>
</kw>
<kw name="Choose language" library="resource">
<arg>${langVal}</arg>
<kw name="Select From List By Value" library="SeleniumLibrary">
<arg>xpath://*[@id="language_field"]</arg>
<arg>${value}</arg>
<doc>Selects options from selection list ``locator`` by ``values``.</doc>
<msg timestamp="20210429 18:03:09.398" level="INFO">Selecting options from selection list 'xpath://*[@id="language_field"]' by value 2.</msg>
<status status="PASS" starttime="20210429 18:03:09.398" endtime="20210429 18:03:09.428"/>
</kw>
<status status="PASS" starttime="20210429 18:03:09.397" endtime="20210429 18:03:09.429"/>
</kw>
<kw name="Submit ClassInfo" library="resource">
<kw name="Click Button" library="SeleniumLibrary">
<arg>submit_button</arg>
<doc>Clicks the button identified by ``locator``.</doc>
<msg timestamp="20210429 18:03:09.429" level="INFO">Clicking button 'submit_button'.</msg>
<status status="PASS" starttime="20210429 18:03:09.429" endtime="20210429 18:03:09.474"/>
</kw>
<status status="PASS" starttime="20210429 18:03:09.429" endtime="20210429 18:03:09.474"/>
</kw>
<kw name="Class Creation Should Have Failed">
<kw name="Location Should Be" library="SeleniumLibrary">
<arg>${CREATE_CLASS_ERR URL}</arg>
<doc>Verifies that the current URL is exactly ``url``.</doc>
<msg timestamp="20210429 18:03:09.476" level="INFO">Current location is 'http://localhost:7272/classCreationError.html'.</msg>
<status status="PASS" starttime="20210429 18:03:09.474" endtime="20210429 18:03:09.476"/>
</kw>
<kw name="Title Should Be" library="SeleniumLibrary">
<arg>Error Page</arg>
<doc>Verifies that the current page title equals ``title``.</doc>
<msg timestamp="20210429 18:03:09.478" level="INFO">Page title is 'Error Page'.</msg>
<status status="PASS" starttime="20210429 18:03:09.476" endtime="20210429 18:03:09.478"/>
</kw>
<status status="PASS" starttime="20210429 18:03:09.474" endtime="20210429 18:03:09.478"/>
</kw>
<status status="PASS" starttime="20210429 18:03:09.281" endtime="20210429 18:03:09.478"/>
</kw>
<status status="PASS" starttime="20210429 18:03:09.257" endtime="20210429 18:03:09.478"/>
</test>
<test id="s1-t11" name="Empty LangVal">
<kw name="Go To Create Class Page" library="resource" type="SETUP">
<kw name="Go To" library="SeleniumLibrary">
<arg>${CREATE_CLASS URL}</arg>
<doc>Navigates the current browser window to the provided ``url``.</doc>
<msg timestamp="20210429 18:03:09.480" level="INFO">Opening url 'http://localhost:7272/createClass.html'</msg>
<status status="PASS" starttime="20210429 18:03:09.480" endtime="20210429 18:03:09.498"/>
</kw>
<kw name="Create Class Page Should Be Open" library="resource">
<kw name="Title Should Be" library="SeleniumLibrary">
<arg>Create class</arg>
<doc>Verifies that the current page title equals ``title``.</doc>
<msg timestamp="20210429 18:03:09.500" level="INFO">Page title is 'Create class'.</msg>
<status status="PASS" starttime="20210429 18:03:09.498" endtime="20210429 18:03:09.500"/>
</kw>
<status status="PASS" starttime="20210429 18:03:09.498" endtime="20210429 18:03:09.501"/>
</kw>
<status status="PASS" starttime="20210429 18:03:09.480" endtime="20210429 18:03:09.501"/>
</kw>
<kw name="Create Class With Invalid ClassInfo Should Fail">
<arg>${VALID ClassTitle}</arg>
<arg>${VALID DESC}</arg>
<arg>2</arg>
<arg>0</arg>
<kw name="Input Class Title" library="resource">
<arg>${classTitle}</arg>
<kw name="Input Text" library="SeleniumLibrary">
<arg>title_field</arg>
<arg>${classTitle}</arg>
<doc>Types the given ``text`` into the text field identified by ``locator``.</doc>
<msg timestamp="20210429 18:03:09.502" level="INFO">Typing text 'Yoga' into text field 'title_field'.</msg>
<status status="PASS" starttime="20210429 18:03:09.501" endtime="20210429 18:03:09.548"/>
</kw>
<status status="PASS" starttime="20210429 18:03:09.501" endtime="20210429 18:03:09.549"/>
</kw>
<kw name="Input Class DESC" library="resource">
<arg>${DESC}</arg>
<kw name="Input Text" library="SeleniumLibrary">
<arg>description_field</arg>
<arg>${DESC}</arg>
<doc>Types the given ``text`` into the text field identified by ``locator``.</doc>
<msg timestamp="20210429 18:03:09.549" level="INFO">Typing text 'Here is Yoga description' into text field 'description_field'.</msg>
<status status="PASS" starttime="20210429 18:03:09.549" endtime="20210429 18:03:09.618"/>
</kw>
<status status="PASS" starttime="20210429 18:03:09.549" endtime="20210429 18:03:09.618"/>
</kw>
<kw name="Choose Class Diffculty" library="resource">
<arg>${diffVal}</arg>
<kw name="Select From List By Value" library="SeleniumLibrary">
<arg>xpath://*[@id="difficulty_field"]</arg>
<arg>${value}</arg>
<doc>Selects options from selection list ``locator`` by ``values``.</doc>
<msg timestamp="20210429 18:03:09.618" level="INFO">Selecting options from selection list 'xpath://*[@id="difficulty_field"]' by value 2.</msg>
<status status="PASS" starttime="20210429 18:03:09.618" endtime="20210429 18:03:09.649"/>
</kw>
<status status="PASS" starttime="20210429 18:03:09.618" endtime="20210429 18:03:09.650"/>
</kw>
<kw name="Choose language" library="resource">
<arg>${langVal}</arg>
<kw name="Select From List By Value" library="SeleniumLibrary">
<arg>xpath://*[@id="language_field"]</arg>
<arg>${value}</arg>
<doc>Selects options from selection list ``locator`` by ``values``.</doc>
<msg timestamp="20210429 18:03:09.650" level="INFO">Selecting options from selection list 'xpath://*[@id="language_field"]' by value 0.</msg>
<status status="PASS" starttime="20210429 18:03:09.650" endtime="20210429 18:03:09.671"/>
</kw>
<status status="PASS" starttime="20210429 18:03:09.650" endtime="20210429 18:03:09.671"/>
</kw>
<kw name="Submit ClassInfo" library="resource">
<kw name="Click Button" library="SeleniumLibrary">
<arg>submit_button</arg>
<doc>Clicks the button identified by ``locator``.</doc>
<msg timestamp="20210429 18:03:09.671" level="INFO">Clicking button 'submit_button'.</msg>
<status status="PASS" starttime="20210429 18:03:09.671" endtime="20210429 18:03:09.719"/>
</kw>
<status status="PASS" starttime="20210429 18:03:09.671" endtime="20210429 18:03:09.719"/>
</kw>
<kw name="Class Creation Should Have Failed">
<kw name="Location Should Be" library="SeleniumLibrary">
<arg>${CREATE_CLASS_ERR URL}</arg>
<doc>Verifies that the current URL is exactly ``url``.</doc>
<msg timestamp="20210429 18:03:09.721" level="INFO">Current location is 'http://localhost:7272/classCreationError.html'.</msg>
<status status="PASS" starttime="20210429 18:03:09.719" endtime="20210429 18:03:09.721"/>
</kw>
<kw name="Title Should Be" library="SeleniumLibrary">
<arg>Error Page</arg>
<doc>Verifies that the current page title equals ``title``.</doc>
<msg timestamp="20210429 18:03:09.724" level="INFO">Page title is 'Error Page'.</msg>
<status status="PASS" starttime="20210429 18:03:09.721" endtime="20210429 18:03:09.724"/>
</kw>
<status status="PASS" starttime="20210429 18:03:09.719" endtime="20210429 18:03:09.724"/>
</kw>
<status status="PASS" starttime="20210429 18:03:09.501" endtime="20210429 18:03:09.724"/>
</kw>
<status status="PASS" starttime="20210429 18:03:09.480" endtime="20210429 18:03:09.725"/>
</test>
<test id="s1-t12" name="Empty DiffVal">
<kw name="Go To Create Class Page" library="resource" type="SETUP">
<kw name="Go To" library="SeleniumLibrary">
<arg>${CREATE_CLASS URL}</arg>
<doc>Navigates the current browser window to the provided ``url``.</doc>
<msg timestamp="20210429 18:03:09.726" level="INFO">Opening url 'http://localhost:7272/createClass.html'</msg>
<status status="PASS" starttime="20210429 18:03:09.726" endtime="20210429 18:03:09.738"/>
</kw>
<kw name="Create Class Page Should Be Open" library="resource">
<kw name="Title Should Be" library="SeleniumLibrary">
<arg>Create class</arg>
<doc>Verifies that the current page title equals ``title``.</doc>
<msg timestamp="20210429 18:03:09.741" level="INFO">Page title is 'Create class'.</msg>
<status status="PASS" starttime="20210429 18:03:09.739" endtime="20210429 18:03:09.741"/>
</kw>
<status status="PASS" starttime="20210429 18:03:09.738" endtime="20210429 18:03:09.741"/>
</kw>
<status status="PASS" starttime="20210429 18:03:09.726" endtime="20210429 18:03:09.741"/>
</kw>
<kw name="Create Class With Invalid ClassInfo Should Fail">
<arg>${VALID ClassTitle}</arg>
<arg>${VALID DESC}</arg>
<arg>0</arg>
<arg>1</arg>
<kw name="Input Class Title" library="resource">
<arg>${classTitle}</arg>
<kw name="Input Text" library="SeleniumLibrary">
<arg>title_field</arg>
<arg>${classTitle}</arg>
<doc>Types the given ``text`` into the text field identified by ``locator``.</doc>
<msg timestamp="20210429 18:03:09.742" level="INFO">Typing text 'Yoga' into text field 'title_field'.</msg>
<status status="PASS" starttime="20210429 18:03:09.742" endtime="20210429 18:03:09.788"/>
</kw>
<status status="PASS" starttime="20210429 18:03:09.742" endtime="20210429 18:03:09.788"/>
</kw>
<kw name="Input Class DESC" library="resource">
<arg>${DESC}</arg>
<kw name="Input Text" library="SeleniumLibrary">
<arg>description_field</arg>
<arg>${DESC}</arg>
<doc>Types the given ``text`` into the text field identified by ``locator``.</doc>
<msg timestamp="20210429 18:03:09.789" level="INFO">Typing text 'Here is Yoga description' into text field 'description_field'.</msg>
<status status="PASS" starttime="20210429 18:03:09.789" endtime="20210429 18:03:09.858"/>
</kw>
<status status="PASS" starttime="20210429 18:03:09.789" endtime="20210429 18:03:09.858"/>
</kw>
<kw name="Choose Class Diffculty" library="resource">
<arg>${diffVal}</arg>
<kw name="Select From List By Value" library="SeleniumLibrary">
<arg>xpath://*[@id="difficulty_field"]</arg>
<arg>${value}</arg>
<doc>Selects options from selection list ``locator`` by ``values``.</doc>
<msg timestamp="20210429 18:03:09.858" level="INFO">Selecting options from selection list 'xpath://*[@id="difficulty_field"]' by value 0.</msg>
<status status="PASS" starttime="20210429 18:03:09.858" endtime="20210429 18:03:09.877"/>
</kw>
<status status="PASS" starttime="20210429 18:03:09.858" endtime="20210429 18:03:09.877"/>
</kw>
<kw name="Choose language" library="resource">
<arg>${langVal}</arg>
<kw name="Select From List By Value" library="SeleniumLibrary">
<arg>xpath://*[@id="language_field"]</arg>
<arg>${value}</arg>
<doc>Selects options from selection list ``locator`` by ``values``.</doc>
<msg timestamp="20210429 18:03:09.877" level="INFO">Selecting options from selection list 'xpath://*[@id="language_field"]' by value 1.</msg>
<status status="PASS" starttime="20210429 18:03:09.877" endtime="20210429 18:03:09.911"/>
</kw>
<status status="PASS" starttime="20210429 18:03:09.877" endtime="20210429 18:03:09.912"/>
</kw>
<kw name="Submit ClassInfo" library="resource">
<kw name="Click Button" library="SeleniumLibrary">
<arg>submit_button</arg>
<doc>Clicks the button identified by ``locator``.</doc>
<msg timestamp="20210429 18:03:09.912" level="INFO">Clicking button 'submit_button'.</msg>
<status status="PASS" starttime="20210429 18:03:09.912" endtime="20210429 18:03:09.954"/>
</kw>
<status status="PASS" starttime="20210429 18:03:09.912" endtime="20210429 18:03:09.954"/>
</kw>
<kw name="Class Creation Should Have Failed">
<kw name="Location Should Be" library="SeleniumLibrary">
<arg>${CREATE_CLASS_ERR URL}</arg>
<doc>Verifies that the current URL is exactly ``url``.</doc>
<msg timestamp="20210429 18:03:09.956" level="INFO">Current location is 'http://localhost:7272/classCreationError.html'.</msg>
<status status="PASS" starttime="20210429 18:03:09.955" endtime="20210429 18:03:09.957"/>
</kw>
<kw name="Title Should Be" library="SeleniumLibrary">
<arg>Error Page</arg>
<doc>Verifies that the current page title equals ``title``.</doc>
<msg timestamp="20210429 18:03:09.958" level="INFO">Page title is 'Error Page'.</msg>
<status status="PASS" starttime="20210429 18:03:09.957" endtime="20210429 18:03:09.958"/>
</kw>
<status status="PASS" starttime="20210429 18:03:09.954" endtime="20210429 18:03:09.958"/>
</kw>
<status status="PASS" starttime="20210429 18:03:09.741" endtime="20210429 18:03:09.958"/>
</kw>
<status status="PASS" starttime="20210429 18:03:09.726" endtime="20210429 18:03:09.959"/>
</test>
<test id="s1-t13" name="Empty Desc">
<kw name="Go To Create Class Page" library="resource" type="SETUP">
<kw name="Go To" library="SeleniumLibrary">
<arg>${CREATE_CLASS URL}</arg>
<doc>Navigates the current browser window to the provided ``url``.</doc>
<msg timestamp="20210429 18:03:09.960" level="INFO">Opening url 'http://localhost:7272/createClass.html'</msg>
<status status="PASS" starttime="20210429 18:03:09.960" endtime="20210429 18:03:09.972"/>
</kw>
<kw name="Create Class Page Should Be Open" library="resource">
<kw name="Title Should Be" library="SeleniumLibrary">
<arg>Create class</arg>
<doc>Verifies that the current page title equals ``title``.</doc>
<msg timestamp="20210429 18:03:09.974" level="INFO">Page title is 'Create class'.</msg>
<status status="PASS" starttime="20210429 18:03:09.972" endtime="20210429 18:03:09.974"/>
</kw>
<status status="PASS" starttime="20210429 18:03:09.972" endtime="20210429 18:03:09.974"/>
</kw>
<status status="PASS" starttime="20210429 18:03:09.960" endtime="20210429 18:03:09.974"/>
</kw>
<kw name="Create Class With Invalid ClassInfo Should Fail">
<arg>${VALID ClassTitle}</arg>
<arg>${EMPTY}</arg>
<arg>1</arg>
<arg>2</arg>
<kw name="Input Class Title" library="resource">
<arg>${classTitle}</arg>
<kw name="Input Text" library="SeleniumLibrary">
<arg>title_field</arg>
<arg>${classTitle}</arg>
<doc>Types the given ``text`` into the text field identified by ``locator``.</doc>
<msg timestamp="20210429 18:03:09.976" level="INFO">Typing text 'Yoga' into text field 'title_field'.</msg>
<status status="PASS" starttime="20210429 18:03:09.975" endtime="20210429 18:03:10.023"/>
</kw>
<status status="PASS" starttime="20210429 18:03:09.975" endtime="20210429 18:03:10.024"/>
</kw>
<kw name="Input Class DESC" library="resource">
<arg>${DESC}</arg>
<kw name="Input Text" library="SeleniumLibrary">
<arg>description_field</arg>
<arg>${DESC}</arg>
<doc>Types the given ``text`` into the text field identified by ``locator``.</doc>
<msg timestamp="20210429 18:03:10.024" level="INFO">Typing text '' into text field 'description_field'.</msg>
<status status="PASS" starttime="20210429 18:03:10.024" endtime="20210429 18:03:10.063"/>
</kw>
<status status="PASS" starttime="20210429 18:03:10.024" endtime="20210429 18:03:10.064"/>
</kw>
<kw name="Choose Class Diffculty" library="resource">
<arg>${diffVal}</arg>
<kw name="Select From List By Value" library="SeleniumLibrary">
<arg>xpath://*[@id="difficulty_field"]</arg>
<arg>${value}</arg>
<doc>Selects options from selection list ``locator`` by ``values``.</doc>
<msg timestamp="20210429 18:03:10.064" level="INFO">Selecting options from selection list 'xpath://*[@id="difficulty_field"]' by value 1.</msg>
<status status="PASS" starttime="20210429 18:03:10.064" endtime="20210429 18:03:10.095"/>
</kw>
<status status="PASS" starttime="20210429 18:03:10.064" endtime="20210429 18:03:10.095"/>
</kw>
<kw name="Choose language" library="resource">
<arg>${langVal}</arg>
<kw name="Select From List By Value" library="SeleniumLibrary">
<arg>xpath://*[@id="language_field"]</arg>
<arg>${value}</arg>
<doc>Selects options from selection list ``locator`` by ``values``.</doc>
<msg timestamp="20210429 18:03:10.095" level="INFO">Selecting options from selection list 'xpath://*[@id="language_field"]' by value 2.</msg>
<status status="PASS" starttime="20210429 18:03:10.095" endtime="20210429 18:03:10.125"/>
</kw>
<status status="PASS" starttime="20210429 18:03:10.095" endtime="20210429 18:03:10.125"/>
</kw>
<kw name="Submit ClassInfo" library="resource">
<kw name="Click Button" library="SeleniumLibrary">
<arg>submit_button</arg>
<doc>Clicks the button identified by ``locator``.</doc>
<msg timestamp="20210429 18:03:10.125" level="INFO">Clicking button 'submit_button'.</msg>
<status status="PASS" starttime="20210429 18:03:10.125" endtime="20210429 18:03:10.158"/>
</kw>
<status status="PASS" starttime="20210429 18:03:10.125" endtime="20210429 18:03:10.158"/>
</kw>
<kw name="Class Creation Should Have Failed">
<kw name="Location Should Be" library="SeleniumLibrary">
<arg>${CREATE_CLASS_ERR URL}</arg>
<doc>Verifies that the current URL is exactly ``url``.</doc>
<msg timestamp="20210429 18:03:10.160" level="INFO">Current location is 'http://localhost:7272/classCreationError.html'.</msg>
<status status="PASS" starttime="20210429 18:03:10.158" endtime="20210429 18:03:10.161"/>
</kw>
<kw name="Title Should Be" library="SeleniumLibrary">
<arg>Error Page</arg>
<doc>Verifies that the current page title equals ``title``.</doc>
<msg timestamp="20210429 18:03:10.163" level="INFO">Page title is 'Error Page'.</msg>
<status status="PASS" starttime="20210429 18:03:10.161" endtime="20210429 18:03:10.163"/>
</kw>
<status status="PASS" starttime="20210429 18:03:10.158" endtime="20210429 18:03:10.163"/>
</kw>
<status status="PASS" starttime="20210429 18:03:09.975" endtime="20210429 18:03:10.163"/>
</kw>
<status status="PASS" starttime="20210429 18:03:09.960" endtime="20210429 18:03:10.163"/>
</test>
<test id="s1-t14" name="Empty classTitle">
<kw name="Go To Create Class Page" library="resource" type="SETUP">
<kw name="Go To" library="SeleniumLibrary">
<arg>${CREATE_CLASS URL}</arg>
<doc>Navigates the current browser window to the provided ``url``.</doc>
<msg timestamp="20210429 18:03:10.165" level="INFO">Opening url 'http://localhost:7272/createClass.html'</msg>
<status status="PASS" starttime="20210429 18:03:10.165" endtime="20210429 18:03:10.183"/>
</kw>
<kw name="Create Class Page Should Be Open" library="resource">
<kw name="Title Should Be" library="SeleniumLibrary">
<arg>Create class</arg>
<doc>Verifies that the current page title equals ``title``.</doc>
<msg timestamp="20210429 18:03:10.185" level="INFO">Page title is 'Create class'.</msg>
<status status="PASS" starttime="20210429 18:03:10.184" endtime="20210429 18:03:10.186"/>
</kw>
<status status="PASS" starttime="20210429 18:03:10.183" endtime="20210429 18:03:10.186"/>
</kw>
<status status="PASS" starttime="20210429 18:03:10.165" endtime="20210429 18:03:10.186"/>
</kw>
<kw name="Create Class With Invalid ClassInfo Should Fail">
<arg>${EMPTY}</arg>
<arg>${VALID DESC}</arg>
<arg>2</arg>
<arg>3</arg>
<kw name="Input Class Title" library="resource">
<arg>${classTitle}</arg>
<kw name="Input Text" library="SeleniumLibrary">
<arg>title_field</arg>
<arg>${classTitle}</arg>
<doc>Types the given ``text`` into the text field identified by ``locator``.</doc>
<msg timestamp="20210429 18:03:10.187" level="INFO">Typing text '' into text field 'title_field'.</msg>
<status status="PASS" starttime="20210429 18:03:10.187" endtime="20210429 18:03:10.226"/>
</kw>
<status status="PASS" starttime="20210429 18:03:10.187" endtime="20210429 18:03:10.227"/>
</kw>
<kw name="Input Class DESC" library="resource">
<arg>${DESC}</arg>
<kw name="Input Text" library="SeleniumLibrary">
<arg>description_field</arg>
<arg>${DESC}</arg>
<doc>Types the given ``text`` into the text field identified by ``locator``.</doc>
<msg timestamp="20210429 18:03:10.227" level="INFO">Typing text 'Here is Yoga description' into text field 'description_field'.</msg>
<status status="PASS" starttime="20210429 18:03:10.227" endtime="20210429 18:03:10.297"/>
</kw>
<status status="PASS" starttime="20210429 18:03:10.227" endtime="20210429 18:03:10.298"/>
</kw>
<kw name="Choose Class Diffculty" library="resource">
<arg>${diffVal}</arg>
<kw name="Select From List By Value" library="SeleniumLibrary">
<arg>xpath://*[@id="difficulty_field"]</arg>
<arg>${value}</arg>
<doc>Selects options from selection list ``locator`` by ``values``.</doc>
<msg timestamp="20210429 18:03:10.298" level="INFO">Selecting options from selection list 'xpath://*[@id="difficulty_field"]' by value 2.</msg>
<status status="PASS" starttime="20210429 18:03:10.298" endtime="20210429 18:03:10.327"/>
</kw>
<status status="PASS" starttime="20210429 18:03:10.298" endtime="20210429 18:03:10.327"/>
</kw>
<kw name="Choose language" library="resource">
<arg>${langVal}</arg>
<kw name="Select From List By Value" library="SeleniumLibrary">
<arg>xpath://*[@id="language_field"]</arg>
<arg>${value}</arg>
<doc>Selects options from selection list ``locator`` by ``values``.</doc>
<msg timestamp="20210429 18:03:10.328" level="INFO">Selecting options from selection list 'xpath://*[@id="language_field"]' by value 3.</msg>
<status status="PASS" starttime="20210429 18:03:10.328" endtime="20210429 18:03:10.357"/>
</kw>
<status status="PASS" starttime="20210429 18:03:10.327" endtime="20210429 18:03:10.357"/>
</kw>
<kw name="Submit ClassInfo" library="resource">
<kw name="Click Button" library="SeleniumLibrary">
<arg>submit_button</arg>
<doc>Clicks the button identified by ``locator``.</doc>
<msg timestamp="20210429 18:03:10.358" level="INFO">Clicking button 'submit_button'.</msg>
<status status="PASS" starttime="20210429 18:03:10.358" endtime="20210429 18:03:10.401"/>
</kw>
<status status="PASS" starttime="20210429 18:03:10.357" endtime="20210429 18:03:10.401"/>
</kw>
<kw name="Class Creation Should Have Failed">
<kw name="Location Should Be" library="SeleniumLibrary">
<arg>${CREATE_CLASS_ERR URL}</arg>
<doc>Verifies that the current URL is exactly ``url``.</doc>
<msg timestamp="20210429 18:03:10.404" level="INFO">Current location is 'http://localhost:7272/classCreationError.html'.</msg>
<status status="PASS" starttime="20210429 18:03:10.402" endtime="20210429 18:03:10.404"/>
</kw>
<kw name="Title Should Be" library="SeleniumLibrary">
<arg>Error Page</arg>
<doc>Verifies that the current page title equals ``title``.</doc>
<msg timestamp="20210429 18:03:10.406" level="INFO">Page title is 'Error Page'.</msg>
<status status="PASS" starttime="20210429 18:03:10.404" endtime="20210429 18:03:10.406"/>
</kw>
<status status="PASS" starttime="20210429 18:03:10.402" endtime="20210429 18:03:10.406"/>
</kw>
<status status="PASS" starttime="20210429 18:03:10.186" endtime="20210429 18:03:10.406"/>
</kw>
<status status="PASS" starttime="20210429 18:03:10.164" endtime="20210429 18:03:10.406"/>
</test>
<test id="s1-t15" name="Empty classTitle And DESC And Invalid diffVal And langVal">
<kw name="Go To Create Class Page" library="resource" type="SETUP">
<kw name="Go To" library="SeleniumLibrary">
<arg>${CREATE_CLASS URL}</arg>
<doc>Navigates the current browser window to the provided ``url``.</doc>
<msg timestamp="20210429 18:03:10.408" level="INFO">Opening url 'http://localhost:7272/createClass.html'</msg>
<status status="PASS" starttime="20210429 18:03:10.408" endtime="20210429 18:03:10.426"/>
</kw>
<kw name="Create Class Page Should Be Open" library="resource">
<kw name="Title Should Be" library="SeleniumLibrary">
<arg>Create class</arg>
<doc>Verifies that the current page title equals ``title``.</doc>
<msg timestamp="20210429 18:03:10.428" level="INFO">Page title is 'Create class'.</msg>
<status status="PASS" starttime="20210429 18:03:10.426" endtime="20210429 18:03:10.428"/>
</kw>
<status status="PASS" starttime="20210429 18:03:10.426" endtime="20210429 18:03:10.428"/>
</kw>
<status status="PASS" starttime="20210429 18:03:10.408" endtime="20210429 18:03:10.428"/>
</kw>
<kw name="Create Class With Invalid ClassInfo Should Fail">
<arg>${EMPTY}</arg>
<arg>${EMPTY}</arg>
<arg>0</arg>
<arg>0</arg>
<kw name="Input Class Title" library="resource">
<arg>${classTitle}</arg>
<kw name="Input Text" library="SeleniumLibrary">
<arg>title_field</arg>
<arg>${classTitle}</arg>
<doc>Types the given ``text`` into the text field identified by ``locator``.</doc>
<msg timestamp="20210429 18:03:10.429" level="INFO">Typing text '' into text field 'title_field'.</msg>
<status status="PASS" starttime="20210429 18:03:10.429" endtime="20210429 18:03:10.468"/>
</kw>
<status status="PASS" starttime="20210429 18:03:10.429" endtime="20210429 18:03:10.468"/>
</kw>
<kw name="Input Class DESC" library="resource">
<arg>${DESC}</arg>
<kw name="Input Text" library="SeleniumLibrary">
<arg>description_field</arg>
<arg>${DESC}</arg>
<doc>Types the given ``text`` into the text field identified by ``locator``.</doc>
<msg timestamp="20210429 18:03:10.469" level="INFO">Typing text '' into text field 'description_field'.</msg>
<status status="PASS" starttime="20210429 18:03:10.469" endtime="20210429 18:03:10.505"/>
</kw>
<status status="PASS" starttime="20210429 18:03:10.469" endtime="20210429 18:03:10.505"/>
</kw>
<kw name="Choose Class Diffculty" library="resource">
<arg>${diffVal}</arg>
<kw name="Select From List By Value" library="SeleniumLibrary">
<arg>xpath://*[@id="difficulty_field"]</arg>
<arg>${value}</arg>
<doc>Selects options from selection list ``locator`` by ``values``.</doc>
<msg timestamp="20210429 18:03:10.505" level="INFO">Selecting options from selection list 'xpath://*[@id="difficulty_field"]' by value 0.</msg>
<status status="PASS" starttime="20210429 18:03:10.505" endtime="20210429 18:03:10.528"/>
</kw>
<status status="PASS" starttime="20210429 18:03:10.505" endtime="20210429 18:03:10.528"/>
</kw>
<kw name="Choose language" library="resource">
<arg>${langVal}</arg>
<kw name="Select From List By Value" library="SeleniumLibrary">
<arg>xpath://*[@id="language_field"]</arg>
<arg>${value}</arg>
<doc>Selects options from selection list ``locator`` by ``values``.</doc>
<msg timestamp="20210429 18:03:10.529" level="INFO">Selecting options from selection list 'xpath://*[@id="language_field"]' by value 0.</msg>
<status status="PASS" starttime="20210429 18:03:10.528" endtime="20210429 18:03:10.548"/>
</kw>
<status status="PASS" starttime="20210429 18:03:10.528" endtime="20210429 18:03:10.548"/>
</kw>
<kw name="Submit ClassInfo" library="resource">
<kw name="Click Button" library="SeleniumLibrary">
<arg>submit_button</arg>
<doc>Clicks the button identified by ``locator``.</doc>
<msg timestamp="20210429 18:03:10.548" level="INFO">Clicking button 'submit_button'.</msg>
<status status="PASS" starttime="20210429 18:03:10.548" endtime="20210429 18:03:10.595"/>
</kw>
<status status="PASS" starttime="20210429 18:03:10.548" endtime="20210429 18:03:10.595"/>
</kw>
<kw name="Class Creation Should Have Failed">
<kw name="Location Should Be" library="SeleniumLibrary">
<arg>${CREATE_CLASS_ERR URL}</arg>
<doc>Verifies that the current URL is exactly ``url``.</doc>
<msg timestamp="20210429 18:03:10.597" level="INFO">Current location is 'http://localhost:7272/classCreationError.html'.</msg>
<status status="PASS" starttime="20210429 18:03:10.595" endtime="20210429 18:03:10.597"/>
</kw>
<kw name="Title Should Be" library="SeleniumLibrary">
<arg>Error Page</arg>
<doc>Verifies that the current page title equals ``title``.</doc>
<msg timestamp="20210429 18:03:10.599" level="INFO">Page title is 'Error Page'.</msg>
<status status="PASS" starttime="20210429 18:03:10.597" endtime="20210429 18:03:10.600"/>
</kw>
<status status="PASS" starttime="20210429 18:03:10.595" endtime="20210429 18:03:10.600"/>
</kw>
<status status="PASS" starttime="20210429 18:03:10.428" endtime="20210429 18:03:10.600"/>
</kw>
<status status="PASS" starttime="20210429 18:03:10.407" endtime="20210429 18:03:10.600"/>
</test>
<kw name="Close Browser" library="SeleniumLibrary" type="TEARDOWN">
<doc>Closes the current browser.</doc>
<status status="PASS" starttime="20210429 18:03:10.602" endtime="20210429 18:03:12.689"/>
</kw>
<doc>A test suite containing tests related to invalid class creation.

These tests are data-driven by their nature. They use a single
keyword, specified with Test Template setting, that is called
with different arguments to cover different scenarios.

This suite also demonstrates using setups and teardowns in
different levels.</doc>
<status status="PASS" starttime="20210429 18:03:05.595" endtime="20210429 18:03:12.689"/>
</suite>
<statistics>
<total>
<stat pass="15" fail="0" skip="0">All Tests</stat>
</total>
<tag>
</tag>
<suite>
<stat pass="15" fail="0" skip="0" id="s1" name="invalid ClassCreated">invalid ClassCreated</stat>
</suite>
</statistics>
<errors>
</errors>
</robot>
